<?xml version="1.0" encoding="UTF-8"?>
<coverage generated="1739672485709" clover="3.2.0">
  <project timestamp="1739672485709" name="All files">
    <metrics statements="108" coveredstatements="107" conditionals="61" coveredconditionals="51" methods="53" coveredmethods="53" elements="222" coveredelements="211" complexity="0" loc="108" ncloc="108" packages="2" files="5" classes="5"/>
    <package name="src">
      <metrics statements="16" coveredstatements="16" conditionals="8" coveredconditionals="8" methods="4" coveredmethods="4"/>
      <file name="App.tsx" path="/Users/bradleycarter/dev/meal-planner/frontend/src/App.tsx">
        <metrics statements="9" coveredstatements="9" conditionals="4" coveredconditionals="4" methods="4" coveredmethods="4"/>
        <line num="8" count="5" type="stmt"/>
        <line num="9" count="9" type="stmt"/>
        <line num="10" count="8" type="stmt"/>
        <line num="13" count="8" type="stmt"/>
        <line num="14" count="1" type="stmt"/>
        <line num="15" count="1" type="stmt"/>
        <line num="16" count="1" type="stmt"/>
        <line num="20" count="8" type="stmt"/>
        <line num="22" count="2" type="stmt"/>
      </file>
      <file name="index.tsx" path="/Users/bradleycarter/dev/meal-planner/frontend/src/index.tsx">
        <metrics statements="7" coveredstatements="7" conditionals="4" coveredconditionals="4" methods="0" coveredmethods="0"/>
        <line num="5" count="4" type="stmt"/>
        <line num="6" count="4" type="stmt"/>
        <line num="7" count="4" type="cond" truecount="2" falsecount="0"/>
        <line num="8" count="1" type="stmt"/>
        <line num="11" count="3" type="stmt"/>
        <line num="12" count="1" type="stmt"/>
        <line num="18" count="3" type="cond" truecount="2" falsecount="0"/>
      </file>
      <file name="types.ts" path="/Users/bradleycarter/dev/meal-planner/frontend/src/types.ts">
        <metrics statements="0" coveredstatements="0" conditionals="0" coveredconditionals="0" methods="0" coveredmethods="0"/>
      </file>
    </package>
    <package name="src.components">
      <metrics statements="92" coveredstatements="91" conditionals="53" coveredconditionals="43" methods="49" coveredmethods="49"/>
      <file name="MealManagementTab.tsx" path="/Users/bradleycarter/dev/meal-planner/frontend/src/components/MealManagementTab.tsx">
        <metrics statements="52" coveredstatements="52" conditionals="33" coveredconditionals="26" methods="27" coveredmethods="27"/>
        <line num="22" count="6" type="stmt"/>
        <line num="23" count="86" type="stmt"/>
        <line num="24" count="86" type="stmt"/>
        <line num="25" count="86" type="stmt"/>
        <line num="26" count="86" type="stmt"/>
        <line num="27" count="86" type="stmt"/>
        <line num="30" count="86" type="stmt"/>
        <line num="31" count="8" type="cond" truecount="1" falsecount="1"/>
        <line num="32" count="8" type="stmt"/>
        <line num="36" count="86" type="stmt"/>
        <line num="37" count="4" type="stmt"/>
        <line num="38" count="4" type="stmt"/>
        <line num="42" count="86" type="stmt"/>
        <line num="43" count="4" type="cond" truecount="1" falsecount="1"/>
        <line num="44" count="4" type="stmt"/>
        <line num="51" count="86" type="stmt"/>
        <line num="52" count="2" type="cond" truecount="3" falsecount="1"/>
        <line num="55" count="2" type="stmt"/>
        <line num="60" count="1" type="stmt"/>
        <line num="62" count="1" type="stmt"/>
        <line num="63" count="1" type="stmt"/>
        <line num="64" count="1" type="stmt"/>
        <line num="66" count="1" type="stmt"/>
        <line num="70" count="86" type="stmt"/>
        <line num="71" count="5" type="cond" truecount="1" falsecount="1"/>
        <line num="72" count="5" type="stmt"/>
        <line num="75" count="4" type="stmt"/>
        <line num="77" count="4" type="stmt"/>
        <line num="78" count="4" type="stmt"/>
        <line num="80" count="1" type="stmt"/>
        <line num="84" count="86" type="stmt"/>
        <line num="85" count="35" type="stmt"/>
        <line num="86" count="35" type="stmt"/>
        <line num="90" count="86" type="stmt"/>
        <line num="91" count="20" type="stmt"/>
        <line num="93" count="19" type="cond" truecount="2" falsecount="0"/>
        <line num="94" count="1" type="stmt"/>
        <line num="96" count="18" type="stmt"/>
        <line num="98" count="17" type="stmt"/>
        <line num="100" count="3" type="stmt"/>
        <line num="101" count="3" type="stmt"/>
        <line num="105" count="86" type="stmt"/>
        <line num="125" count="2" type="stmt"/>
        <line num="133" count="66" type="stmt"/>
        <line num="136" count="65" type="stmt"/>
        <line num="139" count="13" type="stmt"/>
        <line num="183" count="32" type="stmt"/>
        <line num="189" count="1" type="stmt"/>
        <line num="195" count="2" type="stmt"/>
        <line num="200" count="1" type="stmt"/>
        <line num="217" count="8" type="stmt"/>
        <line num="222" count="5" type="stmt"/>
      </file>
      <file name="MealPlanTab.tsx" path="/Users/bradleycarter/dev/meal-planner/frontend/src/components/MealPlanTab.tsx">
        <metrics statements="40" coveredstatements="39" conditionals="20" coveredconditionals="17" methods="22" coveredmethods="22"/>
        <line num="22" count="6" type="stmt"/>
        <line num="23" count="49" type="stmt"/>
        <line num="24" count="49" type="stmt"/>
        <line num="26" count="49" type="stmt"/>
        <line num="27" count="26" type="stmt"/>
        <line num="28" count="25" type="stmt"/>
        <line num="29" count="25" type="stmt"/>
        <line num="30" count="1" type="stmt"/>
        <line num="33" count="49" type="stmt"/>
        <line num="34" count="4" type="cond" truecount="2" falsecount="0"/>
        <line num="35" count="3" type="stmt"/>
        <line num="41" count="2" type="cond" truecount="1" falsecount="1"/>
        <line num="42" count="0" type="stmt"/>
        <line num="44" count="2" type="stmt"/>
        <line num="46" count="2" type="stmt"/>
        <line num="47" count="1" type="stmt"/>
        <line num="50" count="49" type="stmt"/>
        <line num="51" count="4" type="cond" truecount="1" falsecount="1"/>
        <line num="52" count="4" type="cond" truecount="1" falsecount="1"/>
        <line num="53" count="4" type="stmt"/>
        <line num="58" count="2" type="stmt"/>
        <line num="60" count="2" type="stmt"/>
        <line num="61" count="2" type="stmt"/>
        <line num="62" count="2" type="stmt"/>
        <line num="64" count="2" type="stmt"/>
        <line num="67" count="49" type="stmt"/>
        <line num="68" count="7" type="cond" truecount="2" falsecount="0"/>
        <line num="69" count="5" type="stmt"/>
        <line num="74" count="3" type="stmt"/>
        <line num="75" count="3" type="stmt"/>
        <line num="76" count="2" type="stmt"/>
        <line num="79" count="49" type="stmt"/>
        <line num="98" count="56" type="stmt"/>
        <line num="100" count="33" type="stmt"/>
        <line num="101" count="33" type="stmt"/>
        <line num="102" count="33" type="stmt"/>
        <line num="103" count="33" type="stmt"/>
        <line num="106" count="56" type="stmt"/>
        <line num="116" count="4" type="stmt"/>
        <line num="148" count="2" type="stmt"/>
      </file>
    </package>
  </project>
</coverage>
