{"/Users/bradleycarter/dev/meal-planner/frontend/src/App.tsx": {"path":"/Users/bradleycarter/dev/meal-planner/frontend/src/App.tsx","statementMap":{"0":{"start":{"line":8,"column":22},"end":{"line":33,"column":1}},"1":{"start":{"line":9,"column":38},"end":{"line":9,"column":49}},"2":{"start":{"line":10,"column":30},"end":{"line":10,"column":59}},"3":{"start":{"line":13,"column":22},"end":{"line":18,"column":5}},"4":{"start":{"line":14,"column":8},"end":{"line":14,"column":26}},"5":{"start":{"line":15,"column":8},"end":{"line":17,"column":17}},"6":{"start":{"line":16,"column":12},"end":{"line":16,"column":27}},"7":{"start":{"line":20,"column":4},"end":{"line":32,"column":6}},"8":{"start":{"line":22,"column":63},"end":{"line":22,"column":85}}},"fnMap":{"0":{"name":"(anonymous_0)","decl":{"start":{"line":8,"column":22},"end":{"line":8,"column":23}},"loc":{"start":{"line":8,"column":28},"end":{"line":33,"column":1}},"line":8},"1":{"name":"(anonymous_1)","decl":{"start":{"line":13,"column":22},"end":{"line":13,"column":23}},"loc":{"start":{"line":13,"column":43},"end":{"line":18,"column":5}},"line":13},"2":{"name":"(anonymous_2)","decl":{"start":{"line":15,"column":19},"end":{"line":15,"column":20}},"loc":{"start":{"line":15,"column":25},"end":{"line":17,"column":9}},"line":15},"3":{"name":"(anonymous_3)","decl":{"start":{"line":22,"column":46},"end":{"line":22,"column":47}},"loc":{"start":{"line":22,"column":63},"end":{"line":22,"column":85}},"line":22}},"branchMap":{"0":{"loc":{"start":{"line":27,"column":13},"end":{"line":27,"column":69}},"type":"binary-expr","locations":[{"start":{"line":27,"column":13},"end":{"line":27,"column":28}},{"start":{"line":27,"column":32},"end":{"line":27,"column":69}}],"line":27},"1":{"loc":{"start":{"line":28,"column":13},"end":{"line":28,"column":75}},"type":"binary-expr","locations":[{"start":{"line":28,"column":13},"end":{"line":28,"column":28}},{"start":{"line":28,"column":32},"end":{"line":28,"column":75}}],"line":28}},"s":{"0":5,"1":9,"2":8,"3":8,"4":1,"5":1,"6":1,"7":8,"8":2},"f":{"0":9,"1":1,"2":1,"3":2},"b":{"0":[8,7],"1":[8,1]},"_coverageSchema":"1a1c01bbd47fc00a2c39e90264f33305004495a9","hash":"6718ad19cc3eb046702623779cbb7ef272ecbd74"}
,"/Users/bradleycarter/dev/meal-planner/frontend/src/index.tsx": {"path":"/Users/bradleycarter/dev/meal-planner/frontend/src/index.tsx","statementMap":{"0":{"start":{"line":5,"column":0},"end":{"line":19,"column":1}},"1":{"start":{"line":6,"column":24},"end":{"line":6,"column":55}},"2":{"start":{"line":7,"column":4},"end":{"line":9,"column":5}},"3":{"start":{"line":8,"column":8},"end":{"line":8,"column":50}},"4":{"start":{"line":11,"column":17},"end":{"line":11,"column":49}},"5":{"start":{"line":12,"column":4},"end":{"line":16,"column":6}},"6":{"start":{"line":18,"column":4},"end":{"line":18,"column":87}}},"fnMap":{},"branchMap":{"0":{"loc":{"start":{"line":7,"column":4},"end":{"line":9,"column":5}},"type":"if","locations":[{"start":{"line":7,"column":4},"end":{"line":9,"column":5}},{"start":{},"end":{}}],"line":7},"1":{"loc":{"start":{"line":18,"column":18},"end":{"line":18,"column":85}},"type":"cond-expr","locations":[{"start":{"line":18,"column":43},"end":{"line":18,"column":56}},{"start":{"line":18,"column":59},"end":{"line":18,"column":85}}],"line":18}},"s":{"0":4,"1":4,"2":4,"3":1,"4":3,"5":1,"6":3},"f":{},"b":{"0":[1,3],"1":[2,1]},"_coverageSchema":"1a1c01bbd47fc00a2c39e90264f33305004495a9","hash":"74cd3eddabc4a01d651363553404520b92a44bdd"}
,"/Users/bradleycarter/dev/meal-planner/frontend/src/types.ts": {"path":"/Users/bradleycarter/dev/meal-planner/frontend/src/types.ts","statementMap":{},"fnMap":{},"branchMap":{},"s":{},"f":{},"b":{},"_coverageSchema":"1a1c01bbd47fc00a2c39e90264f33305004495a9","hash":"4d2484c21e143ac4f65c9d7dab21613c133413ad"}
,"/Users/bradleycarter/dev/meal-planner/frontend/src/components/MealManagementTab.tsx": {"path":"/Users/bradleycarter/dev/meal-planner/frontend/src/components/MealManagementTab.tsx","statementMap":{"0":{"start":{"line":22,"column":67},"end":{"line":239,"column":1}},"1":{"start":{"line":23,"column":30},"end":{"line":23,"column":50}},"2":{"start":{"line":24,"column":44},"end":{"line":24,"column":71}},"3":{"start":{"line":25,"column":64},"end":{"line":25,"column":93}},"4":{"start":{"line":26,"column":52},"end":{"line":26,"column":85}},"5":{"start":{"line":27,"column":40},"end":{"line":27,"column":60}},"6":{"start":{"line":30,"column":25},"end":{"line":33,"column":5}},"7":{"start":{"line":31,"column":8},"end":{"line":31,"column":34}},"8":{"start":{"line":31,"column":27},"end":{"line":31,"column":34}},"9":{"start":{"line":32,"column":8},"end":{"line":32,"column":47}},"10":{"start":{"line":36,"column":33},"end":{"line":39,"column":5}},"11":{"start":{"line":37,"column":8},"end":{"line":37,"column":40}},"12":{"start":{"line":38,"column":8},"end":{"line":38,"column":34}},"13":{"start":{"line":42,"column":35},"end":{"line":48,"column":5}},"14":{"start":{"line":43,"column":8},"end":{"line":43,"column":38}},"15":{"start":{"line":43,"column":31},"end":{"line":43,"column":38}},"16":{"start":{"line":44,"column":8},"end":{"line":47,"column":11}},"17":{"start":{"line":51,"column":27},"end":{"line":67,"column":5}},"18":{"start":{"line":52,"column":8},"end":{"line":52,"column":55}},"19":{"start":{"line":52,"column":48},"end":{"line":52,"column":55}},"20":{"start":{"line":55,"column":8},"end":{"line":66,"column":77}},"21":{"start":{"line":60,"column":27},"end":{"line":60,"column":37}},"22":{"start":{"line":62,"column":16},"end":{"line":62,"column":45}},"23":{"start":{"line":63,"column":16},"end":{"line":63,"column":42}},"24":{"start":{"line":64,"column":16},"end":{"line":64,"column":61}},"25":{"start":{"line":66,"column":28},"end":{"line":66,"column":75}},"26":{"start":{"line":70,"column":29},"end":{"line":81,"column":5}},"27":{"start":{"line":71,"column":8},"end":{"line":71,"column":34}},"28":{"start":{"line":71,"column":27},"end":{"line":71,"column":34}},"29":{"start":{"line":72,"column":8},"end":{"line":80,"column":77}},"30":{"start":{"line":75,"column":27},"end":{"line":75,"column":37}},"31":{"start":{"line":77,"column":16},"end":{"line":77,"column":45}},"32":{"start":{"line":78,"column":16},"end":{"line":78,"column":61}},"33":{"start":{"line":80,"column":28},"end":{"line":80,"column":75}},"34":{"start":{"line":84,"column":4},"end":{"line":87,"column":16}},"35":{"start":{"line":85,"column":8},"end":{"line":85,"column":30}},"36":{"start":{"line":86,"column":8},"end":{"line":86,"column":34}},"37":{"start":{"line":90,"column":4},"end":{"line":103,"column":11}},"38":{"start":{"line":91,"column":8},"end":{"line":102,"column":15}},"39":{"start":{"line":93,"column":16},"end":{"line":95,"column":17}},"40":{"start":{"line":94,"column":20},"end":{"line":94,"column":73}},"41":{"start":{"line":96,"column":16},"end":{"line":96,"column":34}},"42":{"start":{"line":98,"column":36},"end":{"line":98,"column":50}},"43":{"start":{"line":100,"column":16},"end":{"line":100,"column":60}},"44":{"start":{"line":101,"column":16},"end":{"line":101,"column":49}},"45":{"start":{"line":105,"column":4},"end":{"line":238,"column":6}},"46":{"start":{"line":125,"column":53},"end":{"line":125,"column":82}},"47":{"start":{"line":133,"column":40},"end":{"line":133,"column":102}},"48":{"start":{"line":136,"column":40},"end":{"line":146,"column":51}},"49":{"start":{"line":139,"column":63},"end":{"line":139,"column":84}},"50":{"start":{"line":183,"column":44},"end":{"line":228,"column":55}},"51":{"start":{"line":189,"column":77},"end":{"line":189,"column":123}},"52":{"start":{"line":195,"column":77},"end":{"line":195,"column":127}},"53":{"start":{"line":200,"column":77},"end":{"line":200,"column":123}},"54":{"start":{"line":217,"column":79},"end":{"line":217,"column":96}},"55":{"start":{"line":222,"column":116},"end":{"line":222,"column":140}}},"fnMap":{"0":{"name":"(anonymous_0)","decl":{"start":{"line":22,"column":67},"end":{"line":22,"column":68}},"loc":{"start":{"line":22,"column":86},"end":{"line":239,"column":1}},"line":22},"1":{"name":"(anonymous_1)","decl":{"start":{"line":30,"column":25},"end":{"line":30,"column":26}},"loc":{"start":{"line":30,"column":53},"end":{"line":33,"column":5}},"line":30},"2":{"name":"(anonymous_2)","decl":{"start":{"line":36,"column":33},"end":{"line":36,"column":34}},"loc":{"start":{"line":36,"column":39},"end":{"line":39,"column":5}},"line":36},"3":{"name":"(anonymous_3)","decl":{"start":{"line":42,"column":35},"end":{"line":42,"column":36}},"loc":{"start":{"line":42,"column":91},"end":{"line":48,"column":5}},"line":42},"4":{"name":"(anonymous_4)","decl":{"start":{"line":51,"column":27},"end":{"line":51,"column":28}},"loc":{"start":{"line":51,"column":33},"end":{"line":67,"column":5}},"line":51},"5":{"name":"(anonymous_5)","decl":{"start":{"line":60,"column":18},"end":{"line":60,"column":19}},"loc":{"start":{"line":60,"column":27},"end":{"line":60,"column":37}},"line":60},"6":{"name":"(anonymous_6)","decl":{"start":{"line":61,"column":18},"end":{"line":61,"column":19}},"loc":{"start":{"line":61,"column":41},"end":{"line":65,"column":13}},"line":61},"7":{"name":"(anonymous_7)","decl":{"start":{"line":66,"column":19},"end":{"line":66,"column":20}},"loc":{"start":{"line":66,"column":28},"end":{"line":66,"column":75}},"line":66},"8":{"name":"(anonymous_8)","decl":{"start":{"line":70,"column":29},"end":{"line":70,"column":30}},"loc":{"start":{"line":70,"column":55},"end":{"line":81,"column":5}},"line":70},"9":{"name":"(anonymous_9)","decl":{"start":{"line":75,"column":18},"end":{"line":75,"column":19}},"loc":{"start":{"line":75,"column":27},"end":{"line":75,"column":37}},"line":75},"10":{"name":"(anonymous_10)","decl":{"start":{"line":76,"column":18},"end":{"line":76,"column":19}},"loc":{"start":{"line":76,"column":41},"end":{"line":79,"column":13}},"line":76},"11":{"name":"(anonymous_11)","decl":{"start":{"line":80,"column":19},"end":{"line":80,"column":20}},"loc":{"start":{"line":80,"column":28},"end":{"line":80,"column":75}},"line":80},"12":{"name":"(anonymous_12)","decl":{"start":{"line":84,"column":14},"end":{"line":84,"column":15}},"loc":{"start":{"line":84,"column":20},"end":{"line":87,"column":5}},"line":84},"13":{"name":"(anonymous_13)","decl":{"start":{"line":90,"column":14},"end":{"line":90,"column":15}},"loc":{"start":{"line":90,"column":20},"end":{"line":103,"column":5}},"line":90},"14":{"name":"(anonymous_14)","decl":{"start":{"line":92,"column":18},"end":{"line":92,"column":19}},"loc":{"start":{"line":92,"column":27},"end":{"line":97,"column":13}},"line":92},"15":{"name":"(anonymous_15)","decl":{"start":{"line":98,"column":18},"end":{"line":98,"column":19}},"loc":{"start":{"line":98,"column":36},"end":{"line":98,"column":50}},"line":98},"16":{"name":"(anonymous_16)","decl":{"start":{"line":99,"column":19},"end":{"line":99,"column":20}},"loc":{"start":{"line":99,"column":28},"end":{"line":102,"column":13}},"line":99},"17":{"name":"(anonymous_17)","decl":{"start":{"line":125,"column":46},"end":{"line":125,"column":47}},"loc":{"start":{"line":125,"column":53},"end":{"line":125,"column":82}},"line":125},"18":{"name":"(anonymous_18)","decl":{"start":{"line":132,"column":44},"end":{"line":132,"column":45}},"loc":{"start":{"line":133,"column":40},"end":{"line":133,"column":102}},"line":133},"19":{"name":"(anonymous_19)","decl":{"start":{"line":135,"column":41},"end":{"line":135,"column":42}},"loc":{"start":{"line":136,"column":40},"end":{"line":146,"column":51}},"line":136},"20":{"name":"(anonymous_20)","decl":{"start":{"line":139,"column":57},"end":{"line":139,"column":58}},"loc":{"start":{"line":139,"column":63},"end":{"line":139,"column":84}},"line":139},"21":{"name":"(anonymous_21)","decl":{"start":{"line":182,"column":70},"end":{"line":182,"column":71}},"loc":{"start":{"line":183,"column":44},"end":{"line":228,"column":55}},"line":183},"22":{"name":"(anonymous_22)","decl":{"start":{"line":189,"column":70},"end":{"line":189,"column":71}},"loc":{"start":{"line":189,"column":77},"end":{"line":189,"column":123}},"line":189},"23":{"name":"(anonymous_23)","decl":{"start":{"line":195,"column":70},"end":{"line":195,"column":71}},"loc":{"start":{"line":195,"column":77},"end":{"line":195,"column":127}},"line":195},"24":{"name":"(anonymous_24)","decl":{"start":{"line":200,"column":70},"end":{"line":200,"column":71}},"loc":{"start":{"line":200,"column":77},"end":{"line":200,"column":123}},"line":200},"25":{"name":"(anonymous_25)","decl":{"start":{"line":217,"column":73},"end":{"line":217,"column":74}},"loc":{"start":{"line":217,"column":79},"end":{"line":217,"column":96}},"line":217},"26":{"name":"(anonymous_26)","decl":{"start":{"line":222,"column":110},"end":{"line":222,"column":111}},"loc":{"start":{"line":222,"column":116},"end":{"line":222,"column":140}},"line":222}},"branchMap":{"0":{"loc":{"start":{"line":31,"column":8},"end":{"line":31,"column":34}},"type":"if","locations":[{"start":{"line":31,"column":8},"end":{"line":31,"column":34}},{"start":{},"end":{}}],"line":31},"1":{"loc":{"start":{"line":43,"column":8},"end":{"line":43,"column":38}},"type":"if","locations":[{"start":{"line":43,"column":8},"end":{"line":43,"column":38}},{"start":{},"end":{}}],"line":43},"2":{"loc":{"start":{"line":46,"column":21},"end":{"line":46,"column":65}},"type":"cond-expr","locations":[{"start":{"line":46,"column":44},"end":{"line":46,"column":57}},{"start":{"line":46,"column":60},"end":{"line":46,"column":65}}],"line":46},"3":{"loc":{"start":{"line":52,"column":8},"end":{"line":52,"column":55}},"type":"if","locations":[{"start":{"line":52,"column":8},"end":{"line":52,"column":55}},{"start":{},"end":{}}],"line":52},"4":{"loc":{"start":{"line":52,"column":12},"end":{"line":52,"column":46}},"type":"binary-expr","locations":[{"start":{"line":52,"column":12},"end":{"line":52,"column":25}},{"start":{"line":52,"column":29},"end":{"line":52,"column":46}}],"line":52},"5":{"loc":{"start":{"line":71,"column":8},"end":{"line":71,"column":34}},"type":"if","locations":[{"start":{"line":71,"column":8},"end":{"line":71,"column":34}},{"start":{},"end":{}}],"line":71},"6":{"loc":{"start":{"line":93,"column":16},"end":{"line":95,"column":17}},"type":"if","locations":[{"start":{"line":93,"column":16},"end":{"line":95,"column":17}},{"start":{},"end":{}}],"line":93},"7":{"loc":{"start":{"line":115,"column":21},"end":{"line":150,"column":21}},"type":"cond-expr","locations":[{"start":{"line":116,"column":24},"end":{"line":116,"column":65}},{"start":{"line":118,"column":24},"end":{"line":149,"column":32}}],"line":115},"8":{"loc":{"start":{"line":152,"column":17},"end":{"line":235,"column":17}},"type":"binary-expr","locations":[{"start":{"line":152,"column":17},"end":{"line":152,"column":29}},{"start":{"line":152,"column":33},"end":{"line":152,"column":49}},{"start":{"line":153,"column":20},"end":{"line":234,"column":27}}],"line":152},"9":{"loc":{"start":{"line":166,"column":56},"end":{"line":166,"column":91}},"type":"cond-expr","locations":[{"start":{"line":166,"column":79},"end":{"line":166,"column":84}},{"start":{"line":166,"column":87},"end":{"line":166,"column":91}}],"line":166},"10":{"loc":{"start":{"line":178,"column":33},"end":{"line":231,"column":33}},"type":"cond-expr","locations":[{"start":{"line":179,"column":36},"end":{"line":179,"column":82}},{"start":{"line":181,"column":36},"end":{"line":230,"column":43}}],"line":178},"11":{"loc":{"start":{"line":184,"column":49},"end":{"line":227,"column":49}},"type":"cond-expr","locations":[{"start":{"line":185,"column":52},"end":{"line":210,"column":58}},{"start":{"line":212,"column":52},"end":{"line":226,"column":58}}],"line":184},"12":{"loc":{"start":{"line":184,"column":49},"end":{"line":184,"column":99}},"type":"binary-expr","locations":[{"start":{"line":184,"column":49},"end":{"line":184,"column":65}},{"start":{"line":184,"column":69},"end":{"line":184,"column":99}}],"line":184},"13":{"loc":{"start":{"line":188,"column":67},"end":{"line":188,"column":95}},"type":"binary-expr","locations":[{"start":{"line":188,"column":67},"end":{"line":188,"column":89}},{"start":{"line":188,"column":93},"end":{"line":188,"column":95}}],"line":188},"14":{"loc":{"start":{"line":194,"column":67},"end":{"line":194,"column":98}},"type":"binary-expr","locations":[{"start":{"line":194,"column":67},"end":{"line":194,"column":93}},{"start":{"line":194,"column":97},"end":{"line":194,"column":98}}],"line":194},"15":{"loc":{"start":{"line":199,"column":67},"end":{"line":199,"column":95}},"type":"binary-expr","locations":[{"start":{"line":199,"column":67},"end":{"line":199,"column":89}},{"start":{"line":199,"column":93},"end":{"line":199,"column":95}}],"line":199}},"s":{"0":6,"1":86,"2":86,"3":86,"4":86,"5":86,"6":86,"7":8,"8":0,"9":8,"10":86,"11":4,"12":4,"13":86,"14":4,"15":0,"16":4,"17":86,"18":2,"19":0,"20":2,"21":1,"22":1,"23":1,"24":1,"25":1,"26":86,"27":5,"28":0,"29":5,"30":4,"31":4,"32":4,"33":1,"34":86,"35":35,"36":35,"37":86,"38":20,"39":19,"40":1,"41":18,"42":17,"43":3,"44":3,"45":86,"46":2,"47":66,"48":65,"49":13,"50":32,"51":1,"52":2,"53":1,"54":8,"55":5},"f":{"0":86,"1":8,"2":4,"3":4,"4":2,"5":1,"6":1,"7":1,"8":5,"9":4,"10":4,"11":1,"12":35,"13":20,"14":19,"15":17,"16":3,"17":2,"18":66,"19":65,"20":13,"21":32,"22":1,"23":2,"24":1,"25":8,"26":5},"b":{"0":[0,8],"1":[0,4],"2":[2,2],"3":[0,2],"4":[2,2],"5":[0,5],"6":[1,18],"7":[20,66],"8":[86,34,34],"9":[0,34],"10":[4,30],"11":[13,19],"12":[32,14],"13":[13,0],"14":[13,1],"15":[13,0]},"_coverageSchema":"1a1c01bbd47fc00a2c39e90264f33305004495a9","hash":"fbe3dffec3ea04fa53d781ca85b709698c992cc0"}
,"/Users/bradleycarter/dev/meal-planner/frontend/src/components/MealPlanTab.tsx": {"path":"/Users/bradleycarter/dev/meal-planner/frontend/src/components/MealPlanTab.tsx","statementMap":{"0":{"start":{"line":22,"column":55},"end":{"line":159,"column":1}},"1":{"start":{"line":23,"column":36},"end":{"line":23,"column":67}},"2":{"start":{"line":24,"column":44},"end":{"line":24,"column":70}},"3":{"start":{"line":26,"column":4},"end":{"line":31,"column":11}},"4":{"start":{"line":27,"column":8},"end":{"line":30,"column":77}},"5":{"start":{"line":28,"column":27},"end":{"line":28,"column":37}},"6":{"start":{"line":29,"column":38},"end":{"line":29,"column":55}},"7":{"start":{"line":30,"column":28},"end":{"line":30,"column":75}},"8":{"start":{"line":33,"column":25},"end":{"line":48,"column":5}},"9":{"start":{"line":34,"column":8},"end":{"line":34,"column":30}},"10":{"start":{"line":34,"column":23},"end":{"line":34,"column":30}},"11":{"start":{"line":35,"column":8},"end":{"line":47,"column":74}},"12":{"start":{"line":41,"column":16},"end":{"line":43,"column":17}},"13":{"start":{"line":42,"column":20},"end":{"line":42,"column":69}},"14":{"start":{"line":44,"column":16},"end":{"line":44,"column":34}},"15":{"start":{"line":46,"column":28},"end":{"line":46,"column":43}},"16":{"start":{"line":47,"column":28},"end":{"line":47,"column":72}},"17":{"start":{"line":50,"column":21},"end":{"line":65,"column":5}},"18":{"start":{"line":51,"column":28},"end":{"line":51,"column":59}},"19":{"start":{"line":52,"column":8},"end":{"line":52,"column":33}},"20":{"start":{"line":52,"column":26},"end":{"line":52,"column":33}},"21":{"start":{"line":53,"column":8},"end":{"line":64,"column":72}},"22":{"start":{"line":58,"column":27},"end":{"line":58,"column":37}},"23":{"start":{"line":60,"column":16},"end":{"line":60,"column":61}},"24":{"start":{"line":61,"column":16},"end":{"line":61,"column":36}},"25":{"start":{"line":62,"column":16},"end":{"line":62,"column":90}},"26":{"start":{"line":64,"column":28},"end":{"line":64,"column":70}},"27":{"start":{"line":67,"column":28},"end":{"line":77,"column":5}},"28":{"start":{"line":68,"column":8},"end":{"line":68,"column":30}},"29":{"start":{"line":68,"column":23},"end":{"line":68,"column":30}},"30":{"start":{"line":69,"column":8},"end":{"line":76,"column":80}},"31":{"start":{"line":74,"column":27},"end":{"line":74,"column":37}},"32":{"start":{"line":75,"column":49},"end":{"line":75,"column":77}},"33":{"start":{"line":76,"column":28},"end":{"line":76,"column":78}},"34":{"start":{"line":79,"column":4},"end":{"line":158,"column":6}},"35":{"start":{"line":98,"column":61},"end":{"line":98,"column":65}},"36":{"start":{"line":100,"column":57},"end":{"line":100,"column":135}},"37":{"start":{"line":101,"column":53},"end":{"line":101,"column":75}},"38":{"start":{"line":102,"column":53},"end":{"line":102,"column":75}},"39":{"start":{"line":103,"column":40},"end":{"line":103,"column":59}},"40":{"start":{"line":106,"column":40},"end":{"line":122,"column":51}},"41":{"start":{"line":116,"column":71},"end":{"line":116,"column":84}},"42":{"start":{"line":148,"column":28},"end":{"line":152,"column":39}}},"fnMap":{"0":{"name":"(anonymous_0)","decl":{"start":{"line":22,"column":55},"end":{"line":22,"column":56}},"loc":{"start":{"line":22,"column":74},"end":{"line":159,"column":1}},"line":22},"1":{"name":"(anonymous_1)","decl":{"start":{"line":26,"column":14},"end":{"line":26,"column":15}},"loc":{"start":{"line":26,"column":20},"end":{"line":31,"column":5}},"line":26},"2":{"name":"(anonymous_2)","decl":{"start":{"line":28,"column":18},"end":{"line":28,"column":19}},"loc":{"start":{"line":28,"column":27},"end":{"line":28,"column":37}},"line":28},"3":{"name":"(anonymous_3)","decl":{"start":{"line":29,"column":18},"end":{"line":29,"column":19}},"loc":{"start":{"line":29,"column":38},"end":{"line":29,"column":55}},"line":29},"4":{"name":"(anonymous_4)","decl":{"start":{"line":30,"column":19},"end":{"line":30,"column":20}},"loc":{"start":{"line":30,"column":28},"end":{"line":30,"column":75}},"line":30},"5":{"name":"(anonymous_5)","decl":{"start":{"line":33,"column":25},"end":{"line":33,"column":26}},"loc":{"start":{"line":33,"column":31},"end":{"line":48,"column":5}},"line":33},"6":{"name":"(anonymous_6)","decl":{"start":{"line":40,"column":18},"end":{"line":40,"column":19}},"loc":{"start":{"line":40,"column":27},"end":{"line":45,"column":13}},"line":40},"7":{"name":"(anonymous_7)","decl":{"start":{"line":46,"column":18},"end":{"line":46,"column":19}},"loc":{"start":{"line":46,"column":28},"end":{"line":46,"column":43}},"line":46},"8":{"name":"(anonymous_8)","decl":{"start":{"line":47,"column":19},"end":{"line":47,"column":20}},"loc":{"start":{"line":47,"column":28},"end":{"line":47,"column":72}},"line":47},"9":{"name":"(anonymous_9)","decl":{"start":{"line":50,"column":21},"end":{"line":50,"column":22}},"loc":{"start":{"line":50,"column":38},"end":{"line":65,"column":5}},"line":50},"10":{"name":"(anonymous_10)","decl":{"start":{"line":58,"column":18},"end":{"line":58,"column":19}},"loc":{"start":{"line":58,"column":27},"end":{"line":58,"column":37}},"line":58},"11":{"name":"(anonymous_11)","decl":{"start":{"line":59,"column":18},"end":{"line":59,"column":19}},"loc":{"start":{"line":59,"column":37},"end":{"line":63,"column":13}},"line":59},"12":{"name":"(anonymous_12)","decl":{"start":{"line":64,"column":19},"end":{"line":64,"column":20}},"loc":{"start":{"line":64,"column":28},"end":{"line":64,"column":70}},"line":64},"13":{"name":"(anonymous_13)","decl":{"start":{"line":67,"column":28},"end":{"line":67,"column":29}},"loc":{"start":{"line":67,"column":34},"end":{"line":77,"column":5}},"line":67},"14":{"name":"(anonymous_14)","decl":{"start":{"line":74,"column":18},"end":{"line":74,"column":19}},"loc":{"start":{"line":74,"column":27},"end":{"line":74,"column":37}},"line":74},"15":{"name":"(anonymous_15)","decl":{"start":{"line":75,"column":18},"end":{"line":75,"column":19}},"loc":{"start":{"line":75,"column":49},"end":{"line":75,"column":77}},"line":75},"16":{"name":"(anonymous_16)","decl":{"start":{"line":76,"column":19},"end":{"line":76,"column":20}},"loc":{"start":{"line":76,"column":28},"end":{"line":76,"column":78}},"line":76},"17":{"name":"(anonymous_17)","decl":{"start":{"line":98,"column":44},"end":{"line":98,"column":45}},"loc":{"start":{"line":98,"column":61},"end":{"line":98,"column":65}},"line":98},"18":{"name":"(anonymous_18)","decl":{"start":{"line":99,"column":42},"end":{"line":99,"column":43}},"loc":{"start":{"line":99,"column":52},"end":{"line":104,"column":37}},"line":99},"19":{"name":"(anonymous_19)","decl":{"start":{"line":105,"column":41},"end":{"line":105,"column":42}},"loc":{"start":{"line":106,"column":40},"end":{"line":122,"column":51}},"line":106},"20":{"name":"(anonymous_20)","decl":{"start":{"line":116,"column":65},"end":{"line":116,"column":66}},"loc":{"start":{"line":116,"column":71},"end":{"line":116,"column":84}},"line":116},"21":{"name":"(anonymous_21)","decl":{"start":{"line":147,"column":42},"end":{"line":147,"column":43}},"loc":{"start":{"line":148,"column":28},"end":{"line":152,"column":39}},"line":148}},"branchMap":{"0":{"loc":{"start":{"line":34,"column":8},"end":{"line":34,"column":30}},"type":"if","locations":[{"start":{"line":34,"column":8},"end":{"line":34,"column":30}},{"start":{},"end":{}}],"line":34},"1":{"loc":{"start":{"line":41,"column":16},"end":{"line":43,"column":17}},"type":"if","locations":[{"start":{"line":41,"column":16},"end":{"line":43,"column":17}},{"start":{},"end":{}}],"line":41},"2":{"loc":{"start":{"line":51,"column":28},"end":{"line":51,"column":59}},"type":"cond-expr","locations":[{"start":{"line":51,"column":39},"end":{"line":51,"column":52}},{"start":{"line":51,"column":55},"end":{"line":51,"column":59}}],"line":51},"3":{"loc":{"start":{"line":52,"column":8},"end":{"line":52,"column":33}},"type":"if","locations":[{"start":{"line":52,"column":8},"end":{"line":52,"column":33}},{"start":{},"end":{}}],"line":52},"4":{"loc":{"start":{"line":68,"column":8},"end":{"line":68,"column":30}},"type":"if","locations":[{"start":{"line":68,"column":8},"end":{"line":68,"column":30}},{"start":{},"end":{}}],"line":68},"5":{"loc":{"start":{"line":84,"column":13},"end":{"line":130,"column":13}},"type":"cond-expr","locations":[{"start":{"line":85,"column":16},"end":{"line":127,"column":24}},{"start":{"line":129,"column":16},"end":{"line":129,"column":61}}],"line":84},"6":{"loc":{"start":{"line":96,"column":29},"end":{"line":124,"column":29}},"type":"binary-expr","locations":[{"start":{"line":96,"column":29},"end":{"line":96,"column":37}},{"start":{"line":97,"column":32},"end":{"line":123,"column":38}}],"line":96},"7":{"loc":{"start":{"line":111,"column":49},"end":{"line":120,"column":49}},"type":"binary-expr","locations":[{"start":{"line":111,"column":49},"end":{"line":111,"column":53}},{"start":{"line":111,"column":57},"end":{"line":111,"column":73}},{"start":{"line":111,"column":77},"end":{"line":111,"column":107}},{"start":{"line":112,"column":52},"end":{"line":119,"column":61}}],"line":111},"8":{"loc":{"start":{"line":141,"column":13},"end":{"line":156,"column":13}},"type":"binary-expr","locations":[{"start":{"line":141,"column":13},"end":{"line":141,"column":36}},{"start":{"line":142,"column":16},"end":{"line":155,"column":22}}],"line":141}},"s":{"0":6,"1":49,"2":49,"3":49,"4":26,"5":25,"6":25,"7":1,"8":49,"9":4,"10":1,"11":3,"12":2,"13":0,"14":2,"15":2,"16":1,"17":49,"18":4,"19":4,"20":0,"21":4,"22":2,"23":2,"24":2,"25":2,"26":2,"27":49,"28":7,"29":2,"30":5,"31":3,"32":3,"33":2,"34":49,"35":56,"36":33,"37":33,"38":33,"39":33,"40":56,"41":4,"42":2},"f":{"0":49,"1":26,"2":25,"3":25,"4":1,"5":4,"6":2,"7":2,"8":1,"9":4,"10":2,"11":2,"12":2,"13":7,"14":3,"15":3,"16":2,"17":56,"18":33,"19":56,"20":4,"21":2},"b":{"0":[1,3],"1":[0,2],"2":[4,0],"3":[0,4],"4":[2,5],"5":[23,26],"6":[23,23],"7":[56,56,40,39],"8":[49,1]},"_coverageSchema":"1a1c01bbd47fc00a2c39e90264f33305004495a9","hash":"bb99c5e39064ca50a10e8e33c1a9d347aa08d84b"}
}
