{"/Users/bradleycarter/dev/meal-planner/frontend/src/App.tsx": {"path":"/Users/bradleycarter/dev/meal-planner/frontend/src/App.tsx","statementMap":{"0":{"start":{"line":8,"column":22},"end":{"line":33,"column":1}},"1":{"start":{"line":9,"column":38},"end":{"line":9,"column":49}},"2":{"start":{"line":10,"column":30},"end":{"line":10,"column":59}},"3":{"start":{"line":13,"column":22},"end":{"line":18,"column":5}},"4":{"start":{"line":14,"column":8},"end":{"line":14,"column":26}},"5":{"start":{"line":15,"column":8},"end":{"line":17,"column":17}},"6":{"start":{"line":16,"column":12},"end":{"line":16,"column":27}},"7":{"start":{"line":20,"column":4},"end":{"line":32,"column":6}},"8":{"start":{"line":22,"column":63},"end":{"line":22,"column":85}}},"fnMap":{"0":{"name":"(anonymous_0)","decl":{"start":{"line":8,"column":22},"end":{"line":8,"column":23}},"loc":{"start":{"line":8,"column":28},"end":{"line":33,"column":1}},"line":8},"1":{"name":"(anonymous_1)","decl":{"start":{"line":13,"column":22},"end":{"line":13,"column":23}},"loc":{"start":{"line":13,"column":43},"end":{"line":18,"column":5}},"line":13},"2":{"name":"(anonymous_2)","decl":{"start":{"line":15,"column":19},"end":{"line":15,"column":20}},"loc":{"start":{"line":15,"column":25},"end":{"line":17,"column":9}},"line":15},"3":{"name":"(anonymous_3)","decl":{"start":{"line":22,"column":46},"end":{"line":22,"column":47}},"loc":{"start":{"line":22,"column":63},"end":{"line":22,"column":85}},"line":22}},"branchMap":{"0":{"loc":{"start":{"line":27,"column":13},"end":{"line":27,"column":69}},"type":"binary-expr","locations":[{"start":{"line":27,"column":13},"end":{"line":27,"column":28}},{"start":{"line":27,"column":32},"end":{"line":27,"column":69}}],"line":27},"1":{"loc":{"start":{"line":28,"column":13},"end":{"line":28,"column":75}},"type":"binary-expr","locations":[{"start":{"line":28,"column":13},"end":{"line":28,"column":28}},{"start":{"line":28,"column":32},"end":{"line":28,"column":75}}],"line":28}},"s":{"0":5,"1":9,"2":8,"3":8,"4":1,"5":1,"6":1,"7":8,"8":2},"f":{"0":9,"1":1,"2":1,"3":2},"b":{"0":[8,7],"1":[8,1]},"_coverageSchema":"1a1c01bbd47fc00a2c39e90264f33305004495a9","hash":"6718ad19cc3eb046702623779cbb7ef272ecbd74"}
,"/Users/bradleycarter/dev/meal-planner/frontend/src/index.tsx": {"path":"/Users/bradleycarter/dev/meal-planner/frontend/src/index.tsx","statementMap":{"0":{"start":{"line":5,"column":0},"end":{"line":19,"column":1}},"1":{"start":{"line":6,"column":24},"end":{"line":6,"column":55}},"2":{"start":{"line":7,"column":4},"end":{"line":9,"column":5}},"3":{"start":{"line":8,"column":8},"end":{"line":8,"column":50}},"4":{"start":{"line":11,"column":17},"end":{"line":11,"column":49}},"5":{"start":{"line":12,"column":4},"end":{"line":16,"column":6}},"6":{"start":{"line":18,"column":4},"end":{"line":18,"column":87}}},"fnMap":{},"branchMap":{"0":{"loc":{"start":{"line":7,"column":4},"end":{"line":9,"column":5}},"type":"if","locations":[{"start":{"line":7,"column":4},"end":{"line":9,"column":5}},{"start":{},"end":{}}],"line":7},"1":{"loc":{"start":{"line":18,"column":18},"end":{"line":18,"column":85}},"type":"cond-expr","locations":[{"start":{"line":18,"column":43},"end":{"line":18,"column":56}},{"start":{"line":18,"column":59},"end":{"line":18,"column":85}}],"line":18}},"s":{"0":4,"1":4,"2":4,"3":1,"4":3,"5":1,"6":3},"f":{},"b":{"0":[1,3],"1":[2,1]},"_coverageSchema":"1a1c01bbd47fc00a2c39e90264f33305004495a9","hash":"74cd3eddabc4a01d651363553404520b92a44bdd"}
,"/Users/bradleycarter/dev/meal-planner/frontend/src/types.ts": {"path":"/Users/bradleycarter/dev/meal-planner/frontend/src/types.ts","statementMap":{},"fnMap":{},"branchMap":{},"s":{},"f":{},"b":{}}
,"/Users/bradleycarter/dev/meal-planner/frontend/src/components/MealManagementTab.tsx": {"path":"/Users/bradleycarter/dev/meal-planner/frontend/src/components/MealManagementTab.tsx","statementMap":{"0":{"start":{"line":20,"column":67},"end":{"line":342,"column":1}},"1":{"start":{"line":21,"column":30},"end":{"line":21,"column":50}},"2":{"start":{"line":22,"column":44},"end":{"line":22,"column":71}},"3":{"start":{"line":23,"column":64},"end":{"line":23,"column":93}},"4":{"start":{"line":24,"column":52},"end":{"line":24,"column":85}},"5":{"start":{"line":25,"column":40},"end":{"line":25,"column":60}},"6":{"start":{"line":28,"column":34},"end":{"line":59,"column":5}},"7":{"start":{"line":46,"column":16},"end":{"line":46,"column":43}},"8":{"start":{"line":46,"column":28},"end":{"line":46,"column":43}},"9":{"start":{"line":47,"column":29},"end":{"line":47,"column":44}},"10":{"start":{"line":48,"column":16},"end":{"line":48,"column":50}},"11":{"start":{"line":56,"column":16},"end":{"line":56,"column":49}},"12":{"start":{"line":62,"column":25},"end":{"line":65,"column":5}},"13":{"start":{"line":63,"column":8},"end":{"line":63,"column":34}},"14":{"start":{"line":63,"column":27},"end":{"line":63,"column":34}},"15":{"start":{"line":64,"column":8},"end":{"line":64,"column":47}},"16":{"start":{"line":68,"column":33},"end":{"line":71,"column":5}},"17":{"start":{"line":69,"column":8},"end":{"line":69,"column":40}},"18":{"start":{"line":70,"column":8},"end":{"line":70,"column":34}},"19":{"start":{"line":74,"column":35},"end":{"line":80,"column":5}},"20":{"start":{"line":75,"column":8},"end":{"line":75,"column":38}},"21":{"start":{"line":75,"column":31},"end":{"line":75,"column":38}},"22":{"start":{"line":76,"column":8},"end":{"line":79,"column":11}},"23":{"start":{"line":83,"column":27},"end":{"line":98,"column":5}},"24":{"start":{"line":84,"column":8},"end":{"line":84,"column":55}},"25":{"start":{"line":84,"column":48},"end":{"line":84,"column":55}},"26":{"start":{"line":86,"column":8},"end":{"line":97,"column":77}},"27":{"start":{"line":91,"column":27},"end":{"line":91,"column":37}},"28":{"start":{"line":93,"column":16},"end":{"line":93,"column":45}},"29":{"start":{"line":94,"column":16},"end":{"line":94,"column":42}},"30":{"start":{"line":95,"column":16},"end":{"line":95,"column":61}},"31":{"start":{"line":97,"column":28},"end":{"line":97,"column":75}},"32":{"start":{"line":101,"column":29},"end":{"line":112,"column":5}},"33":{"start":{"line":102,"column":8},"end":{"line":102,"column":34}},"34":{"start":{"line":102,"column":27},"end":{"line":102,"column":34}},"35":{"start":{"line":103,"column":8},"end":{"line":111,"column":77}},"36":{"start":{"line":106,"column":27},"end":{"line":106,"column":37}},"37":{"start":{"line":108,"column":16},"end":{"line":108,"column":45}},"38":{"start":{"line":109,"column":16},"end":{"line":109,"column":61}},"39":{"start":{"line":111,"column":28},"end":{"line":111,"column":75}},"40":{"start":{"line":114,"column":23},"end":{"line":130,"column":5}},"41":{"start":{"line":115,"column":8},"end":{"line":115,"column":34}},"42":{"start":{"line":115,"column":27},"end":{"line":115,"column":34}},"43":{"start":{"line":117,"column":8},"end":{"line":129,"column":15}},"44":{"start":{"line":121,"column":16},"end":{"line":121,"column":70}},"45":{"start":{"line":121,"column":29},"end":{"line":121,"column":70}},"46":{"start":{"line":122,"column":16},"end":{"line":122,"column":70}},"47":{"start":{"line":122,"column":43},"end":{"line":122,"column":67}},"48":{"start":{"line":123,"column":16},"end":{"line":123,"column":38}},"49":{"start":{"line":124,"column":16},"end":{"line":124,"column":55}},"50":{"start":{"line":127,"column":16},"end":{"line":127,"column":59}},"51":{"start":{"line":128,"column":16},"end":{"line":128,"column":49}},"52":{"start":{"line":132,"column":4},"end":{"line":135,"column":16}},"53":{"start":{"line":133,"column":8},"end":{"line":133,"column":30}},"54":{"start":{"line":134,"column":8},"end":{"line":134,"column":34}},"55":{"start":{"line":137,"column":4},"end":{"line":150,"column":11}},"56":{"start":{"line":138,"column":8},"end":{"line":149,"column":15}},"57":{"start":{"line":140,"column":16},"end":{"line":142,"column":17}},"58":{"start":{"line":141,"column":20},"end":{"line":141,"column":73}},"59":{"start":{"line":143,"column":16},"end":{"line":143,"column":34}},"60":{"start":{"line":145,"column":36},"end":{"line":145,"column":50}},"61":{"start":{"line":147,"column":16},"end":{"line":147,"column":60}},"62":{"start":{"line":148,"column":16},"end":{"line":148,"column":49}},"63":{"start":{"line":153,"column":26},"end":{"line":155,"column":5}},"64":{"start":{"line":154,"column":8},"end":{"line":154,"column":70}},"65":{"start":{"line":157,"column":4},"end":{"line":341,"column":6}},"66":{"start":{"line":173,"column":45},"end":{"line":173,"column":74}},"67":{"start":{"line":181,"column":47},"end":{"line":181,"column":53}},"68":{"start":{"line":188,"column":45},"end":{"line":188,"column":80}},"69":{"start":{"line":188,"column":61},"end":{"line":188,"column":79}},"70":{"start":{"line":189,"column":32},"end":{"line":189,"column":64}},"71":{"start":{"line":189,"column":42},"end":{"line":189,"column":64}},"72":{"start":{"line":261,"column":44},"end":{"line":331,"column":50}},"73":{"start":{"line":281,"column":77},"end":{"line":281,"column":123}},"74":{"start":{"line":288,"column":77},"end":{"line":288,"column":127}},"75":{"start":{"line":294,"column":77},"end":{"line":294,"column":123}},"76":{"start":{"line":314,"column":79},"end":{"line":314,"column":96}},"77":{"start":{"line":323,"column":79},"end":{"line":323,"column":103}}},"fnMap":{"0":{"name":"(anonymous_0)","decl":{"start":{"line":20,"column":67},"end":{"line":20,"column":68}},"loc":{"start":{"line":20,"column":86},"end":{"line":342,"column":1}},"line":20},"1":{"name":"(anonymous_1)","decl":{"start":{"line":45,"column":28},"end":{"line":45,"column":29}},"loc":{"start":{"line":45,"column":54},"end":{"line":49,"column":13}},"line":45},"2":{"name":"(anonymous_2)","decl":{"start":{"line":55,"column":24},"end":{"line":55,"column":25}},"loc":{"start":{"line":55,"column":36},"end":{"line":57,"column":13}},"line":55},"3":{"name":"(anonymous_3)","decl":{"start":{"line":62,"column":25},"end":{"line":62,"column":26}},"loc":{"start":{"line":62,"column":53},"end":{"line":65,"column":5}},"line":62},"4":{"name":"(anonymous_4)","decl":{"start":{"line":68,"column":33},"end":{"line":68,"column":34}},"loc":{"start":{"line":68,"column":39},"end":{"line":71,"column":5}},"line":68},"5":{"name":"(anonymous_5)","decl":{"start":{"line":74,"column":35},"end":{"line":74,"column":36}},"loc":{"start":{"line":74,"column":91},"end":{"line":80,"column":5}},"line":74},"6":{"name":"(anonymous_6)","decl":{"start":{"line":83,"column":27},"end":{"line":83,"column":28}},"loc":{"start":{"line":83,"column":33},"end":{"line":98,"column":5}},"line":83},"7":{"name":"(anonymous_7)","decl":{"start":{"line":91,"column":18},"end":{"line":91,"column":19}},"loc":{"start":{"line":91,"column":27},"end":{"line":91,"column":37}},"line":91},"8":{"name":"(anonymous_8)","decl":{"start":{"line":92,"column":18},"end":{"line":92,"column":19}},"loc":{"start":{"line":92,"column":41},"end":{"line":96,"column":13}},"line":92},"9":{"name":"(anonymous_9)","decl":{"start":{"line":97,"column":19},"end":{"line":97,"column":20}},"loc":{"start":{"line":97,"column":28},"end":{"line":97,"column":75}},"line":97},"10":{"name":"(anonymous_10)","decl":{"start":{"line":101,"column":29},"end":{"line":101,"column":30}},"loc":{"start":{"line":101,"column":55},"end":{"line":112,"column":5}},"line":101},"11":{"name":"(anonymous_11)","decl":{"start":{"line":106,"column":18},"end":{"line":106,"column":19}},"loc":{"start":{"line":106,"column":27},"end":{"line":106,"column":37}},"line":106},"12":{"name":"(anonymous_12)","decl":{"start":{"line":107,"column":18},"end":{"line":107,"column":19}},"loc":{"start":{"line":107,"column":41},"end":{"line":110,"column":13}},"line":107},"13":{"name":"(anonymous_13)","decl":{"start":{"line":111,"column":19},"end":{"line":111,"column":20}},"loc":{"start":{"line":111,"column":28},"end":{"line":111,"column":75}},"line":111},"14":{"name":"(anonymous_14)","decl":{"start":{"line":114,"column":23},"end":{"line":114,"column":24}},"loc":{"start":{"line":114,"column":29},"end":{"line":130,"column":5}},"line":114},"15":{"name":"(anonymous_15)","decl":{"start":{"line":120,"column":18},"end":{"line":120,"column":19}},"loc":{"start":{"line":120,"column":27},"end":{"line":125,"column":13}},"line":120},"16":{"name":"(anonymous_16)","decl":{"start":{"line":122,"column":38},"end":{"line":122,"column":39}},"loc":{"start":{"line":122,"column":43},"end":{"line":122,"column":67}},"line":122},"17":{"name":"(anonymous_17)","decl":{"start":{"line":126,"column":19},"end":{"line":126,"column":20}},"loc":{"start":{"line":126,"column":28},"end":{"line":129,"column":13}},"line":126},"18":{"name":"(anonymous_18)","decl":{"start":{"line":132,"column":14},"end":{"line":132,"column":15}},"loc":{"start":{"line":132,"column":20},"end":{"line":135,"column":5}},"line":132},"19":{"name":"(anonymous_19)","decl":{"start":{"line":137,"column":14},"end":{"line":137,"column":15}},"loc":{"start":{"line":137,"column":20},"end":{"line":150,"column":5}},"line":137},"20":{"name":"(anonymous_20)","decl":{"start":{"line":139,"column":18},"end":{"line":139,"column":19}},"loc":{"start":{"line":139,"column":27},"end":{"line":144,"column":13}},"line":139},"21":{"name":"(anonymous_21)","decl":{"start":{"line":145,"column":18},"end":{"line":145,"column":19}},"loc":{"start":{"line":145,"column":36},"end":{"line":145,"column":50}},"line":145},"22":{"name":"(anonymous_22)","decl":{"start":{"line":146,"column":19},"end":{"line":146,"column":20}},"loc":{"start":{"line":146,"column":28},"end":{"line":149,"column":13}},"line":146},"23":{"name":"(anonymous_23)","decl":{"start":{"line":153,"column":39},"end":{"line":153,"column":40}},"loc":{"start":{"line":154,"column":8},"end":{"line":154,"column":70}},"line":154},"24":{"name":"(anonymous_24)","decl":{"start":{"line":173,"column":38},"end":{"line":173,"column":39}},"loc":{"start":{"line":173,"column":45},"end":{"line":173,"column":74}},"line":173},"25":{"name":"(anonymous_25)","decl":{"start":{"line":181,"column":38},"end":{"line":181,"column":39}},"loc":{"start":{"line":181,"column":47},"end":{"line":181,"column":53}},"line":181},"26":{"name":"(anonymous_26)","decl":{"start":{"line":187,"column":40},"end":{"line":187,"column":41}},"loc":{"start":{"line":187,"column":52},"end":{"line":190,"column":29}},"line":187},"27":{"name":"(anonymous_27)","decl":{"start":{"line":188,"column":56},"end":{"line":188,"column":57}},"loc":{"start":{"line":188,"column":61},"end":{"line":188,"column":79}},"line":188},"28":{"name":"(anonymous_28)","decl":{"start":{"line":260,"column":70},"end":{"line":260,"column":71}},"loc":{"start":{"line":261,"column":44},"end":{"line":331,"column":50}},"line":261},"29":{"name":"(anonymous_29)","decl":{"start":{"line":281,"column":70},"end":{"line":281,"column":71}},"loc":{"start":{"line":281,"column":77},"end":{"line":281,"column":123}},"line":281},"30":{"name":"(anonymous_30)","decl":{"start":{"line":288,"column":70},"end":{"line":288,"column":71}},"loc":{"start":{"line":288,"column":77},"end":{"line":288,"column":127}},"line":288},"31":{"name":"(anonymous_31)","decl":{"start":{"line":294,"column":70},"end":{"line":294,"column":71}},"loc":{"start":{"line":294,"column":77},"end":{"line":294,"column":123}},"line":294},"32":{"name":"(anonymous_32)","decl":{"start":{"line":314,"column":73},"end":{"line":314,"column":74}},"loc":{"start":{"line":314,"column":79},"end":{"line":314,"column":96}},"line":314},"33":{"name":"(anonymous_33)","decl":{"start":{"line":323,"column":73},"end":{"line":323,"column":74}},"loc":{"start":{"line":323,"column":79},"end":{"line":323,"column":103}},"line":323}},"branchMap":{"0":{"loc":{"start":{"line":46,"column":16},"end":{"line":46,"column":43}},"type":"if","locations":[{"start":{"line":46,"column":16},"end":{"line":46,"column":43}},{"start":{},"end":{}}],"line":46},"1":{"loc":{"start":{"line":56,"column":23},"end":{"line":56,"column":48}},"type":"cond-expr","locations":[{"start":{"line":56,"column":38},"end":{"line":56,"column":42}},{"start":{"line":56,"column":45},"end":{"line":56,"column":48}}],"line":56},"2":{"loc":{"start":{"line":63,"column":8},"end":{"line":63,"column":34}},"type":"if","locations":[{"start":{"line":63,"column":8},"end":{"line":63,"column":34}},{"start":{},"end":{}}],"line":63},"3":{"loc":{"start":{"line":75,"column":8},"end":{"line":75,"column":38}},"type":"if","locations":[{"start":{"line":75,"column":8},"end":{"line":75,"column":38}},{"start":{},"end":{}}],"line":75},"4":{"loc":{"start":{"line":78,"column":21},"end":{"line":78,"column":113}},"type":"cond-expr","locations":[{"start":{"line":78,"column":45},"end":{"line":78,"column":104}},{"start":{"line":78,"column":108},"end":{"line":78,"column":113}}],"line":78},"5":{"loc":{"start":{"line":78,"column":45},"end":{"line":78,"column":104}},"type":"cond-expr","locations":[{"start":{"line":78,"column":84},"end":{"line":78,"column":88}},{"start":{"line":78,"column":91},"end":{"line":78,"column":104}}],"line":78},"6":{"loc":{"start":{"line":78,"column":45},"end":{"line":78,"column":81}},"type":"binary-expr","locations":[{"start":{"line":78,"column":45},"end":{"line":78,"column":57}},{"start":{"line":78,"column":61},"end":{"line":78,"column":81}}],"line":78},"7":{"loc":{"start":{"line":84,"column":8},"end":{"line":84,"column":55}},"type":"if","locations":[{"start":{"line":84,"column":8},"end":{"line":84,"column":55}},{"start":{},"end":{}}],"line":84},"8":{"loc":{"start":{"line":84,"column":12},"end":{"line":84,"column":46}},"type":"binary-expr","locations":[{"start":{"line":84,"column":12},"end":{"line":84,"column":25}},{"start":{"line":84,"column":29},"end":{"line":84,"column":46}}],"line":84},"9":{"loc":{"start":{"line":102,"column":8},"end":{"line":102,"column":34}},"type":"if","locations":[{"start":{"line":102,"column":8},"end":{"line":102,"column":34}},{"start":{},"end":{}}],"line":102},"10":{"loc":{"start":{"line":115,"column":8},"end":{"line":115,"column":34}},"type":"if","locations":[{"start":{"line":115,"column":8},"end":{"line":115,"column":34}},{"start":{},"end":{}}],"line":115},"11":{"loc":{"start":{"line":121,"column":16},"end":{"line":121,"column":70}},"type":"if","locations":[{"start":{"line":121,"column":16},"end":{"line":121,"column":70}},{"start":{},"end":{}}],"line":121},"12":{"loc":{"start":{"line":140,"column":16},"end":{"line":142,"column":17}},"type":"if","locations":[{"start":{"line":140,"column":16},"end":{"line":142,"column":17}},{"start":{},"end":{}}],"line":140},"13":{"loc":{"start":{"line":189,"column":32},"end":{"line":189,"column":64}},"type":"if","locations":[{"start":{"line":189,"column":32},"end":{"line":189,"column":64}},{"start":{},"end":{}}],"line":189},"14":{"loc":{"start":{"line":222,"column":17},"end":{"line":338,"column":17}},"type":"binary-expr","locations":[{"start":{"line":222,"column":17},"end":{"line":222,"column":29}},{"start":{"line":222,"column":33},"end":{"line":222,"column":49}},{"start":{"line":223,"column":20},"end":{"line":337,"column":27}}],"line":222},"15":{"loc":{"start":{"line":236,"column":56},"end":{"line":236,"column":91}},"type":"cond-expr","locations":[{"start":{"line":236,"column":79},"end":{"line":236,"column":84}},{"start":{"line":236,"column":87},"end":{"line":236,"column":91}}],"line":236},"16":{"loc":{"start":{"line":239,"column":49},"end":{"line":241,"column":47}},"type":"cond-expr","locations":[{"start":{"line":240,"column":40},"end":{"line":240,"column":97}},{"start":{"line":241,"column":40},"end":{"line":241,"column":47}}],"line":239},"17":{"loc":{"start":{"line":256,"column":33},"end":{"line":334,"column":33}},"type":"cond-expr","locations":[{"start":{"line":257,"column":36},"end":{"line":257,"column":82}},{"start":{"line":259,"column":36},"end":{"line":333,"column":42}}],"line":256},"18":{"loc":{"start":{"line":276,"column":49},"end":{"line":330,"column":49}},"type":"cond-expr","locations":[{"start":{"line":277,"column":52},"end":{"line":305,"column":58}},{"start":{"line":307,"column":52},"end":{"line":329,"column":55}}],"line":276},"19":{"loc":{"start":{"line":276,"column":49},"end":{"line":276,"column":99}},"type":"binary-expr","locations":[{"start":{"line":276,"column":49},"end":{"line":276,"column":65}},{"start":{"line":276,"column":69},"end":{"line":276,"column":99}}],"line":276},"20":{"loc":{"start":{"line":280,"column":67},"end":{"line":280,"column":95}},"type":"binary-expr","locations":[{"start":{"line":280,"column":67},"end":{"line":280,"column":89}},{"start":{"line":280,"column":93},"end":{"line":280,"column":95}}],"line":280},"21":{"loc":{"start":{"line":287,"column":67},"end":{"line":287,"column":136}},"type":"cond-expr","locations":[{"start":{"line":287,"column":105},"end":{"line":287,"column":107}},{"start":{"line":287,"column":110},"end":{"line":287,"column":136}}],"line":287},"22":{"loc":{"start":{"line":293,"column":67},"end":{"line":293,"column":95}},"type":"binary-expr","locations":[{"start":{"line":293,"column":67},"end":{"line":293,"column":89}},{"start":{"line":293,"column":93},"end":{"line":293,"column":95}}],"line":293},"23":{"loc":{"start":{"line":309,"column":64},"end":{"line":309,"column":102}},"type":"cond-expr","locations":[{"start":{"line":309,"column":79},"end":{"line":309,"column":97}},{"start":{"line":309,"column":100},"end":{"line":309,"column":102}}],"line":309},"24":{"loc":{"start":{"line":309,"column":105},"end":{"line":309,"column":135}},"type":"cond-expr","locations":[{"start":{"line":309,"column":116},"end":{"line":309,"column":130}},{"start":{"line":309,"column":133},"end":{"line":309,"column":135}}],"line":309}},"s":{"0":6,"1":42,"2":42,"3":42,"4":42,"5":42,"6":42,"7":0,"8":0,"9":0,"10":0,"11":0,"12":42,"13":3,"14":0,"15":3,"16":42,"17":0,"18":0,"19":42,"20":5,"21":0,"22":5,"23":42,"24":2,"25":0,"26":2,"27":1,"28":1,"29":1,"30":1,"31":1,"32":42,"33":1,"34":0,"35":1,"36":1,"37":1,"38":1,"39":0,"40":42,"41":2,"42":0,"43":2,"44":2,"45":1,"46":1,"47":1,"48":1,"49":1,"50":1,"51":1,"52":42,"53":17,"54":17,"55":42,"56":9,"57":8,"58":0,"59":8,"60":8,"61":1,"62":1,"63":42,"64":31,"65":42,"66":0,"67":0,"68":7,"69":7,"70":7,"71":7,"72":16,"73":1,"74":3,"75":1,"76":3,"77":1},"f":{"0":42,"1":0,"2":0,"3":3,"4":0,"5":5,"6":2,"7":1,"8":1,"9":1,"10":1,"11":1,"12":1,"13":0,"14":2,"15":2,"16":1,"17":1,"18":17,"19":9,"20":8,"21":8,"22":1,"23":31,"24":0,"25":0,"26":7,"27":7,"28":16,"29":1,"30":3,"31":1,"32":3,"33":1},"b":{"0":[0,0],"1":[0,0],"2":[0,3],"3":[0,5],"4":[3,2],"5":[1,2],"6":[3,2],"7":[0,2],"8":[2,2],"9":[0,1],"10":[0,2],"11":[1,1],"12":[0,8],"13":[7,0],"14":[42,17,17],"15":[0,17],"16":[17,0],"17":[1,16],"18":[8,8],"19":[16,8],"20":[8,0],"21":[1,7],"22":[8,0],"23":[8,0],"24":[8,0]},"_coverageSchema":"1a1c01bbd47fc00a2c39e90264f33305004495a9","hash":"bea3e45c2232819171f973573286da49b5149869"}
,"/Users/bradleycarter/dev/meal-planner/frontend/src/components/MealPlanTab.tsx": {"path":"/Users/bradleycarter/dev/meal-planner/frontend/src/components/MealPlanTab.tsx","statementMap":{"0":{"start":{"line":26,"column":55},"end":{"line":286,"column":1}},"1":{"start":{"line":27,"column":36},"end":{"line":27,"column":67}},"2":{"start":{"line":28,"column":44},"end":{"line":28,"column":70}},"3":{"start":{"line":29,"column":48},"end":{"line":29,"column":68}},"4":{"start":{"line":31,"column":4},"end":{"line":36,"column":11}},"5":{"start":{"line":32,"column":8},"end":{"line":35,"column":77}},"6":{"start":{"line":33,"column":27},"end":{"line":33,"column":37}},"7":{"start":{"line":34,"column":38},"end":{"line":34,"column":55}},"8":{"start":{"line":35,"column":28},"end":{"line":35,"column":75}},"9":{"start":{"line":38,"column":4},"end":{"line":43,"column":11}},"10":{"start":{"line":39,"column":8},"end":{"line":42,"column":83}},"11":{"start":{"line":40,"column":27},"end":{"line":40,"column":37}},"12":{"start":{"line":41,"column":36},"end":{"line":41,"column":59}},"13":{"start":{"line":42,"column":28},"end":{"line":42,"column":81}},"14":{"start":{"line":45,"column":25},"end":{"line":60,"column":5}},"15":{"start":{"line":46,"column":8},"end":{"line":46,"column":30}},"16":{"start":{"line":46,"column":23},"end":{"line":46,"column":30}},"17":{"start":{"line":47,"column":8},"end":{"line":59,"column":74}},"18":{"start":{"line":53,"column":16},"end":{"line":55,"column":17}},"19":{"start":{"line":54,"column":20},"end":{"line":54,"column":69}},"20":{"start":{"line":56,"column":16},"end":{"line":56,"column":34}},"21":{"start":{"line":58,"column":28},"end":{"line":58,"column":43}},"22":{"start":{"line":59,"column":28},"end":{"line":59,"column":72}},"23":{"start":{"line":62,"column":21},"end":{"line":77,"column":5}},"24":{"start":{"line":63,"column":28},"end":{"line":63,"column":59}},"25":{"start":{"line":64,"column":8},"end":{"line":64,"column":33}},"26":{"start":{"line":64,"column":26},"end":{"line":64,"column":33}},"27":{"start":{"line":65,"column":8},"end":{"line":76,"column":72}},"28":{"start":{"line":70,"column":27},"end":{"line":70,"column":37}},"29":{"start":{"line":72,"column":16},"end":{"line":72,"column":61}},"30":{"start":{"line":73,"column":16},"end":{"line":73,"column":36}},"31":{"start":{"line":74,"column":16},"end":{"line":74,"column":90}},"32":{"start":{"line":76,"column":28},"end":{"line":76,"column":70}},"33":{"start":{"line":79,"column":28},"end":{"line":90,"column":5}},"34":{"start":{"line":80,"column":8},"end":{"line":80,"column":30}},"35":{"start":{"line":80,"column":23},"end":{"line":80,"column":30}},"36":{"start":{"line":81,"column":24},"end":{"line":81,"column":68}},"37":{"start":{"line":81,"column":60},"end":{"line":81,"column":67}},"38":{"start":{"line":82,"column":8},"end":{"line":89,"column":80}},"39":{"start":{"line":87,"column":27},"end":{"line":87,"column":37}},"40":{"start":{"line":88,"column":49},"end":{"line":88,"column":77}},"41":{"start":{"line":89,"column":28},"end":{"line":89,"column":78}},"42":{"start":{"line":92,"column":29},"end":{"line":116,"column":5}},"43":{"start":{"line":93,"column":8},"end":{"line":93,"column":30}},"44":{"start":{"line":93,"column":23},"end":{"line":93,"column":30}},"45":{"start":{"line":95,"column":8},"end":{"line":115,"column":15}},"46":{"start":{"line":104,"column":16},"end":{"line":104,"column":71}},"47":{"start":{"line":104,"column":29},"end":{"line":104,"column":71}},"48":{"start":{"line":105,"column":16},"end":{"line":105,"column":34}},"49":{"start":{"line":108,"column":16},"end":{"line":108,"column":65}},"50":{"start":{"line":109,"column":16},"end":{"line":109,"column":36}},"51":{"start":{"line":110,"column":16},"end":{"line":110,"column":79}},"52":{"start":{"line":113,"column":16},"end":{"line":113,"column":60}},"53":{"start":{"line":114,"column":16},"end":{"line":114,"column":50}},"54":{"start":{"line":118,"column":40},"end":{"line":128,"column":5}},"55":{"start":{"line":119,"column":30},"end":{"line":121,"column":23}},"56":{"start":{"line":120,"column":25},"end":{"line":120,"column":69}},"57":{"start":{"line":122,"column":8},"end":{"line":127,"column":15}},"58":{"start":{"line":123,"column":24},"end":{"line":123,"column":71}},"59":{"start":{"line":125,"column":16},"end":{"line":125,"column":67}},"60":{"start":{"line":126,"column":16},"end":{"line":126,"column":57}},"61":{"start":{"line":130,"column":36},"end":{"line":143,"column":5}},"62":{"start":{"line":131,"column":8},"end":{"line":131,"column":30}},"63":{"start":{"line":131,"column":23},"end":{"line":131,"column":30}},"64":{"start":{"line":132,"column":25},"end":{"line":132,"column":103}},"65":{"start":{"line":133,"column":30},"end":{"line":136,"column":23}},"66":{"start":{"line":134,"column":27},"end":{"line":134,"column":40}},"67":{"start":{"line":135,"column":24},"end":{"line":135,"column":59}},"68":{"start":{"line":137,"column":8},"end":{"line":142,"column":15}},"69":{"start":{"line":138,"column":24},"end":{"line":138,"column":67}},"70":{"start":{"line":140,"column":16},"end":{"line":140,"column":67}},"71":{"start":{"line":141,"column":16},"end":{"line":141,"column":57}},"72":{"start":{"line":145,"column":4},"end":{"line":285,"column":6}},"73":{"start":{"line":164,"column":61},"end":{"line":164,"column":65}},"74":{"start":{"line":166,"column":57},"end":{"line":166,"column":135}},"75":{"start":{"line":167,"column":53},"end":{"line":167,"column":75}},"76":{"start":{"line":168,"column":53},"end":{"line":168,"column":75}},"77":{"start":{"line":169,"column":40},"end":{"line":169,"column":59}},"78":{"start":{"line":172,"column":40},"end":{"line":209,"column":51}},"79":{"start":{"line":183,"column":75},"end":{"line":183,"column":88}},"80":{"start":{"line":193,"column":81},"end":{"line":193,"column":126}},"81":{"start":{"line":197,"column":81},"end":{"line":197,"column":97}},"82":{"start":{"line":198,"column":84},"end":{"line":198,"column":120}},"83":{"start":{"line":200,"column":72},"end":{"line":202,"column":83}},"84":{"start":{"line":247,"column":53},"end":{"line":247,"column":131}},"85":{"start":{"line":248,"column":36},"end":{"line":248,"column":91}},"86":{"start":{"line":251,"column":36},"end":{"line":255,"column":47}},"87":{"start":{"line":276,"column":28},"end":{"line":279,"column":39}}},"fnMap":{"0":{"name":"(anonymous_0)","decl":{"start":{"line":26,"column":55},"end":{"line":26,"column":56}},"loc":{"start":{"line":26,"column":74},"end":{"line":286,"column":1}},"line":26},"1":{"name":"(anonymous_1)","decl":{"start":{"line":31,"column":14},"end":{"line":31,"column":15}},"loc":{"start":{"line":31,"column":20},"end":{"line":36,"column":5}},"line":31},"2":{"name":"(anonymous_2)","decl":{"start":{"line":33,"column":18},"end":{"line":33,"column":19}},"loc":{"start":{"line":33,"column":27},"end":{"line":33,"column":37}},"line":33},"3":{"name":"(anonymous_3)","decl":{"start":{"line":34,"column":18},"end":{"line":34,"column":19}},"loc":{"start":{"line":34,"column":38},"end":{"line":34,"column":55}},"line":34},"4":{"name":"(anonymous_4)","decl":{"start":{"line":35,"column":19},"end":{"line":35,"column":20}},"loc":{"start":{"line":35,"column":28},"end":{"line":35,"column":75}},"line":35},"5":{"name":"(anonymous_5)","decl":{"start":{"line":38,"column":14},"end":{"line":38,"column":15}},"loc":{"start":{"line":38,"column":20},"end":{"line":43,"column":5}},"line":38},"6":{"name":"(anonymous_6)","decl":{"start":{"line":40,"column":18},"end":{"line":40,"column":19}},"loc":{"start":{"line":40,"column":27},"end":{"line":40,"column":37}},"line":40},"7":{"name":"(anonymous_7)","decl":{"start":{"line":41,"column":18},"end":{"line":41,"column":19}},"loc":{"start":{"line":41,"column":36},"end":{"line":41,"column":59}},"line":41},"8":{"name":"(anonymous_8)","decl":{"start":{"line":42,"column":19},"end":{"line":42,"column":20}},"loc":{"start":{"line":42,"column":28},"end":{"line":42,"column":81}},"line":42},"9":{"name":"(anonymous_9)","decl":{"start":{"line":45,"column":25},"end":{"line":45,"column":26}},"loc":{"start":{"line":45,"column":31},"end":{"line":60,"column":5}},"line":45},"10":{"name":"(anonymous_10)","decl":{"start":{"line":52,"column":18},"end":{"line":52,"column":19}},"loc":{"start":{"line":52,"column":27},"end":{"line":57,"column":13}},"line":52},"11":{"name":"(anonymous_11)","decl":{"start":{"line":58,"column":18},"end":{"line":58,"column":19}},"loc":{"start":{"line":58,"column":28},"end":{"line":58,"column":43}},"line":58},"12":{"name":"(anonymous_12)","decl":{"start":{"line":59,"column":19},"end":{"line":59,"column":20}},"loc":{"start":{"line":59,"column":28},"end":{"line":59,"column":72}},"line":59},"13":{"name":"(anonymous_13)","decl":{"start":{"line":62,"column":21},"end":{"line":62,"column":22}},"loc":{"start":{"line":62,"column":38},"end":{"line":77,"column":5}},"line":62},"14":{"name":"(anonymous_14)","decl":{"start":{"line":70,"column":18},"end":{"line":70,"column":19}},"loc":{"start":{"line":70,"column":27},"end":{"line":70,"column":37}},"line":70},"15":{"name":"(anonymous_15)","decl":{"start":{"line":71,"column":18},"end":{"line":71,"column":19}},"loc":{"start":{"line":71,"column":37},"end":{"line":75,"column":13}},"line":71},"16":{"name":"(anonymous_16)","decl":{"start":{"line":76,"column":19},"end":{"line":76,"column":20}},"loc":{"start":{"line":76,"column":28},"end":{"line":76,"column":70}},"line":76},"17":{"name":"(anonymous_17)","decl":{"start":{"line":79,"column":28},"end":{"line":79,"column":29}},"loc":{"start":{"line":79,"column":34},"end":{"line":90,"column":5}},"line":79},"18":{"name":"(anonymous_18)","decl":{"start":{"line":81,"column":52},"end":{"line":81,"column":53}},"loc":{"start":{"line":81,"column":60},"end":{"line":81,"column":67}},"line":81},"19":{"name":"(anonymous_19)","decl":{"start":{"line":87,"column":18},"end":{"line":87,"column":19}},"loc":{"start":{"line":87,"column":27},"end":{"line":87,"column":37}},"line":87},"20":{"name":"(anonymous_20)","decl":{"start":{"line":88,"column":18},"end":{"line":88,"column":19}},"loc":{"start":{"line":88,"column":49},"end":{"line":88,"column":77}},"line":88},"21":{"name":"(anonymous_21)","decl":{"start":{"line":89,"column":19},"end":{"line":89,"column":20}},"loc":{"start":{"line":89,"column":28},"end":{"line":89,"column":78}},"line":89},"22":{"name":"(anonymous_22)","decl":{"start":{"line":92,"column":29},"end":{"line":92,"column":30}},"loc":{"start":{"line":92,"column":65},"end":{"line":116,"column":5}},"line":92},"23":{"name":"(anonymous_23)","decl":{"start":{"line":103,"column":18},"end":{"line":103,"column":19}},"loc":{"start":{"line":103,"column":27},"end":{"line":106,"column":13}},"line":103},"24":{"name":"(anonymous_24)","decl":{"start":{"line":107,"column":18},"end":{"line":107,"column":19}},"loc":{"start":{"line":107,"column":41},"end":{"line":111,"column":13}},"line":107},"25":{"name":"(anonymous_25)","decl":{"start":{"line":112,"column":19},"end":{"line":112,"column":20}},"loc":{"start":{"line":112,"column":28},"end":{"line":115,"column":13}},"line":112},"26":{"name":"(anonymous_26)","decl":{"start":{"line":118,"column":40},"end":{"line":118,"column":41}},"loc":{"start":{"line":118,"column":46},"end":{"line":128,"column":5}},"line":118},"27":{"name":"(anonymous_27)","decl":{"start":{"line":120,"column":17},"end":{"line":120,"column":18}},"loc":{"start":{"line":120,"column":25},"end":{"line":120,"column":69}},"line":120},"28":{"name":"(anonymous_28)","decl":{"start":{"line":123,"column":18},"end":{"line":123,"column":19}},"loc":{"start":{"line":123,"column":24},"end":{"line":123,"column":71}},"line":123},"29":{"name":"(anonymous_29)","decl":{"start":{"line":124,"column":19},"end":{"line":124,"column":20}},"loc":{"start":{"line":124,"column":26},"end":{"line":127,"column":13}},"line":124},"30":{"name":"(anonymous_30)","decl":{"start":{"line":130,"column":36},"end":{"line":130,"column":37}},"loc":{"start":{"line":130,"column":42},"end":{"line":143,"column":5}},"line":130},"31":{"name":"(anonymous_31)","decl":{"start":{"line":134,"column":20},"end":{"line":134,"column":21}},"loc":{"start":{"line":134,"column":27},"end":{"line":134,"column":40}},"line":134},"32":{"name":"(anonymous_32)","decl":{"start":{"line":135,"column":17},"end":{"line":135,"column":18}},"loc":{"start":{"line":135,"column":24},"end":{"line":135,"column":59}},"line":135},"33":{"name":"(anonymous_33)","decl":{"start":{"line":138,"column":18},"end":{"line":138,"column":19}},"loc":{"start":{"line":138,"column":24},"end":{"line":138,"column":67}},"line":138},"34":{"name":"(anonymous_34)","decl":{"start":{"line":139,"column":19},"end":{"line":139,"column":20}},"loc":{"start":{"line":139,"column":26},"end":{"line":142,"column":13}},"line":139},"35":{"name":"(anonymous_35)","decl":{"start":{"line":164,"column":44},"end":{"line":164,"column":45}},"loc":{"start":{"line":164,"column":61},"end":{"line":164,"column":65}},"line":164},"36":{"name":"(anonymous_36)","decl":{"start":{"line":165,"column":42},"end":{"line":165,"column":43}},"loc":{"start":{"line":165,"column":52},"end":{"line":170,"column":37}},"line":165},"37":{"name":"(anonymous_37)","decl":{"start":{"line":171,"column":41},"end":{"line":171,"column":42}},"loc":{"start":{"line":172,"column":40},"end":{"line":209,"column":51}},"line":172},"38":{"name":"(anonymous_38)","decl":{"start":{"line":183,"column":69},"end":{"line":183,"column":70}},"loc":{"start":{"line":183,"column":75},"end":{"line":183,"column":88}},"line":183},"39":{"name":"(anonymous_39)","decl":{"start":{"line":193,"column":74},"end":{"line":193,"column":75}},"loc":{"start":{"line":193,"column":81},"end":{"line":193,"column":126}},"line":193},"40":{"name":"(anonymous_40)","decl":{"start":{"line":197,"column":76},"end":{"line":197,"column":77}},"loc":{"start":{"line":197,"column":81},"end":{"line":197,"column":97}},"line":197},"41":{"name":"(anonymous_41)","decl":{"start":{"line":198,"column":74},"end":{"line":198,"column":75}},"loc":{"start":{"line":198,"column":84},"end":{"line":198,"column":120}},"line":198},"42":{"name":"(anonymous_42)","decl":{"start":{"line":199,"column":73},"end":{"line":199,"column":74}},"loc":{"start":{"line":200,"column":72},"end":{"line":202,"column":83}},"line":200},"43":{"name":"(anonymous_43)","decl":{"start":{"line":246,"column":38},"end":{"line":246,"column":39}},"loc":{"start":{"line":246,"column":58},"end":{"line":249,"column":33}},"line":246},"44":{"name":"(anonymous_44)","decl":{"start":{"line":250,"column":37},"end":{"line":250,"column":38}},"loc":{"start":{"line":251,"column":36},"end":{"line":255,"column":47}},"line":251},"45":{"name":"(anonymous_45)","decl":{"start":{"line":275,"column":42},"end":{"line":275,"column":43}},"loc":{"start":{"line":276,"column":28},"end":{"line":279,"column":39}},"line":276}},"branchMap":{"0":{"loc":{"start":{"line":46,"column":8},"end":{"line":46,"column":30}},"type":"if","locations":[{"start":{"line":46,"column":8},"end":{"line":46,"column":30}},{"start":{},"end":{}}],"line":46},"1":{"loc":{"start":{"line":53,"column":16},"end":{"line":55,"column":17}},"type":"if","locations":[{"start":{"line":53,"column":16},"end":{"line":55,"column":17}},{"start":{},"end":{}}],"line":53},"2":{"loc":{"start":{"line":63,"column":28},"end":{"line":63,"column":59}},"type":"cond-expr","locations":[{"start":{"line":63,"column":39},"end":{"line":63,"column":52}},{"start":{"line":63,"column":55},"end":{"line":63,"column":59}}],"line":63},"3":{"loc":{"start":{"line":64,"column":8},"end":{"line":64,"column":33}},"type":"if","locations":[{"start":{"line":64,"column":8},"end":{"line":64,"column":33}},{"start":{},"end":{}}],"line":64},"4":{"loc":{"start":{"line":80,"column":8},"end":{"line":80,"column":30}},"type":"if","locations":[{"start":{"line":80,"column":8},"end":{"line":80,"column":30}},{"start":{},"end":{}}],"line":80},"5":{"loc":{"start":{"line":93,"column":8},"end":{"line":93,"column":30}},"type":"if","locations":[{"start":{"line":93,"column":8},"end":{"line":93,"column":30}},{"start":{},"end":{}}],"line":93},"6":{"loc":{"start":{"line":104,"column":16},"end":{"line":104,"column":71}},"type":"if","locations":[{"start":{"line":104,"column":16},"end":{"line":104,"column":71}},{"start":{},"end":{}}],"line":104},"7":{"loc":{"start":{"line":131,"column":8},"end":{"line":131,"column":30}},"type":"if","locations":[{"start":{"line":131,"column":8},"end":{"line":131,"column":30}},{"start":{},"end":{}}],"line":131},"8":{"loc":{"start":{"line":150,"column":13},"end":{"line":217,"column":13}},"type":"cond-expr","locations":[{"start":{"line":151,"column":16},"end":{"line":214,"column":24}},{"start":{"line":216,"column":16},"end":{"line":216,"column":61}}],"line":150},"9":{"loc":{"start":{"line":162,"column":29},"end":{"line":211,"column":29}},"type":"binary-expr","locations":[{"start":{"line":162,"column":29},"end":{"line":162,"column":37}},{"start":{"line":163,"column":32},"end":{"line":210,"column":38}}],"line":162},"10":{"loc":{"start":{"line":177,"column":49},"end":{"line":207,"column":49}},"type":"binary-expr","locations":[{"start":{"line":177,"column":49},"end":{"line":177,"column":53}},{"start":{"line":177,"column":57},"end":{"line":177,"column":73}},{"start":{"line":177,"column":77},"end":{"line":177,"column":107}},{"start":{"line":178,"column":52},"end":{"line":206,"column":58}}],"line":177},"11":{"loc":{"start":{"line":228,"column":13},"end":{"line":283,"column":13}},"type":"binary-expr","locations":[{"start":{"line":228,"column":13},"end":{"line":228,"column":36}},{"start":{"line":229,"column":16},"end":{"line":282,"column":22}}],"line":228},"12":{"loc":{"start":{"line":245,"column":44},"end":{"line":245,"column":58}},"type":"binary-expr","locations":[{"start":{"line":245,"column":44},"end":{"line":245,"column":52}},{"start":{"line":245,"column":56},"end":{"line":245,"column":58}}],"line":245}},"s":{"0":6,"1":56,"2":56,"3":56,"4":56,"5":26,"6":25,"7":25,"8":1,"9":56,"10":26,"11":25,"12":25,"13":1,"14":56,"15":4,"16":1,"17":3,"18":2,"19":0,"20":2,"21":2,"22":1,"23":56,"24":3,"25":3,"26":0,"27":3,"28":2,"29":2,"30":2,"31":2,"32":1,"33":56,"34":9,"35":1,"36":8,"37":22,"38":8,"39":7,"40":7,"41":1,"42":56,"43":2,"44":0,"45":2,"46":1,"47":0,"48":1,"49":1,"50":1,"51":1,"52":1,"53":1,"54":56,"55":2,"56":4,"57":2,"58":1,"59":1,"60":1,"61":56,"62":2,"63":0,"64":2,"65":2,"66":14,"67":6,"68":2,"69":1,"70":1,"71":1,"72":56,"73":78,"74":48,"75":48,"76":48,"77":48,"78":78,"79":3,"80":2,"81":103,"82":45,"83":96,"84":10,"85":10,"86":15,"87":10},"f":{"0":56,"1":26,"2":25,"3":25,"4":1,"5":26,"6":25,"7":25,"8":1,"9":4,"10":2,"11":2,"12":1,"13":3,"14":2,"15":2,"16":1,"17":9,"18":22,"19":7,"20":7,"21":1,"22":2,"23":1,"24":1,"25":1,"26":2,"27":4,"28":1,"29":1,"30":2,"31":14,"32":6,"33":1,"34":1,"35":78,"36":48,"37":78,"38":3,"39":2,"40":103,"41":45,"42":96,"43":10,"44":15,"45":10},"b":{"0":[1,3],"1":[0,2],"2":[3,0],"3":[0,3],"4":[1,8],"5":[0,2],"6":[0,1],"7":[0,2],"8":[30,26],"9":[30,30],"10":[78,78,54,54],"11":[56,5],"12":[5,0]},"_coverageSchema":"1a1c01bbd47fc00a2c39e90264f33305004495a9","hash":"2fe46a90370e95c33435ab1a149fde5e75dad4f9"}
,"/Users/bradleycarter/dev/meal-planner/frontend/src/components/Toast.tsx": {"path":"/Users/bradleycarter/dev/meal-planner/frontend/src/components/Toast.tsx","statementMap":{"0":{"start":{"line":7,"column":43},"end":{"line":27,"column":1}},"1":{"start":{"line":8,"column":4},"end":{"line":8,"column":30}},"2":{"start":{"line":8,"column":18},"end":{"line":8,"column":30}},"3":{"start":{"line":10,"column":4},"end":{"line":26,"column":6}}},"fnMap":{"0":{"name":"(anonymous_0)","decl":{"start":{"line":7,"column":43},"end":{"line":7,"column":44}},"loc":{"start":{"line":7,"column":60},"end":{"line":27,"column":1}},"line":7}},"branchMap":{"0":{"loc":{"start":{"line":8,"column":4},"end":{"line":8,"column":30}},"type":"if","locations":[{"start":{"line":8,"column":4},"end":{"line":8,"column":30}},{"start":{},"end":{}}],"line":8}},"s":{"0":5,"1":8,"2":7,"3":1},"f":{"0":8},"b":{"0":[7,1]},"_coverageSchema":"1a1c01bbd47fc00a2c39e90264f33305004495a9","hash":"ff72c26969046895c1302981812a787fc76441f3"}
}
