TN:
SF:src/App.tsx
FN:8,(anonymous_0)
FN:13,(anonymous_1)
FN:15,(anonymous_2)
FN:22,(anonymous_3)
FNF:4
FNH:4
FNDA:9,(anonymous_0)
FNDA:1,(anonymous_1)
FNDA:1,(anonymous_2)
FNDA:2,(anonymous_3)
DA:8,5
DA:9,9
DA:10,8
DA:13,8
DA:14,1
DA:15,1
DA:16,1
DA:20,8
DA:22,2
LF:9
LH:9
BRDA:27,0,0,8
BRDA:27,0,1,7
BRDA:28,1,0,8
BRDA:28,1,1,1
BRF:4
BRH:4
end_of_record
TN:
SF:src/index.tsx
FNF:0
FNH:0
DA:5,4
DA:6,4
DA:7,4
DA:8,1
DA:11,3
DA:12,1
DA:18,3
LF:7
LH:7
BRDA:7,0,0,1
BRDA:7,0,1,3
BRDA:18,1,0,2
BRDA:18,1,1,1
BRF:4
BRH:4
end_of_record
TN:
SF:src/types.ts
FNF:0
FNH:0
LF:0
LH:0
BRF:0
BRH:0
end_of_record
TN:
SF:src/components/MealManagementTab.tsx
FN:20,(anonymous_0)
FN:45,(anonymous_1)
FN:55,(anonymous_2)
FN:62,(anonymous_3)
FN:68,(anonymous_4)
FN:74,(anonymous_5)
FN:83,(anonymous_6)
FN:91,(anonymous_7)
FN:92,(anonymous_8)
FN:97,(anonymous_9)
FN:101,(anonymous_10)
FN:106,(anonymous_11)
FN:107,(anonymous_12)
FN:111,(anonymous_13)
FN:114,(anonymous_14)
FN:120,(anonymous_15)
FN:122,(anonymous_16)
FN:126,(anonymous_17)
FN:132,(anonymous_18)
FN:137,(anonymous_19)
FN:139,(anonymous_20)
FN:145,(anonymous_21)
FN:146,(anonymous_22)
FN:153,(anonymous_23)
FN:173,(anonymous_24)
FN:181,(anonymous_25)
FN:187,(anonymous_26)
FN:188,(anonymous_27)
FN:260,(anonymous_28)
FN:281,(anonymous_29)
FN:288,(anonymous_30)
FN:294,(anonymous_31)
FN:314,(anonymous_32)
FN:323,(anonymous_33)
FNF:34
FNH:28
FNDA:42,(anonymous_0)
FNDA:0,(anonymous_1)
FNDA:0,(anonymous_2)
FNDA:3,(anonymous_3)
FNDA:0,(anonymous_4)
FNDA:5,(anonymous_5)
FNDA:2,(anonymous_6)
FNDA:1,(anonymous_7)
FNDA:1,(anonymous_8)
FNDA:1,(anonymous_9)
FNDA:1,(anonymous_10)
FNDA:1,(anonymous_11)
FNDA:1,(anonymous_12)
FNDA:0,(anonymous_13)
FNDA:2,(anonymous_14)
FNDA:2,(anonymous_15)
FNDA:1,(anonymous_16)
FNDA:1,(anonymous_17)
FNDA:17,(anonymous_18)
FNDA:9,(anonymous_19)
FNDA:8,(anonymous_20)
FNDA:8,(anonymous_21)
FNDA:1,(anonymous_22)
FNDA:31,(anonymous_23)
FNDA:0,(anonymous_24)
FNDA:0,(anonymous_25)
FNDA:7,(anonymous_26)
FNDA:7,(anonymous_27)
FNDA:16,(anonymous_28)
FNDA:1,(anonymous_29)
FNDA:3,(anonymous_30)
FNDA:1,(anonymous_31)
FNDA:3,(anonymous_32)
FNDA:1,(anonymous_33)
DA:20,6
DA:21,42
DA:22,42
DA:23,42
DA:24,42
DA:25,42
DA:28,42
DA:46,0
DA:47,0
DA:48,0
DA:56,0
DA:62,42
DA:63,3
DA:64,3
DA:68,42
DA:69,0
DA:70,0
DA:74,42
DA:75,5
DA:76,5
DA:83,42
DA:84,2
DA:86,2
DA:91,1
DA:93,1
DA:94,1
DA:95,1
DA:97,1
DA:101,42
DA:102,1
DA:103,1
DA:106,1
DA:108,1
DA:109,1
DA:111,0
DA:114,42
DA:115,2
DA:117,2
DA:121,2
DA:122,1
DA:123,1
DA:124,1
DA:127,1
DA:128,1
DA:132,42
DA:133,17
DA:134,17
DA:137,42
DA:138,9
DA:140,8
DA:141,0
DA:143,8
DA:145,8
DA:147,1
DA:148,1
DA:153,42
DA:154,31
DA:157,42
DA:173,0
DA:181,0
DA:188,7
DA:189,7
DA:261,16
DA:281,1
DA:288,3
DA:294,1
DA:314,3
DA:323,1
LF:68
LH:58
BRDA:46,0,0,0
BRDA:46,0,1,0
BRDA:56,1,0,0
BRDA:56,1,1,0
BRDA:63,2,0,0
BRDA:63,2,1,3
BRDA:75,3,0,0
BRDA:75,3,1,5
BRDA:78,4,0,3
BRDA:78,4,1,2
BRDA:78,5,0,1
BRDA:78,5,1,2
BRDA:78,6,0,3
BRDA:78,6,1,2
BRDA:84,7,0,0
BRDA:84,7,1,2
BRDA:84,8,0,2
BRDA:84,8,1,2
BRDA:102,9,0,0
BRDA:102,9,1,1
BRDA:115,10,0,0
BRDA:115,10,1,2
BRDA:121,11,0,1
BRDA:121,11,1,1
BRDA:140,12,0,0
BRDA:140,12,1,8
BRDA:189,13,0,7
BRDA:189,13,1,0
BRDA:222,14,0,42
BRDA:222,14,1,17
BRDA:222,14,2,17
BRDA:236,15,0,0
BRDA:236,15,1,17
BRDA:239,16,0,17
BRDA:239,16,1,0
BRDA:256,17,0,1
BRDA:256,17,1,16
BRDA:276,18,0,8
BRDA:276,18,1,8
BRDA:276,19,0,16
BRDA:276,19,1,8
BRDA:280,20,0,8
BRDA:280,20,1,0
BRDA:287,21,0,1
BRDA:287,21,1,7
BRDA:293,22,0,8
BRDA:293,22,1,0
BRDA:309,23,0,8
BRDA:309,23,1,0
BRDA:309,24,0,8
BRDA:309,24,1,0
BRF:51
BRH:34
end_of_record
TN:
SF:src/components/MealPlanTab.tsx
FN:26,(anonymous_0)
FN:31,(anonymous_1)
FN:33,(anonymous_2)
FN:34,(anonymous_3)
FN:35,(anonymous_4)
FN:38,(anonymous_5)
FN:40,(anonymous_6)
FN:41,(anonymous_7)
FN:42,(anonymous_8)
FN:45,(anonymous_9)
FN:52,(anonymous_10)
FN:58,(anonymous_11)
FN:59,(anonymous_12)
FN:62,(anonymous_13)
FN:70,(anonymous_14)
FN:71,(anonymous_15)
FN:76,(anonymous_16)
FN:79,(anonymous_17)
FN:81,(anonymous_18)
FN:87,(anonymous_19)
FN:88,(anonymous_20)
FN:89,(anonymous_21)
FN:92,(anonymous_22)
FN:103,(anonymous_23)
FN:107,(anonymous_24)
FN:112,(anonymous_25)
FN:118,(anonymous_26)
FN:120,(anonymous_27)
FN:123,(anonymous_28)
FN:124,(anonymous_29)
FN:130,(anonymous_30)
FN:134,(anonymous_31)
FN:135,(anonymous_32)
FN:138,(anonymous_33)
FN:139,(anonymous_34)
FN:164,(anonymous_35)
FN:165,(anonymous_36)
FN:171,(anonymous_37)
FN:183,(anonymous_38)
FN:193,(anonymous_39)
FN:197,(anonymous_40)
FN:198,(anonymous_41)
FN:199,(anonymous_42)
FN:246,(anonymous_43)
FN:250,(anonymous_44)
FN:275,(anonymous_45)
FNF:46
FNH:46
FNDA:56,(anonymous_0)
FNDA:26,(anonymous_1)
FNDA:25,(anonymous_2)
FNDA:25,(anonymous_3)
FNDA:1,(anonymous_4)
FNDA:26,(anonymous_5)
FNDA:25,(anonymous_6)
FNDA:25,(anonymous_7)
FNDA:1,(anonymous_8)
FNDA:4,(anonymous_9)
FNDA:2,(anonymous_10)
FNDA:2,(anonymous_11)
FNDA:1,(anonymous_12)
FNDA:3,(anonymous_13)
FNDA:2,(anonymous_14)
FNDA:2,(anonymous_15)
FNDA:1,(anonymous_16)
FNDA:9,(anonymous_17)
FNDA:22,(anonymous_18)
FNDA:7,(anonymous_19)
FNDA:7,(anonymous_20)
FNDA:1,(anonymous_21)
FNDA:2,(anonymous_22)
FNDA:1,(anonymous_23)
FNDA:1,(anonymous_24)
FNDA:1,(anonymous_25)
FNDA:2,(anonymous_26)
FNDA:4,(anonymous_27)
FNDA:1,(anonymous_28)
FNDA:1,(anonymous_29)
FNDA:2,(anonymous_30)
FNDA:14,(anonymous_31)
FNDA:6,(anonymous_32)
FNDA:1,(anonymous_33)
FNDA:1,(anonymous_34)
FNDA:78,(anonymous_35)
FNDA:48,(anonymous_36)
FNDA:78,(anonymous_37)
FNDA:3,(anonymous_38)
FNDA:2,(anonymous_39)
FNDA:103,(anonymous_40)
FNDA:45,(anonymous_41)
FNDA:96,(anonymous_42)
FNDA:10,(anonymous_43)
FNDA:15,(anonymous_44)
FNDA:10,(anonymous_45)
DA:26,6
DA:27,56
DA:28,56
DA:29,56
DA:31,56
DA:32,26
DA:33,25
DA:34,25
DA:35,1
DA:38,56
DA:39,26
DA:40,25
DA:41,25
DA:42,1
DA:45,56
DA:46,4
DA:47,3
DA:53,2
DA:54,0
DA:56,2
DA:58,2
DA:59,1
DA:62,56
DA:63,3
DA:64,3
DA:65,3
DA:70,2
DA:72,2
DA:73,2
DA:74,2
DA:76,1
DA:79,56
DA:80,9
DA:81,22
DA:82,8
DA:87,7
DA:88,7
DA:89,1
DA:92,56
DA:93,2
DA:95,2
DA:104,1
DA:105,1
DA:108,1
DA:109,1
DA:110,1
DA:113,1
DA:114,1
DA:118,56
DA:119,2
DA:120,4
DA:122,2
DA:123,1
DA:125,1
DA:126,1
DA:130,56
DA:131,2
DA:132,2
DA:133,2
DA:134,14
DA:135,6
DA:137,2
DA:138,1
DA:140,1
DA:141,1
DA:145,56
DA:164,78
DA:166,48
DA:167,48
DA:168,48
DA:169,48
DA:172,78
DA:183,3
DA:193,2
DA:197,103
DA:198,45
DA:200,96
DA:247,10
DA:248,10
DA:251,15
DA:276,10
LF:81
LH:80
BRDA:46,0,0,1
BRDA:46,0,1,3
BRDA:53,1,0,0
BRDA:53,1,1,2
BRDA:63,2,0,3
BRDA:63,2,1,0
BRDA:64,3,0,0
BRDA:64,3,1,3
BRDA:80,4,0,1
BRDA:80,4,1,8
BRDA:93,5,0,0
BRDA:93,5,1,2
BRDA:104,6,0,0
BRDA:104,6,1,1
BRDA:131,7,0,0
BRDA:131,7,1,2
BRDA:150,8,0,30
BRDA:150,8,1,26
BRDA:162,9,0,30
BRDA:162,9,1,30
BRDA:177,10,0,78
BRDA:177,10,1,78
BRDA:177,10,2,54
BRDA:177,10,3,54
BRDA:228,11,0,56
BRDA:228,11,1,5
BRDA:245,12,0,5
BRDA:245,12,1,0
BRF:28
BRH:21
end_of_record
TN:
SF:src/components/Toast.tsx
FN:7,(anonymous_0)
FNF:1
FNH:1
FNDA:8,(anonymous_0)
DA:7,5
DA:8,8
DA:10,1
LF:3
LH:3
BRDA:8,0,0,7
BRDA:8,0,1,1
BRF:2
BRH:2
end_of_record
