TN:
SF:src/App.tsx
FN:8,(anonymous_0)
FN:13,(anonymous_1)
FN:15,(anonymous_2)
FN:22,(anonymous_3)
FNF:4
FNH:4
FNDA:9,(anonymous_0)
FNDA:1,(anonymous_1)
FNDA:1,(anonymous_2)
FNDA:2,(anonymous_3)
DA:8,5
DA:9,9
DA:10,8
DA:13,8
DA:14,1
DA:15,1
DA:16,1
DA:20,8
DA:22,2
LF:9
LH:9
BRDA:27,0,0,8
BRDA:27,0,1,7
BRDA:28,1,0,8
BRDA:28,1,1,1
BRF:4
BRH:4
end_of_record
TN:
SF:src/index.tsx
FNF:0
FNH:0
DA:5,4
DA:6,4
DA:7,4
DA:8,1
DA:11,3
DA:12,1
DA:18,3
LF:7
LH:7
BRDA:7,0,0,1
BRDA:7,0,1,3
BRDA:18,1,0,2
BRDA:18,1,1,1
BRF:4
BRH:4
end_of_record
TN:
SF:src/types.ts
FNF:0
FNH:0
LF:0
LH:0
BRF:0
BRH:0
end_of_record
TN:
SF:src/components/MealManagementTab.tsx
FN:22,(anonymous_0)
FN:30,(anonymous_1)
FN:36,(anonymous_2)
FN:42,(anonymous_3)
FN:51,(anonymous_4)
FN:60,(anonymous_5)
FN:61,(anonymous_6)
FN:66,(anonymous_7)
FN:70,(anonymous_8)
FN:75,(anonymous_9)
FN:76,(anonymous_10)
FN:80,(anonymous_11)
FN:84,(anonymous_12)
FN:90,(anonymous_13)
FN:93,(anonymous_14)
FN:97,(anonymous_15)
FN:104,(anonymous_16)
FN:110,(anonymous_17)
FN:112,(anonymous_18)
FN:118,(anonymous_19)
FN:119,(anonymous_20)
FN:145,(anonymous_21)
FN:152,(anonymous_22)
FN:155,(anonymous_23)
FN:159,(anonymous_24)
FN:212,(anonymous_25)
FN:219,(anonymous_26)
FN:225,(anonymous_27)
FN:230,(anonymous_28)
FN:247,(anonymous_29)
FN:252,(anonymous_30)
FNF:31
FNH:31
FNDA:96,(anonymous_0)
FNDA:8,(anonymous_1)
FNDA:4,(anonymous_2)
FNDA:4,(anonymous_3)
FNDA:2,(anonymous_4)
FNDA:1,(anonymous_5)
FNDA:1,(anonymous_6)
FNDA:1,(anonymous_7)
FNDA:5,(anonymous_8)
FNDA:4,(anonymous_9)
FNDA:4,(anonymous_10)
FNDA:1,(anonymous_11)
FNDA:2,(anonymous_12)
FNDA:2,(anonymous_13)
FNDA:1,(anonymous_14)
FNDA:1,(anonymous_15)
FNDA:40,(anonymous_16)
FNDA:22,(anonymous_17)
FNDA:21,(anonymous_18)
FNDA:19,(anonymous_19)
FNDA:3,(anonymous_20)
FNDA:2,(anonymous_21)
FNDA:72,(anonymous_22)
FNDA:71,(anonymous_23)
FNDA:15,(anonymous_24)
FNDA:34,(anonymous_25)
FNDA:1,(anonymous_26)
FNDA:2,(anonymous_27)
FNDA:1,(anonymous_28)
FNDA:8,(anonymous_29)
FNDA:5,(anonymous_30)
DA:22,6
DA:23,96
DA:24,96
DA:25,96
DA:26,96
DA:27,96
DA:30,96
DA:31,8
DA:32,8
DA:36,96
DA:37,4
DA:38,4
DA:42,96
DA:43,4
DA:44,4
DA:51,96
DA:52,2
DA:55,2
DA:60,1
DA:62,1
DA:63,1
DA:64,1
DA:66,1
DA:70,96
DA:71,5
DA:72,5
DA:75,4
DA:77,4
DA:78,4
DA:80,1
DA:84,96
DA:85,2
DA:87,2
DA:91,2
DA:93,1
DA:94,1
DA:95,1
DA:98,1
DA:99,1
DA:104,96
DA:105,40
DA:106,40
DA:110,96
DA:111,22
DA:113,21
DA:114,1
DA:116,20
DA:118,19
DA:120,3
DA:121,3
DA:125,96
DA:145,2
DA:153,72
DA:156,71
DA:159,15
DA:213,34
DA:219,1
DA:225,2
DA:230,1
DA:247,8
DA:252,5
LF:61
LH:61
BRDA:31,0,0,0
BRDA:31,0,1,8
BRDA:43,1,0,0
BRDA:43,1,1,4
BRDA:46,2,0,2
BRDA:46,2,1,2
BRDA:52,3,0,0
BRDA:52,3,1,2
BRDA:52,4,0,2
BRDA:52,4,1,2
BRDA:71,5,0,0
BRDA:71,5,1,5
BRDA:85,6,0,0
BRDA:85,6,1,2
BRDA:91,7,0,1
BRDA:91,7,1,1
BRDA:113,8,0,1
BRDA:113,8,1,20
BRDA:135,9,0,24
BRDA:135,9,1,72
BRDA:172,10,0,96
BRDA:172,10,1,36
BRDA:172,10,2,36
BRDA:186,11,0,0
BRDA:186,11,1,36
BRDA:208,12,0,4
BRDA:208,12,1,32
BRDA:214,13,0,13
BRDA:214,13,1,21
BRDA:214,14,0,34
BRDA:214,14,1,14
BRDA:218,15,0,13
BRDA:218,15,1,0
BRDA:224,16,0,13
BRDA:224,16,1,1
BRDA:229,17,0,13
BRDA:229,17,1,0
BRF:37
BRH:29
end_of_record
TN:
SF:src/components/MealPlanTab.tsx
FN:26,(anonymous_0)
FN:31,(anonymous_1)
FN:33,(anonymous_2)
FN:34,(anonymous_3)
FN:35,(anonymous_4)
FN:38,(anonymous_5)
FN:40,(anonymous_6)
FN:41,(anonymous_7)
FN:42,(anonymous_8)
FN:45,(anonymous_9)
FN:52,(anonymous_10)
FN:58,(anonymous_11)
FN:59,(anonymous_12)
FN:62,(anonymous_13)
FN:70,(anonymous_14)
FN:71,(anonymous_15)
FN:76,(anonymous_16)
FN:79,(anonymous_17)
FN:86,(anonymous_18)
FN:87,(anonymous_19)
FN:88,(anonymous_20)
FN:91,(anonymous_21)
FN:102,(anonymous_22)
FN:106,(anonymous_23)
FN:111,(anonymous_24)
FN:136,(anonymous_25)
FN:137,(anonymous_26)
FN:143,(anonymous_27)
FN:155,(anonymous_28)
FN:165,(anonymous_29)
FN:169,(anonymous_30)
FN:170,(anonymous_31)
FN:205,(anonymous_32)
FNF:33
FNH:33
FNDA:44,(anonymous_0)
FNDA:22,(anonymous_1)
FNDA:21,(anonymous_2)
FNDA:21,(anonymous_3)
FNDA:1,(anonymous_4)
FNDA:22,(anonymous_5)
FNDA:21,(anonymous_6)
FNDA:21,(anonymous_7)
FNDA:1,(anonymous_8)
FNDA:4,(anonymous_9)
FNDA:2,(anonymous_10)
FNDA:2,(anonymous_11)
FNDA:1,(anonymous_12)
FNDA:3,(anonymous_13)
FNDA:2,(anonymous_14)
FNDA:2,(anonymous_15)
FNDA:1,(anonymous_16)
FNDA:5,(anonymous_17)
FNDA:3,(anonymous_18)
FNDA:3,(anonymous_19)
FNDA:1,(anonymous_20)
FNDA:2,(anonymous_21)
FNDA:1,(anonymous_22)
FNDA:1,(anonymous_23)
FNDA:1,(anonymous_24)
FNDA:54,(anonymous_25)
FNDA:32,(anonymous_26)
FNDA:54,(anonymous_27)
FNDA:3,(anonymous_28)
FNDA:2,(anonymous_29)
FNDA:71,(anonymous_30)
FNDA:64,(anonymous_31)
FNDA:2,(anonymous_32)
DA:26,6
DA:27,44
DA:28,44
DA:29,44
DA:31,44
DA:32,22
DA:33,21
DA:34,21
DA:35,1
DA:38,44
DA:39,22
DA:40,21
DA:41,21
DA:42,1
DA:45,44
DA:46,4
DA:47,3
DA:53,2
DA:54,0
DA:56,2
DA:58,2
DA:59,1
DA:62,44
DA:63,3
DA:64,3
DA:65,3
DA:70,2
DA:72,2
DA:73,2
DA:74,2
DA:76,1
DA:79,44
DA:80,5
DA:81,4
DA:86,3
DA:87,3
DA:88,1
DA:91,44
DA:92,2
DA:94,2
DA:103,1
DA:104,1
DA:107,1
DA:108,1
DA:109,1
DA:112,1
DA:113,1
DA:117,44
DA:136,54
DA:138,32
DA:139,32
DA:140,32
DA:141,32
DA:144,54
DA:155,3
DA:165,2
DA:169,71
DA:171,64
DA:206,2
LF:59
LH:58
BRDA:46,0,0,1
BRDA:46,0,1,3
BRDA:53,1,0,0
BRDA:53,1,1,2
BRDA:63,2,0,3
BRDA:63,2,1,0
BRDA:64,3,0,0
BRDA:64,3,1,3
BRDA:80,4,0,1
BRDA:80,4,1,4
BRDA:92,5,0,0
BRDA:92,5,1,2
BRDA:103,6,0,0
BRDA:103,6,1,1
BRDA:122,7,0,22
BRDA:122,7,1,22
BRDA:134,8,0,22
BRDA:134,8,1,22
BRDA:149,9,0,54
BRDA:149,9,1,54
BRDA:149,9,2,38
BRDA:149,9,3,38
BRDA:199,10,0,44
BRDA:199,10,1,1
BRF:24
BRH:19
end_of_record
TN:
SF:src/components/Toast.tsx
FN:7,(anonymous_0)
FNF:1
FNH:1
FNDA:8,(anonymous_0)
DA:7,5
DA:8,8
DA:10,1
LF:3
LH:3
BRDA:8,0,0,7
BRDA:8,0,1,1
BRF:2
BRH:2
end_of_record
