mode: set
github.com/bradcarter-meal-planner/tools/validate/main.go:24.43,26.2 1 1
github.com/bradcarter-meal-planner/tools/validate/main.go:28.51,31.2 2 1
github.com/bradcarter-meal-planner/tools/validate/main.go:34.78,44.42 8 1
github.com/bradcarter-meal-planner/tools/validate/main.go:44.42,46.3 1 1
github.com/bradcarter-meal-planner/tools/validate/main.go:49.2,49.28 1 1
github.com/bradcarter-meal-planner/tools/validate/main.go:49.28,51.3 1 1
github.com/bradcarter-meal-planner/tools/validate/main.go:53.2,56.13 3 1
github.com/bradcarter-meal-planner/tools/validate/main.go:56.13,59.3 2 1
github.com/bradcarter-meal-planner/tools/validate/main.go:61.2,61.28 1 1
github.com/bradcarter-meal-planner/tools/validate/main.go:65.82,78.42 11 1
github.com/bradcarter-meal-planner/tools/validate/main.go:78.42,80.3 1 1
github.com/bradcarter-meal-planner/tools/validate/main.go:82.2,85.13 3 1
github.com/bradcarter-meal-planner/tools/validate/main.go:85.13,88.3 2 1
github.com/bradcarter-meal-planner/tools/validate/main.go:90.2,90.18 1 1
github.com/bradcarter-meal-planner/tools/validate/main.go:94.72,109.42 13 1
github.com/bradcarter-meal-planner/tools/validate/main.go:109.42,111.3 1 1
github.com/bradcarter-meal-planner/tools/validate/main.go:113.2,116.13 3 1
github.com/bradcarter-meal-planner/tools/validate/main.go:116.13,119.3 2 1
github.com/bradcarter-meal-planner/tools/validate/main.go:121.2,121.18 1 1
github.com/bradcarter-meal-planner/tools/validate/main.go:124.13,125.22 1 0
github.com/bradcarter-meal-planner/tools/validate/main.go:125.22,128.3 2 0
github.com/bradcarter-meal-planner/tools/validate/main.go:130.2,133.65 2 0
github.com/bradcarter-meal-planner/tools/validate/main.go:133.65,136.3 2 0
github.com/bradcarter-meal-planner/tools/validate/main.go:139.2,139.28 1 0
github.com/bradcarter-meal-planner/tools/validate/main.go:139.28,141.17 2 0
github.com/bradcarter-meal-planner/tools/validate/main.go:141.17,144.4 2 0
github.com/bradcarter-meal-planner/tools/validate/main.go:147.3,149.17 3 0
github.com/bradcarter-meal-planner/tools/validate/main.go:149.17,152.4 2 0
github.com/bradcarter-meal-planner/tools/validate/main.go:155.3,160.17 4 0
github.com/bradcarter-meal-planner/tools/validate/main.go:160.17,161.30 1 0
github.com/bradcarter-meal-planner/tools/validate/main.go:161.30,163.5 1 0
github.com/bradcarter-meal-planner/tools/validate/main.go:164.4,164.14 1 0
github.com/bradcarter-meal-planner/tools/validate/main.go:168.3,168.16 1 0
github.com/bradcarter-meal-planner/tools/validate/main.go:168.16,169.45 1 0
github.com/bradcarter-meal-planner/tools/validate/main.go:169.45,172.5 2 0
github.com/bradcarter-meal-planner/tools/validate/main.go:173.9,175.4 1 0
github.com/bradcarter-meal-planner/tools/validate/main.go:178.3,178.83 1 0
github.com/bradcarter-meal-planner/tools/validate/main.go:178.83,180.4 1 0
github.com/bradcarter-meal-planner/tools/validate/main.go:181.3,181.9 1 0
github.com/bradcarter-meal-planner/tools/validate/main.go:185.2,185.24 1 0
github.com/bradcarter-meal-planner/tools/validate/main.go:185.24,187.17 2 0
github.com/bradcarter-meal-planner/tools/validate/main.go:187.17,190.4 2 0
github.com/bradcarter-meal-planner/tools/validate/main.go:193.3,195.17 3 0
github.com/bradcarter-meal-planner/tools/validate/main.go:195.17,198.4 2 0
github.com/bradcarter-meal-planner/tools/validate/main.go:201.3,219.57 7 0
github.com/bradcarter-meal-planner/tools/validate/main.go:219.57,220.40 1 0
github.com/bradcarter-meal-planner/tools/validate/main.go:220.40,222.5 1 0
github.com/bradcarter-meal-planner/tools/validate/main.go:223.4,223.14 1 0
github.com/bradcarter-meal-planner/tools/validate/main.go:225.3,225.9 1 0
github.com/bradcarter-meal-planner/tools/validate/main.go:229.2,230.17 2 0
github.com/bradcarter-meal-planner/tools/validate/main.go:231.14,232.27 1 0
github.com/bradcarter-meal-planner/tools/validate/main.go:233.14,234.27 1 0
github.com/bradcarter-meal-planner/tools/validate/main.go:235.15,236.28 1 0
github.com/bradcarter-meal-planner/tools/validate/main.go:237.10,240.13 3 0
github.com/bradcarter-meal-planner/tools/validate/main.go:243.2,244.16 2 0
github.com/bradcarter-meal-planner/tools/validate/main.go:244.16,247.3 2 0
github.com/bradcarter-meal-planner/tools/validate/main.go:250.2,252.16 3 0
github.com/bradcarter-meal-planner/tools/validate/main.go:252.16,255.3 2 0
github.com/bradcarter-meal-planner/tools/validate/main.go:258.2,276.48 7 0
github.com/bradcarter-meal-planner/tools/validate/main.go:276.48,277.29 1 0
github.com/bradcarter-meal-planner/tools/validate/main.go:277.29,279.4 1 0
github.com/bradcarter-meal-planner/tools/validate/main.go:280.3,280.13 1 0
github.com/bradcarter-meal-planner/tools/validate/main.go:286.131,289.16 2 1
github.com/bradcarter-meal-planner/tools/validate/main.go:289.16,291.3 1 0
github.com/bradcarter-meal-planner/tools/validate/main.go:294.2,295.16 2 1
github.com/bradcarter-meal-planner/tools/validate/main.go:295.16,297.3 1 1
github.com/bradcarter-meal-planner/tools/validate/main.go:300.2,300.22 1 1
github.com/bradcarter-meal-planner/tools/validate/main.go:301.28,303.40 2 1
github.com/bradcarter-meal-planner/tools/validate/main.go:304.30,306.40 2 1
github.com/bradcarter-meal-planner/tools/validate/main.go:307.10,308.83 1 1
github.com/bradcarter-meal-planner/tools/validate/main.go:313.87,317.30 3 1
github.com/bradcarter-meal-planner/tools/validate/main.go:317.30,322.23 3 1
github.com/bradcarter-meal-planner/tools/validate/main.go:322.23,323.12 1 1
github.com/bradcarter-meal-planner/tools/validate/main.go:326.3,326.34 1 1
github.com/bradcarter-meal-planner/tools/validate/main.go:326.34,328.18 2 1
github.com/bradcarter-meal-planner/tools/validate/main.go:328.18,329.13 1 0
github.com/bradcarter-meal-planner/tools/validate/main.go:331.4,331.23 1 1
github.com/bradcarter-meal-planner/tools/validate/main.go:335.3,336.17 2 1
github.com/bradcarter-meal-planner/tools/validate/main.go:336.17,337.12 1 0
github.com/bradcarter-meal-planner/tools/validate/main.go:341.3,341.40 1 1
github.com/bradcarter-meal-planner/tools/validate/main.go:341.40,343.38 1 1
github.com/bradcarter-meal-planner/tools/validate/main.go:343.38,346.5 2 1
github.com/bradcarter-meal-planner/tools/validate/main.go:350.2,350.22 1 1
github.com/bradcarter-meal-planner/tools/validate/main.go:350.22,352.3 1 1
github.com/bradcarter-meal-planner/tools/validate/main.go:354.2,354.23 1 1
github.com/bradcarter-meal-planner/tools/validate/main.go:358.45,362.2 3 1
github.com/bradcarter-meal-planner/tools/validate/main.go:365.53,366.23 1 1
github.com/bradcarter-meal-planner/tools/validate/main.go:367.28,368.14 1 1
github.com/bradcarter-meal-planner/tools/validate/main.go:368.14,370.4 1 1
github.com/bradcarter-meal-planner/tools/validate/main.go:371.28,373.31 2 1
github.com/bradcarter-meal-planner/tools/validate/main.go:373.31,374.44 1 1
github.com/bradcarter-meal-planner/tools/validate/main.go:374.44,375.47 1 1
github.com/bradcarter-meal-planner/tools/validate/main.go:375.47,377.6 1 1
github.com/bradcarter-meal-planner/tools/validate/main.go:377.11,377.34 1 1
github.com/bradcarter-meal-planner/tools/validate/main.go:377.34,379.6 1 1
github.com/bradcarter-meal-planner/tools/validate/main.go:379.11,381.6 1 1
github.com/bradcarter-meal-planner/tools/validate/main.go:384.26,385.77 1 1
github.com/bradcarter-meal-planner/tools/validate/main.go:390.18,425.2 1 0
