mode: set
github.com/bradcarter-meal-planner/tools/validate/internal/adapters/node/adapter.go:29.94,37.2 1 1
github.com/bradcarter-meal-planner/tools/validate/internal/adapters/node/adapter.go:40.63,43.2 2 1
github.com/bradcarter-meal-planner/tools/validate/internal/adapters/node/adapter.go:46.55,49.2 2 1
github.com/bradcarter-meal-planner/tools/validate/internal/adapters/node/adapter.go:52.40,65.19 6 1
github.com/bradcarter-meal-planner/tools/validate/internal/adapters/node/adapter.go:65.19,69.3 3 1
github.com/bradcarter-meal-planner/tools/validate/internal/adapters/node/adapter.go:72.2,72.16 1 1
github.com/bradcarter-meal-planner/tools/validate/internal/adapters/node/adapter.go:72.16,73.69 1 1
github.com/bradcarter-meal-planner/tools/validate/internal/adapters/node/adapter.go:73.69,76.4 2 1
github.com/bradcarter-meal-planner/tools/validate/internal/adapters/node/adapter.go:81.2,83.15 3 1
github.com/bradcarter-meal-planner/tools/validate/internal/adapters/node/adapter.go:87.95,96.16 3 1
github.com/bradcarter-meal-planner/tools/validate/internal/adapters/node/adapter.go:96.16,98.3 1 0
github.com/bradcarter-meal-planner/tools/validate/internal/adapters/node/adapter.go:99.2,104.21 4 1
github.com/bradcarter-meal-planner/tools/validate/internal/adapters/node/adapter.go:104.21,106.3 1 0
github.com/bradcarter-meal-planner/tools/validate/internal/adapters/node/adapter.go:109.2,113.25 4 1
github.com/bradcarter-meal-planner/tools/validate/internal/adapters/node/adapter.go:113.25,115.3 1 0
github.com/bradcarter-meal-planner/tools/validate/internal/adapters/node/adapter.go:116.2,121.78 4 1
github.com/bradcarter-meal-planner/tools/validate/internal/adapters/node/adapter.go:121.78,125.3 3 0
github.com/bradcarter-meal-planner/tools/validate/internal/adapters/node/adapter.go:128.2,129.20 2 1
github.com/bradcarter-meal-planner/tools/validate/internal/adapters/node/adapter.go:129.20,131.3 1 0
github.com/bradcarter-meal-planner/tools/validate/internal/adapters/node/adapter.go:134.2,135.21 2 1
github.com/bradcarter-meal-planner/tools/validate/internal/adapters/node/adapter.go:135.21,137.3 1 0
github.com/bradcarter-meal-planner/tools/validate/internal/adapters/node/adapter.go:140.2,146.20 6 1
github.com/bradcarter-meal-planner/tools/validate/internal/adapters/node/adapter.go:150.85,158.21 3 1
github.com/bradcarter-meal-planner/tools/validate/internal/adapters/node/adapter.go:158.21,161.3 2 0
github.com/bradcarter-meal-planner/tools/validate/internal/adapters/node/adapter.go:164.2,164.32 1 1
github.com/bradcarter-meal-planner/tools/validate/internal/adapters/node/adapter.go:164.32,166.29 1 1
github.com/bradcarter-meal-planner/tools/validate/internal/adapters/node/adapter.go:166.29,168.4 1 1
github.com/bradcarter-meal-planner/tools/validate/internal/adapters/node/adapter.go:171.2,173.25 3 1
github.com/bradcarter-meal-planner/tools/validate/internal/adapters/node/adapter.go:173.25,175.3 1 1
github.com/bradcarter-meal-planner/tools/validate/internal/adapters/node/adapter.go:176.2,181.78 4 1
github.com/bradcarter-meal-planner/tools/validate/internal/adapters/node/adapter.go:181.78,185.3 3 1
github.com/bradcarter-meal-planner/tools/validate/internal/adapters/node/adapter.go:188.2,197.45 7 1
github.com/bradcarter-meal-planner/tools/validate/internal/adapters/node/adapter.go:197.45,199.3 1 1
github.com/bradcarter-meal-planner/tools/validate/internal/adapters/node/adapter.go:199.8,199.37 1 1
github.com/bradcarter-meal-planner/tools/validate/internal/adapters/node/adapter.go:199.37,201.3 1 1
github.com/bradcarter-meal-planner/tools/validate/internal/adapters/node/adapter.go:204.2,204.25 1 1
github.com/bradcarter-meal-planner/tools/validate/internal/adapters/node/adapter.go:204.25,206.90 2 1
github.com/bradcarter-meal-planner/tools/validate/internal/adapters/node/adapter.go:206.90,208.4 1 0
github.com/bradcarter-meal-planner/tools/validate/internal/adapters/node/adapter.go:211.2,211.15 1 1
github.com/bradcarter-meal-planner/tools/validate/internal/adapters/node/adapter.go:215.40,228.19 6 1
github.com/bradcarter-meal-planner/tools/validate/internal/adapters/node/adapter.go:228.19,232.3 3 0
github.com/bradcarter-meal-planner/tools/validate/internal/adapters/node/adapter.go:234.2,235.21 2 1
github.com/bradcarter-meal-planner/tools/validate/internal/adapters/node/adapter.go:235.21,239.3 3 0
github.com/bradcarter-meal-planner/tools/validate/internal/adapters/node/adapter.go:242.2,242.44 1 1
github.com/bradcarter-meal-planner/tools/validate/internal/adapters/node/adapter.go:242.44,243.31 1 1
github.com/bradcarter-meal-planner/tools/validate/internal/adapters/node/adapter.go:243.31,245.4 1 1
github.com/bradcarter-meal-planner/tools/validate/internal/adapters/node/adapter.go:246.8,248.58 1 1
github.com/bradcarter-meal-planner/tools/validate/internal/adapters/node/adapter.go:248.58,250.4 1 1
github.com/bradcarter-meal-planner/tools/validate/internal/adapters/node/adapter.go:253.2,255.25 3 1
github.com/bradcarter-meal-planner/tools/validate/internal/adapters/node/adapter.go:255.25,257.3 1 0
github.com/bradcarter-meal-planner/tools/validate/internal/adapters/node/adapter.go:258.2,264.78 5 1
github.com/bradcarter-meal-planner/tools/validate/internal/adapters/node/adapter.go:264.78,268.3 3 0
github.com/bradcarter-meal-planner/tools/validate/internal/adapters/node/adapter.go:270.2,273.16 2 1
github.com/bradcarter-meal-planner/tools/validate/internal/adapters/node/adapter.go:273.16,274.80 1 1
github.com/bradcarter-meal-planner/tools/validate/internal/adapters/node/adapter.go:274.80,279.4 4 1
github.com/bradcarter-meal-planner/tools/validate/internal/adapters/node/adapter.go:283.2,289.45 5 1
github.com/bradcarter-meal-planner/tools/validate/internal/adapters/node/adapter.go:289.45,291.3 1 1
github.com/bradcarter-meal-planner/tools/validate/internal/adapters/node/adapter.go:293.2,293.15 1 1
github.com/bradcarter-meal-planner/tools/validate/internal/adapters/node/adapter.go:297.41,310.20 6 1
github.com/bradcarter-meal-planner/tools/validate/internal/adapters/node/adapter.go:310.20,314.3 3 0
github.com/bradcarter-meal-planner/tools/validate/internal/adapters/node/adapter.go:316.2,317.21 2 1
github.com/bradcarter-meal-planner/tools/validate/internal/adapters/node/adapter.go:317.21,321.3 3 0
github.com/bradcarter-meal-planner/tools/validate/internal/adapters/node/adapter.go:323.2,325.25 3 1
github.com/bradcarter-meal-planner/tools/validate/internal/adapters/node/adapter.go:325.25,327.3 1 0
github.com/bradcarter-meal-planner/tools/validate/internal/adapters/node/adapter.go:328.2,334.78 5 1
github.com/bradcarter-meal-planner/tools/validate/internal/adapters/node/adapter.go:334.78,338.3 3 0
github.com/bradcarter-meal-planner/tools/validate/internal/adapters/node/adapter.go:341.2,348.57 5 1
github.com/bradcarter-meal-planner/tools/validate/internal/adapters/node/adapter.go:348.57,350.3 1 1
github.com/bradcarter-meal-planner/tools/validate/internal/adapters/node/adapter.go:352.2,352.15 1 1
github.com/bradcarter-meal-planner/tools/validate/internal/adapters/node/adapter.go:357.57,358.29 1 1
github.com/bradcarter-meal-planner/tools/validate/internal/adapters/node/adapter.go:358.29,359.84 1 1
github.com/bradcarter-meal-planner/tools/validate/internal/adapters/node/adapter.go:359.84,361.4 1 1
github.com/bradcarter-meal-planner/tools/validate/internal/adapters/node/adapter.go:363.2,363.14 1 1
github.com/bradcarter-meal-planner/tools/validate/internal/adapters/node/adapter.go:366.55,367.29 1 1
github.com/bradcarter-meal-planner/tools/validate/internal/adapters/node/adapter.go:367.29,368.73 1 1
github.com/bradcarter-meal-planner/tools/validate/internal/adapters/node/adapter.go:368.73,370.4 1 0
github.com/bradcarter-meal-planner/tools/validate/internal/adapters/node/adapter.go:372.2,372.14 1 1
github.com/bradcarter-meal-planner/tools/validate/internal/adapters/node/adapter.go:375.54,376.29 1 1
github.com/bradcarter-meal-planner/tools/validate/internal/adapters/node/adapter.go:376.29,377.72 1 1
github.com/bradcarter-meal-planner/tools/validate/internal/adapters/node/adapter.go:377.72,379.4 1 1
github.com/bradcarter-meal-planner/tools/validate/internal/adapters/node/adapter.go:381.2,381.14 1 1
github.com/bradcarter-meal-planner/tools/validate/internal/adapters/node/adapter.go:384.54,387.2 1 1
github.com/bradcarter-meal-planner/tools/validate/internal/adapters/node/adapter.go:389.56,392.2 1 1
github.com/bradcarter-meal-planner/tools/validate/internal/adapters/node/test_helpers.go:25.56,30.2 1 1
github.com/bradcarter-meal-planner/tools/validate/internal/adapters/node/test_helpers.go:33.83,39.2 1 1
github.com/bradcarter-meal-planner/tools/validate/internal/adapters/node/test_helpers.go:42.112,51.2 3 1
github.com/bradcarter-meal-planner/tools/validate/internal/adapters/node/test_helpers.go:66.46,68.2 1 1
github.com/bradcarter-meal-planner/tools/validate/internal/adapters/node/test_helpers.go:70.50,72.2 1 1
github.com/bradcarter-meal-planner/tools/validate/internal/adapters/node/test_helpers.go:74.50,76.2 1 1
github.com/bradcarter-meal-planner/tools/validate/internal/adapters/node/test_helpers.go:78.49,80.2 1 0
github.com/bradcarter-meal-planner/tools/validate/internal/adapters/node/test_helpers.go:82.48,84.2 1 0
github.com/bradcarter-meal-planner/tools/validate/internal/adapters/node/test_helpers.go:86.39,87.47 1 1
github.com/bradcarter-meal-planner/tools/validate/internal/adapters/node/test_helpers.go:87.47,89.3 1 1
github.com/bradcarter-meal-planner/tools/validate/internal/adapters/node/test_helpers.go:91.2,94.46 3 1
github.com/bradcarter-meal-planner/tools/validate/internal/adapters/node/test_helpers.go:94.46,96.3 1 1
github.com/bradcarter-meal-planner/tools/validate/internal/adapters/node/test_helpers.go:97.2,97.46 1 1
github.com/bradcarter-meal-planner/tools/validate/internal/adapters/node/test_helpers.go:97.46,99.3 1 1
github.com/bradcarter-meal-planner/tools/validate/internal/adapters/node/test_helpers.go:101.2,101.23 1 1
github.com/bradcarter-meal-planner/tools/validate/internal/adapters/node/test_helpers.go:104.41,106.2 1 0
github.com/bradcarter-meal-planner/tools/validate/internal/adapters/node/test_helpers.go:108.40,110.2 1 0
github.com/bradcarter-meal-planner/tools/validate/internal/adapters/node/test_helpers.go:112.43,114.29 2 0
github.com/bradcarter-meal-planner/tools/validate/internal/adapters/node/test_helpers.go:114.29,116.3 1 0
github.com/bradcarter-meal-planner/tools/validate/internal/adapters/node/test_helpers.go:117.2,117.15 1 0
github.com/bradcarter-meal-planner/tools/validate/internal/adapters/node/parser/build.go:13.53,19.37 2 1
github.com/bradcarter-meal-planner/tools/validate/internal/adapters/node/parser/build.go:19.37,21.3 1 1
github.com/bradcarter-meal-planner/tools/validate/internal/adapters/node/parser/build.go:24.2,24.82 1 1
github.com/bradcarter-meal-planner/tools/validate/internal/adapters/node/parser/build.go:24.82,26.3 1 0
github.com/bradcarter-meal-planner/tools/validate/internal/adapters/node/parser/build.go:28.2,28.73 1 1
github.com/bradcarter-meal-planner/tools/validate/internal/adapters/node/parser/build.go:28.73,30.3 1 0
github.com/bradcarter-meal-planner/tools/validate/internal/adapters/node/parser/build.go:32.2,32.77 1 1
github.com/bradcarter-meal-planner/tools/validate/internal/adapters/node/parser/build.go:32.77,34.3 1 0
github.com/bradcarter-meal-planner/tools/validate/internal/adapters/node/parser/build.go:37.2,37.40 1 1
github.com/bradcarter-meal-planner/tools/validate/internal/adapters/node/parser/build.go:41.55,57.29 8 1
github.com/bradcarter-meal-planner/tools/validate/internal/adapters/node/parser/build.go:57.29,61.73 2 1
github.com/bradcarter-meal-planner/tools/validate/internal/adapters/node/parser/build.go:61.73,65.12 4 1
github.com/bradcarter-meal-planner/tools/validate/internal/adapters/node/parser/build.go:69.3,69.79 1 1
github.com/bradcarter-meal-planner/tools/validate/internal/adapters/node/parser/build.go:69.79,72.12 3 1
github.com/bradcarter-meal-planner/tools/validate/internal/adapters/node/parser/build.go:76.3,76.19 1 1
github.com/bradcarter-meal-planner/tools/validate/internal/adapters/node/parser/build.go:76.19,77.57 1 1
github.com/bradcarter-meal-planner/tools/validate/internal/adapters/node/parser/build.go:77.57,79.49 1 1
github.com/bradcarter-meal-planner/tools/validate/internal/adapters/node/parser/build.go:79.49,87.76 2 1
github.com/bradcarter-meal-planner/tools/validate/internal/adapters/node/parser/build.go:87.76,89.7 1 1
github.com/bradcarter-meal-planner/tools/validate/internal/adapters/node/parser/build.go:91.6,91.56 1 1
github.com/bradcarter-meal-planner/tools/validate/internal/adapters/node/parser/build.go:93.5,95.28 3 1
github.com/bradcarter-meal-planner/tools/validate/internal/adapters/node/parser/build.go:96.10,98.5 1 1
github.com/bradcarter-meal-planner/tools/validate/internal/adapters/node/parser/build.go:103.2,103.62 1 1
github.com/bradcarter-meal-planner/tools/validate/internal/adapters/node/parser/build.go:103.62,110.73 2 0
github.com/bradcarter-meal-planner/tools/validate/internal/adapters/node/parser/build.go:110.73,112.4 1 0
github.com/bradcarter-meal-planner/tools/validate/internal/adapters/node/parser/build.go:114.3,114.53 1 0
github.com/bradcarter-meal-planner/tools/validate/internal/adapters/node/parser/build.go:117.2,117.30 1 1
github.com/bradcarter-meal-planner/tools/validate/internal/adapters/node/parser/build.go:117.30,119.3 1 1
github.com/bradcarter-meal-planner/tools/validate/internal/adapters/node/parser/build.go:121.2,121.15 1 1
github.com/bradcarter-meal-planner/tools/validate/internal/adapters/node/parser/build.go:125.52,136.29 4 1
github.com/bradcarter-meal-planner/tools/validate/internal/adapters/node/parser/build.go:136.29,140.78 2 1
github.com/bradcarter-meal-planner/tools/validate/internal/adapters/node/parser/build.go:140.78,151.24 3 1
github.com/bradcarter-meal-planner/tools/validate/internal/adapters/node/parser/build.go:151.24,153.59 2 1
github.com/bradcarter-meal-planner/tools/validate/internal/adapters/node/parser/build.go:153.59,155.6 1 1
github.com/bradcarter-meal-planner/tools/validate/internal/adapters/node/parser/build.go:158.4,158.54 1 1
github.com/bradcarter-meal-planner/tools/validate/internal/adapters/node/parser/build.go:162.2,162.30 1 1
github.com/bradcarter-meal-planner/tools/validate/internal/adapters/node/parser/build.go:162.30,164.3 1 1
github.com/bradcarter-meal-planner/tools/validate/internal/adapters/node/parser/build.go:166.2,166.15 1 1
github.com/bradcarter-meal-planner/tools/validate/internal/adapters/node/parser/build.go:170.58,182.29 5 1
github.com/bradcarter-meal-planner/tools/validate/internal/adapters/node/parser/build.go:182.29,186.77 2 1
github.com/bradcarter-meal-planner/tools/validate/internal/adapters/node/parser/build.go:186.77,199.4 5 1
github.com/bradcarter-meal-planner/tools/validate/internal/adapters/node/parser/build.go:202.3,202.75 1 1
github.com/bradcarter-meal-planner/tools/validate/internal/adapters/node/parser/build.go:202.75,215.4 5 1
github.com/bradcarter-meal-planner/tools/validate/internal/adapters/node/parser/build.go:218.2,218.30 1 1
github.com/bradcarter-meal-planner/tools/validate/internal/adapters/node/parser/build.go:218.30,220.3 1 1
github.com/bradcarter-meal-planner/tools/validate/internal/adapters/node/parser/build.go:222.2,222.15 1 1
github.com/bradcarter-meal-planner/tools/validate/internal/adapters/node/parser/build.go:226.60,238.29 5 1
github.com/bradcarter-meal-planner/tools/validate/internal/adapters/node/parser/build.go:238.29,242.86 2 1
github.com/bradcarter-meal-planner/tools/validate/internal/adapters/node/parser/build.go:242.86,243.12 1 1
github.com/bradcarter-meal-planner/tools/validate/internal/adapters/node/parser/build.go:247.3,247.44 1 1
github.com/bradcarter-meal-planner/tools/validate/internal/adapters/node/parser/build.go:247.44,254.78 2 1
github.com/bradcarter-meal-planner/tools/validate/internal/adapters/node/parser/build.go:254.78,256.45 2 0
github.com/bradcarter-meal-planner/tools/validate/internal/adapters/node/parser/build.go:256.45,258.6 1 0
github.com/bradcarter-meal-planner/tools/validate/internal/adapters/node/parser/build.go:261.4,261.54 1 1
github.com/bradcarter-meal-planner/tools/validate/internal/adapters/node/parser/build.go:265.2,265.30 1 1
github.com/bradcarter-meal-planner/tools/validate/internal/adapters/node/parser/build.go:265.30,267.3 1 1
github.com/bradcarter-meal-planner/tools/validate/internal/adapters/node/parser/build.go:269.2,269.15 1 1
github.com/bradcarter-meal-planner/tools/validate/internal/adapters/node/parser/build.go:274.46,277.77 2 1
github.com/bradcarter-meal-planner/tools/validate/internal/adapters/node/parser/build.go:277.77,279.3 1 1
github.com/bradcarter-meal-planner/tools/validate/internal/adapters/node/parser/build.go:282.2,283.75 2 1
github.com/bradcarter-meal-planner/tools/validate/internal/adapters/node/parser/build.go:283.75,285.3 1 1
github.com/bradcarter-meal-planner/tools/validate/internal/adapters/node/parser/build.go:288.2,289.75 2 1
github.com/bradcarter-meal-planner/tools/validate/internal/adapters/node/parser/build.go:289.75,291.3 1 1
github.com/bradcarter-meal-planner/tools/validate/internal/adapters/node/parser/build.go:293.2,293.17 1 0
github.com/bradcarter-meal-planner/tools/validate/internal/adapters/node/parser/build.go:296.66,299.75 2 1
github.com/bradcarter-meal-planner/tools/validate/internal/adapters/node/parser/build.go:299.75,301.3 1 1
github.com/bradcarter-meal-planner/tools/validate/internal/adapters/node/parser/build.go:304.2,304.34 1 1
github.com/bradcarter-meal-planner/tools/validate/internal/adapters/node/parser/build.go:304.34,305.72 1 1
github.com/bradcarter-meal-planner/tools/validate/internal/adapters/node/parser/build.go:305.72,307.4 1 1
github.com/bradcarter-meal-planner/tools/validate/internal/adapters/node/parser/build.go:310.2,310.10 1 1
github.com/bradcarter-meal-planner/tools/validate/internal/adapters/node/parser/build.go:313.54,314.26 1 1
github.com/bradcarter-meal-planner/tools/validate/internal/adapters/node/parser/build.go:314.26,316.3 1 1
github.com/bradcarter-meal-planner/tools/validate/internal/adapters/node/parser/build.go:319.2,319.34 1 1
github.com/bradcarter-meal-planner/tools/validate/internal/adapters/node/parser/build.go:319.34,321.143 2 1
github.com/bradcarter-meal-planner/tools/validate/internal/adapters/node/parser/build.go:321.143,323.4 1 1
github.com/bradcarter-meal-planner/tools/validate/internal/adapters/node/parser/build.go:327.2,328.34 2 1
github.com/bradcarter-meal-planner/tools/validate/internal/adapters/node/parser/build.go:328.34,330.143 2 1
github.com/bradcarter-meal-planner/tools/validate/internal/adapters/node/parser/build.go:330.143,332.9 2 0
github.com/bradcarter-meal-planner/tools/validate/internal/adapters/node/parser/build.go:336.2,336.20 1 1
github.com/bradcarter-meal-planner/tools/validate/internal/adapters/node/parser/build.go:336.20,338.3 1 1
github.com/bradcarter-meal-planner/tools/validate/internal/adapters/node/parser/build.go:341.2,341.34 1 0
github.com/bradcarter-meal-planner/tools/validate/internal/adapters/node/parser/build.go:341.34,343.17 2 0
github.com/bradcarter-meal-planner/tools/validate/internal/adapters/node/parser/build.go:343.17,345.4 1 0
github.com/bradcarter-meal-planner/tools/validate/internal/adapters/node/parser/build.go:348.2,348.22 1 0
github.com/bradcarter-meal-planner/tools/validate/internal/adapters/node/parser/build.go:351.29,352.43 1 1
github.com/bradcarter-meal-planner/tools/validate/internal/adapters/node/parser/build.go:352.43,354.3 1 1
github.com/bradcarter-meal-planner/tools/validate/internal/adapters/node/parser/build.go:355.2,355.10 1 1
github.com/bradcarter-meal-planner/tools/validate/internal/adapters/node/parser/eslint.go:48.61,49.37 1 1
github.com/bradcarter-meal-planner/tools/validate/internal/adapters/node/parser/eslint.go:49.37,55.3 1 1
github.com/bradcarter-meal-planner/tools/validate/internal/adapters/node/parser/eslint.go:57.2,58.70 2 1
github.com/bradcarter-meal-planner/tools/validate/internal/adapters/node/parser/eslint.go:58.70,60.3 1 1
github.com/bradcarter-meal-planner/tools/validate/internal/adapters/node/parser/eslint.go:62.2,72.36 4 1
github.com/bradcarter-meal-planner/tools/validate/internal/adapters/node/parser/eslint.go:72.36,77.41 3 1
github.com/bradcarter-meal-planner/tools/validate/internal/adapters/node/parser/eslint.go:77.41,85.29 2 1
github.com/bradcarter-meal-planner/tools/validate/internal/adapters/node/parser/eslint.go:85.29,88.5 2 1
github.com/bradcarter-meal-planner/tools/validate/internal/adapters/node/parser/eslint.go:88.10,88.36 1 1
github.com/bradcarter-meal-planner/tools/validate/internal/adapters/node/parser/eslint.go:88.36,91.5 2 1
github.com/bradcarter-meal-planner/tools/validate/internal/adapters/node/parser/eslint.go:95.2,98.21 2 1
github.com/bradcarter-meal-planner/tools/validate/internal/adapters/node/parser/eslint.go:98.21,100.3 1 1
github.com/bradcarter-meal-planner/tools/validate/internal/adapters/node/parser/eslint.go:100.8,102.3 1 1
github.com/bradcarter-meal-planner/tools/validate/internal/adapters/node/parser/eslint.go:104.2,104.20 1 1
github.com/bradcarter-meal-planner/tools/validate/internal/adapters/node/parser/eslint.go:108.58,115.37 2 1
github.com/bradcarter-meal-planner/tools/validate/internal/adapters/node/parser/eslint.go:115.37,117.3 1 1
github.com/bradcarter-meal-planner/tools/validate/internal/adapters/node/parser/eslint.go:119.2,128.29 6 1
github.com/bradcarter-meal-planner/tools/validate/internal/adapters/node/parser/eslint.go:128.29,130.17 2 1
github.com/bradcarter-meal-planner/tools/validate/internal/adapters/node/parser/eslint.go:130.17,131.12 1 1
github.com/bradcarter-meal-planner/tools/validate/internal/adapters/node/parser/eslint.go:135.3,135.76 1 1
github.com/bradcarter-meal-planner/tools/validate/internal/adapters/node/parser/eslint.go:135.76,136.59 1 1
github.com/bradcarter-meal-planner/tools/validate/internal/adapters/node/parser/eslint.go:136.59,138.5 1 1
github.com/bradcarter-meal-planner/tools/validate/internal/adapters/node/parser/eslint.go:139.4,139.61 1 1
github.com/bradcarter-meal-planner/tools/validate/internal/adapters/node/parser/eslint.go:139.61,141.5 1 1
github.com/bradcarter-meal-planner/tools/validate/internal/adapters/node/parser/eslint.go:142.4,142.12 1 1
github.com/bradcarter-meal-planner/tools/validate/internal/adapters/node/parser/eslint.go:146.3,146.76 1 1
github.com/bradcarter-meal-planner/tools/validate/internal/adapters/node/parser/eslint.go:146.76,158.27 6 1
github.com/bradcarter-meal-planner/tools/validate/internal/adapters/node/parser/eslint.go:158.27,160.5 1 1
github.com/bradcarter-meal-planner/tools/validate/internal/adapters/node/parser/eslint.go:160.10,162.5 1 1
github.com/bradcarter-meal-planner/tools/validate/internal/adapters/node/parser/eslint.go:164.4,165.12 2 1
github.com/bradcarter-meal-planner/tools/validate/internal/adapters/node/parser/eslint.go:169.3,169.68 1 1
github.com/bradcarter-meal-planner/tools/validate/internal/adapters/node/parser/eslint.go:169.68,172.4 1 1
github.com/bradcarter-meal-planner/tools/validate/internal/adapters/node/parser/eslint.go:176.2,176.20 1 1
github.com/bradcarter-meal-planner/tools/validate/internal/adapters/node/parser/eslint.go:176.20,178.3 1 1
github.com/bradcarter-meal-planner/tools/validate/internal/adapters/node/parser/eslint.go:181.2,181.68 1 1
github.com/bradcarter-meal-planner/tools/validate/internal/adapters/node/parser/eslint.go:181.68,183.3 1 1
github.com/bradcarter-meal-planner/tools/validate/internal/adapters/node/parser/eslint.go:185.2,185.15 1 1
github.com/bradcarter-meal-planner/tools/validate/internal/adapters/node/parser/eslint.go:189.65,201.29 4 1
github.com/bradcarter-meal-planner/tools/validate/internal/adapters/node/parser/eslint.go:201.29,203.80 2 1
github.com/bradcarter-meal-planner/tools/validate/internal/adapters/node/parser/eslint.go:203.80,217.29 6 1
github.com/bradcarter-meal-planner/tools/validate/internal/adapters/node/parser/eslint.go:217.29,219.5 1 1
github.com/bradcarter-meal-planner/tools/validate/internal/adapters/node/parser/eslint.go:219.10,219.34 1 1
github.com/bradcarter-meal-planner/tools/validate/internal/adapters/node/parser/eslint.go:219.34,221.5 1 1
github.com/bradcarter-meal-planner/tools/validate/internal/adapters/node/parser/eslint.go:225.2,225.15 1 1
github.com/bradcarter-meal-planner/tools/validate/internal/adapters/node/parser/eslint.go:229.56,231.26 2 1
github.com/bradcarter-meal-planner/tools/validate/internal/adapters/node/parser/eslint.go:231.26,233.3 1 1
github.com/bradcarter-meal-planner/tools/validate/internal/adapters/node/parser/eslint.go:234.2,234.15 1 1
github.com/bradcarter-meal-planner/tools/validate/internal/adapters/node/parser/jest.go:97.64,100.51 2 1
github.com/bradcarter-meal-planner/tools/validate/internal/adapters/node/parser/jest.go:100.51,102.3 1 0
github.com/bradcarter-meal-planner/tools/validate/internal/adapters/node/parser/jest.go:105.2,105.47 1 1
github.com/bradcarter-meal-planner/tools/validate/internal/adapters/node/parser/jest.go:105.47,106.61 1 1
github.com/bradcarter-meal-planner/tools/validate/internal/adapters/node/parser/jest.go:106.61,108.4 1 0
github.com/bradcarter-meal-planner/tools/validate/internal/adapters/node/parser/jest.go:112.2,113.30 2 1
github.com/bradcarter-meal-planner/tools/validate/internal/adapters/node/parser/jest.go:113.30,114.21 1 1
github.com/bradcarter-meal-planner/tools/validate/internal/adapters/node/parser/jest.go:114.21,116.58 2 1
github.com/bradcarter-meal-planner/tools/validate/internal/adapters/node/parser/jest.go:116.58,118.5 1 1
github.com/bradcarter-meal-planner/tools/validate/internal/adapters/node/parser/jest.go:122.2,122.12 1 1
github.com/bradcarter-meal-planner/tools/validate/internal/adapters/node/parser/jest.go:142.59,143.37 1 1
github.com/bradcarter-meal-planner/tools/validate/internal/adapters/node/parser/jest.go:143.37,149.3 1 1
github.com/bradcarter-meal-planner/tools/validate/internal/adapters/node/parser/jest.go:151.2,152.68 2 1
github.com/bradcarter-meal-planner/tools/validate/internal/adapters/node/parser/jest.go:152.68,154.3 1 1
github.com/bradcarter-meal-planner/tools/validate/internal/adapters/node/parser/jest.go:156.2,164.58 2 1
github.com/bradcarter-meal-planner/tools/validate/internal/adapters/node/parser/jest.go:164.58,166.3 1 1
github.com/bradcarter-meal-planner/tools/validate/internal/adapters/node/parser/jest.go:169.2,169.50 1 1
github.com/bradcarter-meal-planner/tools/validate/internal/adapters/node/parser/jest.go:169.50,170.55 1 1
github.com/bradcarter-meal-planner/tools/validate/internal/adapters/node/parser/jest.go:170.55,171.36 1 1
github.com/bradcarter-meal-planner/tools/validate/internal/adapters/node/parser/jest.go:171.36,178.34 2 1
github.com/bradcarter-meal-planner/tools/validate/internal/adapters/node/parser/jest.go:178.34,180.6 1 1
github.com/bradcarter-meal-planner/tools/validate/internal/adapters/node/parser/jest.go:183.5,183.43 1 1
github.com/bradcarter-meal-planner/tools/validate/internal/adapters/node/parser/jest.go:183.43,185.6 1 1
github.com/bradcarter-meal-planner/tools/validate/internal/adapters/node/parser/jest.go:185.11,187.6 1 0
github.com/bradcarter-meal-planner/tools/validate/internal/adapters/node/parser/jest.go:189.5,189.55 1 1
github.com/bradcarter-meal-planner/tools/validate/internal/adapters/node/parser/jest.go:195.2,195.37 1 1
github.com/bradcarter-meal-planner/tools/validate/internal/adapters/node/parser/jest.go:195.37,197.3 1 0
github.com/bradcarter-meal-planner/tools/validate/internal/adapters/node/parser/jest.go:199.2,199.20 1 1
github.com/bradcarter-meal-planner/tools/validate/internal/adapters/node/parser/jest.go:203.71,205.16 2 1
github.com/bradcarter-meal-planner/tools/validate/internal/adapters/node/parser/jest.go:205.16,207.3 1 0
github.com/bradcarter-meal-planner/tools/validate/internal/adapters/node/parser/jest.go:209.2,210.55 2 1
github.com/bradcarter-meal-planner/tools/validate/internal/adapters/node/parser/jest.go:210.55,212.3 1 0
github.com/bradcarter-meal-planner/tools/validate/internal/adapters/node/parser/jest.go:214.2,219.40 2 1
github.com/bradcarter-meal-planner/tools/validate/internal/adapters/node/parser/jest.go:219.40,223.3 3 1
github.com/bradcarter-meal-planner/tools/validate/internal/adapters/node/parser/jest.go:226.2,226.47 1 1
github.com/bradcarter-meal-planner/tools/validate/internal/adapters/node/parser/jest.go:226.47,227.26 1 1
github.com/bradcarter-meal-planner/tools/validate/internal/adapters/node/parser/jest.go:227.26,233.4 1 1
github.com/bradcarter-meal-planner/tools/validate/internal/adapters/node/parser/jest.go:236.2,236.22 1 1
github.com/bradcarter-meal-planner/tools/validate/internal/adapters/node/parser/jest.go:240.56,262.29 12 1
github.com/bradcarter-meal-planner/tools/validate/internal/adapters/node/parser/jest.go:262.29,264.78 1 1
github.com/bradcarter-meal-planner/tools/validate/internal/adapters/node/parser/jest.go:264.78,265.59 1 1
github.com/bradcarter-meal-planner/tools/validate/internal/adapters/node/parser/jest.go:265.59,267.5 1 1
github.com/bradcarter-meal-planner/tools/validate/internal/adapters/node/parser/jest.go:268.4,268.59 1 1
github.com/bradcarter-meal-planner/tools/validate/internal/adapters/node/parser/jest.go:268.59,270.5 1 1
github.com/bradcarter-meal-planner/tools/validate/internal/adapters/node/parser/jest.go:271.4,271.28 1 1
github.com/bradcarter-meal-planner/tools/validate/internal/adapters/node/parser/jest.go:272.9,272.88 1 1
github.com/bradcarter-meal-planner/tools/validate/internal/adapters/node/parser/jest.go:272.88,273.59 1 1
github.com/bradcarter-meal-planner/tools/validate/internal/adapters/node/parser/jest.go:273.59,276.5 2 1
github.com/bradcarter-meal-planner/tools/validate/internal/adapters/node/parser/jest.go:277.4,277.28 1 1
github.com/bradcarter-meal-planner/tools/validate/internal/adapters/node/parser/jest.go:281.3,281.58 1 1
github.com/bradcarter-meal-planner/tools/validate/internal/adapters/node/parser/jest.go:281.58,283.4 1 1
github.com/bradcarter-meal-planner/tools/validate/internal/adapters/node/parser/jest.go:286.3,286.72 1 1
github.com/bradcarter-meal-planner/tools/validate/internal/adapters/node/parser/jest.go:286.72,290.12 4 0
github.com/bradcarter-meal-planner/tools/validate/internal/adapters/node/parser/jest.go:294.3,294.75 1 1
github.com/bradcarter-meal-planner/tools/validate/internal/adapters/node/parser/jest.go:294.75,302.24 2 1
github.com/bradcarter-meal-planner/tools/validate/internal/adapters/node/parser/jest.go:302.24,304.101 2 1
github.com/bradcarter-meal-planner/tools/validate/internal/adapters/node/parser/jest.go:304.101,306.6 1 0
github.com/bradcarter-meal-planner/tools/validate/internal/adapters/node/parser/jest.go:309.4,310.26 2 1
github.com/bradcarter-meal-planner/tools/validate/internal/adapters/node/parser/jest.go:314.3,314.35 1 1
github.com/bradcarter-meal-planner/tools/validate/internal/adapters/node/parser/jest.go:314.35,316.4 1 0
github.com/bradcarter-meal-planner/tools/validate/internal/adapters/node/parser/jest.go:320.2,320.56 1 1
github.com/bradcarter-meal-planner/tools/validate/internal/adapters/node/parser/jest.go:320.56,322.3 1 1
github.com/bradcarter-meal-planner/tools/validate/internal/adapters/node/parser/jest.go:325.2,326.29 2 1
github.com/bradcarter-meal-planner/tools/validate/internal/adapters/node/parser/jest.go:326.29,327.76 1 1
github.com/bradcarter-meal-planner/tools/validate/internal/adapters/node/parser/jest.go:327.76,328.73 1 1
github.com/bradcarter-meal-planner/tools/validate/internal/adapters/node/parser/jest.go:328.73,332.5 1 1
github.com/bradcarter-meal-planner/tools/validate/internal/adapters/node/parser/jest.go:333.4,333.9 1 1
github.com/bradcarter-meal-planner/tools/validate/internal/adapters/node/parser/jest.go:337.2,337.15 1 1
github.com/bradcarter-meal-planner/tools/validate/internal/adapters/node/parser/jest.go:342.51,349.29 4 1
github.com/bradcarter-meal-planner/tools/validate/internal/adapters/node/parser/jest.go:349.29,351.52 2 1
github.com/bradcarter-meal-planner/tools/validate/internal/adapters/node/parser/jest.go:351.52,353.4 1 1
github.com/bradcarter-meal-planner/tools/validate/internal/adapters/node/parser/jest.go:356.2,356.33 1 0
github.com/bradcarter-meal-planner/tools/validate/internal/adapters/node/parser/jest.go:359.46,363.2 2 1
github.com/bradcarter-meal-planner/tools/validate/internal/adapters/node/parser/jest.go:365.45,367.31 2 1
github.com/bradcarter-meal-planner/tools/validate/internal/adapters/node/parser/jest.go:367.31,369.3 1 1
github.com/bradcarter-meal-planner/tools/validate/internal/adapters/node/parser/jest.go:370.2,370.36 1 1
github.com/bradcarter-meal-planner/tools/validate/internal/adapters/node/parser/jest.go:373.85,380.50 3 0
github.com/bradcarter-meal-planner/tools/validate/internal/adapters/node/parser/jest.go:380.50,384.40 3 0
github.com/bradcarter-meal-planner/tools/validate/internal/adapters/node/parser/jest.go:384.40,385.17 1 0
github.com/bradcarter-meal-planner/tools/validate/internal/adapters/node/parser/jest.go:385.17,387.5 1 0
github.com/bradcarter-meal-planner/tools/validate/internal/adapters/node/parser/jest.go:390.3,391.16 2 0
github.com/bradcarter-meal-planner/tools/validate/internal/adapters/node/parser/jest.go:391.16,393.4 1 0
github.com/bradcarter-meal-planner/tools/validate/internal/adapters/node/parser/jest.go:395.3,402.31 3 0
github.com/bradcarter-meal-planner/tools/validate/internal/adapters/node/parser/jest.go:406.2,406.25 1 0
github.com/bradcarter-meal-planner/tools/validate/internal/adapters/node/parser/jest.go:406.25,410.3 3 0
github.com/bradcarter-meal-planner/tools/validate/internal/adapters/node/parser/jest.go:412.2,412.17 1 0
