mode: set
github.com/bradcarter-meal-planner/tools/validate/internal/adapters/node/adapter.go:29.94,37.2 1 1
github.com/bradcarter-meal-planner/tools/validate/internal/adapters/node/adapter.go:40.63,43.2 2 1
github.com/bradcarter-meal-planner/tools/validate/internal/adapters/node/adapter.go:46.55,49.2 2 1
github.com/bradcarter-meal-planner/tools/validate/internal/adapters/node/adapter.go:52.40,65.19 6 1
github.com/bradcarter-meal-planner/tools/validate/internal/adapters/node/adapter.go:65.19,69.3 3 1
github.com/bradcarter-meal-planner/tools/validate/internal/adapters/node/adapter.go:72.2,72.16 1 1
github.com/bradcarter-meal-planner/tools/validate/internal/adapters/node/adapter.go:72.16,73.69 1 1
github.com/bradcarter-meal-planner/tools/validate/internal/adapters/node/adapter.go:73.69,76.4 2 1
github.com/bradcarter-meal-planner/tools/validate/internal/adapters/node/adapter.go:81.2,83.15 3 1
github.com/bradcarter-meal-planner/tools/validate/internal/adapters/node/adapter.go:87.95,96.16 3 1
github.com/bradcarter-meal-planner/tools/validate/internal/adapters/node/adapter.go:96.16,98.3 1 0
github.com/bradcarter-meal-planner/tools/validate/internal/adapters/node/adapter.go:99.2,104.21 4 1
github.com/bradcarter-meal-planner/tools/validate/internal/adapters/node/adapter.go:104.21,106.3 1 0
github.com/bradcarter-meal-planner/tools/validate/internal/adapters/node/adapter.go:109.2,113.25 4 1
github.com/bradcarter-meal-planner/tools/validate/internal/adapters/node/adapter.go:113.25,115.3 1 0
github.com/bradcarter-meal-planner/tools/validate/internal/adapters/node/adapter.go:116.2,121.78 4 1
github.com/bradcarter-meal-planner/tools/validate/internal/adapters/node/adapter.go:121.78,125.3 3 0
github.com/bradcarter-meal-planner/tools/validate/internal/adapters/node/adapter.go:128.2,129.20 2 1
github.com/bradcarter-meal-planner/tools/validate/internal/adapters/node/adapter.go:129.20,131.3 1 0
github.com/bradcarter-meal-planner/tools/validate/internal/adapters/node/adapter.go:134.2,135.21 2 1
github.com/bradcarter-meal-planner/tools/validate/internal/adapters/node/adapter.go:135.21,137.3 1 0
github.com/bradcarter-meal-planner/tools/validate/internal/adapters/node/adapter.go:140.2,146.20 6 1
github.com/bradcarter-meal-planner/tools/validate/internal/adapters/node/adapter.go:150.85,158.21 3 1
github.com/bradcarter-meal-planner/tools/validate/internal/adapters/node/adapter.go:158.21,161.3 2 0
github.com/bradcarter-meal-planner/tools/validate/internal/adapters/node/adapter.go:164.2,164.32 1 1
github.com/bradcarter-meal-planner/tools/validate/internal/adapters/node/adapter.go:164.32,166.29 1 1
github.com/bradcarter-meal-planner/tools/validate/internal/adapters/node/adapter.go:166.29,168.4 1 1
github.com/bradcarter-meal-planner/tools/validate/internal/adapters/node/adapter.go:171.2,173.25 3 1
github.com/bradcarter-meal-planner/tools/validate/internal/adapters/node/adapter.go:173.25,175.3 1 1
github.com/bradcarter-meal-planner/tools/validate/internal/adapters/node/adapter.go:176.2,181.78 4 1
github.com/bradcarter-meal-planner/tools/validate/internal/adapters/node/adapter.go:181.78,185.3 3 1
github.com/bradcarter-meal-planner/tools/validate/internal/adapters/node/adapter.go:188.2,197.45 7 1
github.com/bradcarter-meal-planner/tools/validate/internal/adapters/node/adapter.go:197.45,199.3 1 1
github.com/bradcarter-meal-planner/tools/validate/internal/adapters/node/adapter.go:199.8,199.37 1 1
github.com/bradcarter-meal-planner/tools/validate/internal/adapters/node/adapter.go:199.37,201.3 1 1
github.com/bradcarter-meal-planner/tools/validate/internal/adapters/node/adapter.go:204.2,204.25 1 1
github.com/bradcarter-meal-planner/tools/validate/internal/adapters/node/adapter.go:204.25,206.90 2 1
github.com/bradcarter-meal-planner/tools/validate/internal/adapters/node/adapter.go:206.90,208.4 1 0
github.com/bradcarter-meal-planner/tools/validate/internal/adapters/node/adapter.go:211.2,211.15 1 1
github.com/bradcarter-meal-planner/tools/validate/internal/adapters/node/adapter.go:215.40,228.19 6 1
github.com/bradcarter-meal-planner/tools/validate/internal/adapters/node/adapter.go:228.19,232.3 3 0
github.com/bradcarter-meal-planner/tools/validate/internal/adapters/node/adapter.go:234.2,235.21 2 1
github.com/bradcarter-meal-planner/tools/validate/internal/adapters/node/adapter.go:235.21,239.3 3 0
github.com/bradcarter-meal-planner/tools/validate/internal/adapters/node/adapter.go:242.2,242.44 1 1
github.com/bradcarter-meal-planner/tools/validate/internal/adapters/node/adapter.go:242.44,243.31 1 1
github.com/bradcarter-meal-planner/tools/validate/internal/adapters/node/adapter.go:243.31,245.4 1 1
github.com/bradcarter-meal-planner/tools/validate/internal/adapters/node/adapter.go:246.8,248.58 1 1
github.com/bradcarter-meal-planner/tools/validate/internal/adapters/node/adapter.go:248.58,250.4 1 1
github.com/bradcarter-meal-planner/tools/validate/internal/adapters/node/adapter.go:253.2,255.25 3 1
github.com/bradcarter-meal-planner/tools/validate/internal/adapters/node/adapter.go:255.25,257.3 1 0
github.com/bradcarter-meal-planner/tools/validate/internal/adapters/node/adapter.go:258.2,264.78 5 1
github.com/bradcarter-meal-planner/tools/validate/internal/adapters/node/adapter.go:264.78,268.3 3 0
github.com/bradcarter-meal-planner/tools/validate/internal/adapters/node/adapter.go:270.2,273.16 2 1
github.com/bradcarter-meal-planner/tools/validate/internal/adapters/node/adapter.go:273.16,274.80 1 1
github.com/bradcarter-meal-planner/tools/validate/internal/adapters/node/adapter.go:274.80,279.4 4 1
github.com/bradcarter-meal-planner/tools/validate/internal/adapters/node/adapter.go:283.2,289.45 5 1
github.com/bradcarter-meal-planner/tools/validate/internal/adapters/node/adapter.go:289.45,291.3 1 1
github.com/bradcarter-meal-planner/tools/validate/internal/adapters/node/adapter.go:293.2,293.15 1 1
github.com/bradcarter-meal-planner/tools/validate/internal/adapters/node/adapter.go:297.41,310.20 6 1
github.com/bradcarter-meal-planner/tools/validate/internal/adapters/node/adapter.go:310.20,314.3 3 0
github.com/bradcarter-meal-planner/tools/validate/internal/adapters/node/adapter.go:316.2,317.21 2 1
github.com/bradcarter-meal-planner/tools/validate/internal/adapters/node/adapter.go:317.21,321.3 3 0
github.com/bradcarter-meal-planner/tools/validate/internal/adapters/node/adapter.go:323.2,325.25 3 1
github.com/bradcarter-meal-planner/tools/validate/internal/adapters/node/adapter.go:325.25,327.3 1 0
github.com/bradcarter-meal-planner/tools/validate/internal/adapters/node/adapter.go:328.2,334.78 5 1
github.com/bradcarter-meal-planner/tools/validate/internal/adapters/node/adapter.go:334.78,338.3 3 0
github.com/bradcarter-meal-planner/tools/validate/internal/adapters/node/adapter.go:341.2,348.57 5 1
github.com/bradcarter-meal-planner/tools/validate/internal/adapters/node/adapter.go:348.57,350.3 1 1
github.com/bradcarter-meal-planner/tools/validate/internal/adapters/node/adapter.go:352.2,352.15 1 1
github.com/bradcarter-meal-planner/tools/validate/internal/adapters/node/adapter.go:357.57,358.29 1 1
github.com/bradcarter-meal-planner/tools/validate/internal/adapters/node/adapter.go:358.29,359.84 1 1
github.com/bradcarter-meal-planner/tools/validate/internal/adapters/node/adapter.go:359.84,361.4 1 1
github.com/bradcarter-meal-planner/tools/validate/internal/adapters/node/adapter.go:363.2,363.14 1 1
github.com/bradcarter-meal-planner/tools/validate/internal/adapters/node/adapter.go:366.55,367.29 1 1
github.com/bradcarter-meal-planner/tools/validate/internal/adapters/node/adapter.go:367.29,368.73 1 1
github.com/bradcarter-meal-planner/tools/validate/internal/adapters/node/adapter.go:368.73,370.4 1 0
github.com/bradcarter-meal-planner/tools/validate/internal/adapters/node/adapter.go:372.2,372.14 1 1
github.com/bradcarter-meal-planner/tools/validate/internal/adapters/node/adapter.go:375.54,376.29 1 1
github.com/bradcarter-meal-planner/tools/validate/internal/adapters/node/adapter.go:376.29,377.72 1 1
github.com/bradcarter-meal-planner/tools/validate/internal/adapters/node/adapter.go:377.72,379.4 1 1
github.com/bradcarter-meal-planner/tools/validate/internal/adapters/node/adapter.go:381.2,381.14 1 1
github.com/bradcarter-meal-planner/tools/validate/internal/adapters/node/adapter.go:384.54,387.2 1 1
github.com/bradcarter-meal-planner/tools/validate/internal/adapters/node/adapter.go:389.56,392.2 1 1
github.com/bradcarter-meal-planner/tools/validate/internal/adapters/node/test_helpers.go:25.56,30.2 1 1
github.com/bradcarter-meal-planner/tools/validate/internal/adapters/node/test_helpers.go:33.83,39.2 1 1
github.com/bradcarter-meal-planner/tools/validate/internal/adapters/node/test_helpers.go:42.112,51.2 3 1
github.com/bradcarter-meal-planner/tools/validate/internal/adapters/node/test_helpers.go:66.46,68.2 1 1
github.com/bradcarter-meal-planner/tools/validate/internal/adapters/node/test_helpers.go:70.50,72.2 1 1
github.com/bradcarter-meal-planner/tools/validate/internal/adapters/node/test_helpers.go:74.50,76.2 1 1
github.com/bradcarter-meal-planner/tools/validate/internal/adapters/node/test_helpers.go:78.49,80.2 1 0
github.com/bradcarter-meal-planner/tools/validate/internal/adapters/node/test_helpers.go:82.48,84.2 1 0
github.com/bradcarter-meal-planner/tools/validate/internal/adapters/node/test_helpers.go:86.39,87.47 1 1
github.com/bradcarter-meal-planner/tools/validate/internal/adapters/node/test_helpers.go:87.47,89.3 1 1
github.com/bradcarter-meal-planner/tools/validate/internal/adapters/node/test_helpers.go:91.2,94.46 3 1
github.com/bradcarter-meal-planner/tools/validate/internal/adapters/node/test_helpers.go:94.46,96.3 1 1
github.com/bradcarter-meal-planner/tools/validate/internal/adapters/node/test_helpers.go:97.2,97.46 1 1
github.com/bradcarter-meal-planner/tools/validate/internal/adapters/node/test_helpers.go:97.46,99.3 1 1
github.com/bradcarter-meal-planner/tools/validate/internal/adapters/node/test_helpers.go:101.2,101.23 1 1
github.com/bradcarter-meal-planner/tools/validate/internal/adapters/node/test_helpers.go:104.41,106.2 1 0
github.com/bradcarter-meal-planner/tools/validate/internal/adapters/node/test_helpers.go:108.40,110.2 1 0
github.com/bradcarter-meal-planner/tools/validate/internal/adapters/node/test_helpers.go:112.43,114.29 2 0
github.com/bradcarter-meal-planner/tools/validate/internal/adapters/node/test_helpers.go:114.29,116.3 1 0
github.com/bradcarter-meal-planner/tools/validate/internal/adapters/node/test_helpers.go:117.2,117.15 1 0
