mode: set
github.com/bradcarter-meal-planner/tools/validate/internal/adapters/go/adapter.go:25.81,32.2 1 1
github.com/bradcarter-meal-planner/tools/validate/internal/adapters/go/adapter.go:35.63,38.2 2 1
github.com/bradcarter-meal-planner/tools/validate/internal/adapters/go/adapter.go:41.40,64.78 12 1
github.com/bradcarter-meal-planner/tools/validate/internal/adapters/go/adapter.go:64.78,68.3 3 1
github.com/bradcarter-meal-planner/tools/validate/internal/adapters/go/adapter.go:71.2,72.21 2 1
github.com/bradcarter-meal-planner/tools/validate/internal/adapters/go/adapter.go:72.21,76.3 3 0
github.com/bradcarter-meal-planner/tools/validate/internal/adapters/go/adapter.go:79.2,85.32 5 1
github.com/bradcarter-meal-planner/tools/validate/internal/adapters/go/adapter.go:85.32,87.3 1 1
github.com/bradcarter-meal-planner/tools/validate/internal/adapters/go/adapter.go:87.8,89.124 1 1
github.com/bradcarter-meal-planner/tools/validate/internal/adapters/go/adapter.go:89.124,91.4 1 0
github.com/bradcarter-meal-planner/tools/validate/internal/adapters/go/adapter.go:96.2,96.57 1 1
github.com/bradcarter-meal-planner/tools/validate/internal/adapters/go/adapter.go:96.58,99.3 0 1
github.com/bradcarter-meal-planner/tools/validate/internal/adapters/go/adapter.go:101.2,101.15 1 1
github.com/bradcarter-meal-planner/tools/validate/internal/adapters/go/adapter.go:105.40,128.78 12 1
github.com/bradcarter-meal-planner/tools/validate/internal/adapters/go/adapter.go:128.78,132.3 3 0
github.com/bradcarter-meal-planner/tools/validate/internal/adapters/go/adapter.go:135.2,136.21 2 1
github.com/bradcarter-meal-planner/tools/validate/internal/adapters/go/adapter.go:136.21,138.91 1 1
github.com/bradcarter-meal-planner/tools/validate/internal/adapters/go/adapter.go:138.91,143.4 4 1
github.com/bradcarter-meal-planner/tools/validate/internal/adapters/go/adapter.go:145.3,147.16 3 0
github.com/bradcarter-meal-planner/tools/validate/internal/adapters/go/adapter.go:151.2,155.15 4 1
github.com/bradcarter-meal-planner/tools/validate/internal/adapters/go/adapter.go:159.41,182.78 12 1
github.com/bradcarter-meal-planner/tools/validate/internal/adapters/go/adapter.go:182.78,186.3 3 1
github.com/bradcarter-meal-planner/tools/validate/internal/adapters/go/adapter.go:189.2,190.21 2 1
github.com/bradcarter-meal-planner/tools/validate/internal/adapters/go/adapter.go:190.21,194.3 3 0
github.com/bradcarter-meal-planner/tools/validate/internal/adapters/go/adapter.go:197.2,201.57 3 1
github.com/bradcarter-meal-planner/tools/validate/internal/adapters/go/adapter.go:201.57,203.3 1 1
github.com/bradcarter-meal-planner/tools/validate/internal/adapters/go/adapter.go:205.2,205.15 1 1
github.com/bradcarter-meal-planner/tools/validate/internal/adapters/go/test_helpers.go:19.112,30.2 3 1
github.com/bradcarter-meal-planner/tools/validate/internal/adapters/go/test_helpers.go:33.83,37.2 3 1
github.com/bradcarter-meal-planner/tools/validate/internal/adapters/go/test_helpers.go:40.38,42.2 1 1
