mode: set
github.com/bradcarter-meal-planner/tools/validate/internal/runner/format.go:18.40,20.31 2 1
github.com/bradcarter-meal-planner/tools/validate/internal/runner/format.go:20.31,22.3 1 1
github.com/bradcarter-meal-planner/tools/validate/internal/runner/format.go:24.2,24.17 1 1
github.com/bradcarter-meal-planner/tools/validate/internal/runner/format.go:25.17,26.37 1 1
github.com/bradcarter-meal-planner/tools/validate/internal/runner/format.go:27.17,28.37 1 1
github.com/bradcarter-meal-planner/tools/validate/internal/runner/format.go:29.18,30.38 1 1
github.com/bradcarter-meal-planner/tools/validate/internal/runner/format.go:31.10,32.76 1 1
github.com/bradcarter-meal-planner/tools/validate/internal/runner/format.go:37.57,41.44 2 1
github.com/bradcarter-meal-planner/tools/validate/internal/runner/format.go:41.44,42.25 1 1
github.com/bradcarter-meal-planner/tools/validate/internal/runner/format.go:42.25,44.4 1 1
github.com/bradcarter-meal-planner/tools/validate/internal/runner/format.go:44.9,46.4 1 1
github.com/bradcarter-meal-planner/tools/validate/internal/runner/format.go:50.2,51.20 2 1
github.com/bradcarter-meal-planner/tools/validate/internal/runner/format.go:51.20,53.3 1 1
github.com/bradcarter-meal-planner/tools/validate/internal/runner/format.go:56.2,56.23 1 1
github.com/bradcarter-meal-planner/tools/validate/internal/runner/format.go:56.23,58.3 1 1
github.com/bradcarter-meal-planner/tools/validate/internal/runner/format.go:60.2,60.33 1 1
github.com/bradcarter-meal-planner/tools/validate/internal/runner/format.go:64.57,67.31 2 1
github.com/bradcarter-meal-planner/tools/validate/internal/runner/format.go:67.31,69.3 1 1
github.com/bradcarter-meal-planner/tools/validate/internal/runner/format.go:69.8,71.24 2 1
github.com/bradcarter-meal-planner/tools/validate/internal/runner/format.go:71.24,73.4 1 1
github.com/bradcarter-meal-planner/tools/validate/internal/runner/format.go:74.3,74.25 1 1
github.com/bradcarter-meal-planner/tools/validate/internal/runner/format.go:74.25,76.4 1 1
github.com/bradcarter-meal-planner/tools/validate/internal/runner/format.go:77.3,77.26 1 1
github.com/bradcarter-meal-planner/tools/validate/internal/runner/format.go:77.26,79.4 1 1
github.com/bradcarter-meal-planner/tools/validate/internal/runner/format.go:82.2,82.33 1 1
github.com/bradcarter-meal-planner/tools/validate/internal/runner/format.go:86.58,89.31 2 1
github.com/bradcarter-meal-planner/tools/validate/internal/runner/format.go:89.31,91.3 1 1
github.com/bradcarter-meal-planner/tools/validate/internal/runner/format.go:91.8,93.3 1 1
github.com/bradcarter-meal-planner/tools/validate/internal/runner/format.go:96.2,97.20 2 1
github.com/bradcarter-meal-planner/tools/validate/internal/runner/format.go:97.20,99.3 1 1
github.com/bradcarter-meal-planner/tools/validate/internal/runner/format.go:101.2,101.33 1 1
github.com/bradcarter-meal-planner/tools/validate/internal/runner/format.go:105.45,106.26 1 1
github.com/bradcarter-meal-planner/tools/validate/internal/runner/format.go:106.26,108.3 1 1
github.com/bradcarter-meal-planner/tools/validate/internal/runner/format.go:109.2,109.21 1 1
github.com/bradcarter-meal-planner/tools/validate/internal/runner/format.go:109.21,111.3 1 1
github.com/bradcarter-meal-planner/tools/validate/internal/runner/format.go:112.2,112.42 1 1
github.com/bradcarter-meal-planner/tools/validate/internal/runner/format.go:116.41,117.26 1 1
github.com/bradcarter-meal-planner/tools/validate/internal/runner/format.go:117.26,119.3 1 1
github.com/bradcarter-meal-planner/tools/validate/internal/runner/format.go:121.2,126.43 4 1
github.com/bradcarter-meal-planner/tools/validate/internal/runner/format.go:126.43,127.43 1 1
github.com/bradcarter-meal-planner/tools/validate/internal/runner/format.go:127.43,129.4 1 1
github.com/bradcarter-meal-planner/tools/validate/internal/runner/format.go:130.3,130.43 1 1
github.com/bradcarter-meal-planner/tools/validate/internal/runner/format.go:130.43,132.4 1 1
github.com/bradcarter-meal-planner/tools/validate/internal/runner/format.go:133.3,133.51 1 1
github.com/bradcarter-meal-planner/tools/validate/internal/runner/format.go:137.2,138.41 2 1
github.com/bradcarter-meal-planner/tools/validate/internal/runner/format.go:138.41,140.3 1 1
github.com/bradcarter-meal-planner/tools/validate/internal/runner/format.go:142.2,142.36 1 1
github.com/bradcarter-meal-planner/tools/validate/internal/runner/format.go:142.36,146.3 3 1
github.com/bradcarter-meal-planner/tools/validate/internal/runner/format.go:149.2,149.42 1 1
github.com/bradcarter-meal-planner/tools/validate/internal/runner/format.go:149.42,152.3 2 1
github.com/bradcarter-meal-planner/tools/validate/internal/runner/format.go:154.2,154.34 1 1
github.com/bradcarter-meal-planner/tools/validate/internal/runner/format.go:158.38,162.18 2 1
github.com/bradcarter-meal-planner/tools/validate/internal/runner/format.go:162.18,163.17 1 1
github.com/bradcarter-meal-planner/tools/validate/internal/runner/format.go:163.17,165.4 1 1
github.com/bradcarter-meal-planner/tools/validate/internal/runner/format.go:165.9,167.4 1 1
github.com/bradcarter-meal-planner/tools/validate/internal/runner/format.go:171.2,171.18 1 1
github.com/bradcarter-meal-planner/tools/validate/internal/runner/format.go:171.18,173.3 1 1
github.com/bradcarter-meal-planner/tools/validate/internal/runner/format.go:176.2,177.44 2 1
github.com/bradcarter-meal-planner/tools/validate/internal/runner/format.go:177.44,179.3 1 1
github.com/bradcarter-meal-planner/tools/validate/internal/runner/format.go:180.2,182.33 2 1
github.com/bradcarter-meal-planner/tools/validate/internal/runner/format.go:186.34,188.2 1 1
github.com/bradcarter-meal-planner/tools/validate/internal/runner/format.go:191.36,193.2 1 1
github.com/bradcarter-meal-planner/tools/validate/internal/runner/format.go:196.34,198.2 1 1
github.com/bradcarter-meal-planner/tools/validate/internal/runner/json.go:9.47,21.2 2 1
github.com/bradcarter-meal-planner/tools/validate/internal/runner/json.go:24.51,36.50 3 1
github.com/bradcarter-meal-planner/tools/validate/internal/runner/json.go:36.50,38.3 1 1
github.com/bradcarter-meal-planner/tools/validate/internal/runner/json.go:41.2,42.16 2 1
github.com/bradcarter-meal-planner/tools/validate/internal/runner/json.go:42.16,44.3 1 1
github.com/bradcarter-meal-planner/tools/validate/internal/runner/json.go:45.2,47.12 2 1
github.com/bradcarter-meal-planner/tools/validate/internal/runner/json.go:51.42,53.16 2 1
github.com/bradcarter-meal-planner/tools/validate/internal/runner/json.go:53.16,55.3 1 0
github.com/bradcarter-meal-planner/tools/validate/internal/runner/json.go:56.2,56.26 1 1
github.com/bradcarter-meal-planner/tools/validate/internal/runner/json.go:60.47,64.2 3 1
github.com/bradcarter-meal-planner/tools/validate/internal/runner/types.go:21.32,23.2 1 1
github.com/bradcarter-meal-planner/tools/validate/internal/runner/types.go:38.33,40.2 1 1
