mode: set
github.com/bradcarter-meal-planner/tools/validate/internal/adapters/go/adapter.go:25.81,32.2 1 1
github.com/bradcarter-meal-planner/tools/validate/internal/adapters/go/adapter.go:35.63,38.2 2 1
github.com/bradcarter-meal-planner/tools/validate/internal/adapters/go/adapter.go:41.40,64.78 12 1
github.com/bradcarter-meal-planner/tools/validate/internal/adapters/go/adapter.go:64.78,68.3 3 1
github.com/bradcarter-meal-planner/tools/validate/internal/adapters/go/adapter.go:71.2,72.21 2 1
github.com/bradcarter-meal-planner/tools/validate/internal/adapters/go/adapter.go:72.21,76.3 3 0
github.com/bradcarter-meal-planner/tools/validate/internal/adapters/go/adapter.go:79.2,85.32 5 1
github.com/bradcarter-meal-planner/tools/validate/internal/adapters/go/adapter.go:85.32,87.3 1 1
github.com/bradcarter-meal-planner/tools/validate/internal/adapters/go/adapter.go:87.8,89.124 1 1
github.com/bradcarter-meal-planner/tools/validate/internal/adapters/go/adapter.go:89.124,91.4 1 0
github.com/bradcarter-meal-planner/tools/validate/internal/adapters/go/adapter.go:96.2,96.57 1 1
github.com/bradcarter-meal-planner/tools/validate/internal/adapters/go/adapter.go:96.58,99.3 0 0
github.com/bradcarter-meal-planner/tools/validate/internal/adapters/go/adapter.go:101.2,101.15 1 1
github.com/bradcarter-meal-planner/tools/validate/internal/adapters/go/adapter.go:105.40,128.78 12 1
github.com/bradcarter-meal-planner/tools/validate/internal/adapters/go/adapter.go:128.78,132.3 3 0
github.com/bradcarter-meal-planner/tools/validate/internal/adapters/go/adapter.go:135.2,136.21 2 1
github.com/bradcarter-meal-planner/tools/validate/internal/adapters/go/adapter.go:136.21,138.91 1 1
github.com/bradcarter-meal-planner/tools/validate/internal/adapters/go/adapter.go:138.91,143.4 4 1
github.com/bradcarter-meal-planner/tools/validate/internal/adapters/go/adapter.go:145.3,147.16 3 0
github.com/bradcarter-meal-planner/tools/validate/internal/adapters/go/adapter.go:151.2,155.15 4 1
github.com/bradcarter-meal-planner/tools/validate/internal/adapters/go/adapter.go:159.41,182.78 12 1
github.com/bradcarter-meal-planner/tools/validate/internal/adapters/go/adapter.go:182.78,186.3 3 1
github.com/bradcarter-meal-planner/tools/validate/internal/adapters/go/adapter.go:189.2,190.21 2 1
github.com/bradcarter-meal-planner/tools/validate/internal/adapters/go/adapter.go:190.21,194.3 3 0
github.com/bradcarter-meal-planner/tools/validate/internal/adapters/go/adapter.go:197.2,201.57 3 1
github.com/bradcarter-meal-planner/tools/validate/internal/adapters/go/adapter.go:201.57,203.3 1 1
github.com/bradcarter-meal-planner/tools/validate/internal/adapters/go/adapter.go:205.2,205.15 1 1
github.com/bradcarter-meal-planner/tools/validate/internal/adapters/go/test_helpers.go:19.112,30.2 3 1
github.com/bradcarter-meal-planner/tools/validate/internal/adapters/go/test_helpers.go:33.83,37.2 3 1
github.com/bradcarter-meal-planner/tools/validate/internal/adapters/go/test_helpers.go:40.38,42.2 1 1
github.com/bradcarter-meal-planner/tools/validate/internal/adapters/go/parser/build.go:13.64,19.37 2 1
github.com/bradcarter-meal-planner/tools/validate/internal/adapters/go/parser/build.go:19.37,22.3 1 1
github.com/bradcarter-meal-planner/tools/validate/internal/adapters/go/parser/build.go:25.2,26.23 2 1
github.com/bradcarter-meal-planner/tools/validate/internal/adapters/go/parser/build.go:26.23,29.3 2 1
github.com/bradcarter-meal-planner/tools/validate/internal/adapters/go/parser/build.go:31.2,31.20 1 1
github.com/bradcarter-meal-planner/tools/validate/internal/adapters/go/parser/build.go:35.55,49.21 6 1
github.com/bradcarter-meal-planner/tools/validate/internal/adapters/go/parser/build.go:49.21,51.17 2 1
github.com/bradcarter-meal-planner/tools/validate/internal/adapters/go/parser/build.go:51.17,52.12 1 0
github.com/bradcarter-meal-planner/tools/validate/internal/adapters/go/parser/build.go:56.3,56.85 1 1
github.com/bradcarter-meal-planner/tools/validate/internal/adapters/go/parser/build.go:56.85,58.12 2 1
github.com/bradcarter-meal-planner/tools/validate/internal/adapters/go/parser/build.go:62.3,62.79 1 1
github.com/bradcarter-meal-planner/tools/validate/internal/adapters/go/parser/build.go:62.79,68.18 5 1
github.com/bradcarter-meal-planner/tools/validate/internal/adapters/go/parser/build.go:68.18,70.5 1 0
github.com/bradcarter-meal-planner/tools/validate/internal/adapters/go/parser/build.go:73.4,73.103 1 1
github.com/bradcarter-meal-planner/tools/validate/internal/adapters/go/parser/build.go:73.104,76.5 0 1
github.com/bradcarter-meal-planner/tools/validate/internal/adapters/go/parser/build.go:78.4,85.40 2 1
github.com/bradcarter-meal-planner/tools/validate/internal/adapters/go/parser/build.go:86.9,88.74 1 1
github.com/bradcarter-meal-planner/tools/validate/internal/adapters/go/parser/build.go:88.74,97.5 2 1
github.com/bradcarter-meal-planner/tools/validate/internal/adapters/go/parser/build.go:101.2,101.17 1 1
github.com/bradcarter-meal-planner/tools/validate/internal/adapters/go/parser/build.go:105.51,108.29 2 1
github.com/bradcarter-meal-planner/tools/validate/internal/adapters/go/parser/build.go:108.29,109.37 1 1
github.com/bradcarter-meal-planner/tools/validate/internal/adapters/go/parser/build.go:109.37,112.18 2 1
github.com/bradcarter-meal-planner/tools/validate/internal/adapters/go/parser/build.go:112.18,114.5 1 1
github.com/bradcarter-meal-planner/tools/validate/internal/adapters/go/parser/build.go:115.9,115.44 1 1
github.com/bradcarter-meal-planner/tools/validate/internal/adapters/go/parser/build.go:115.44,118.4 1 1
github.com/bradcarter-meal-planner/tools/validate/internal/adapters/go/parser/build.go:120.2,120.11 1 1
github.com/bradcarter-meal-planner/tools/validate/internal/adapters/go/parser/build.go:124.48,127.29 2 1
github.com/bradcarter-meal-planner/tools/validate/internal/adapters/go/parser/build.go:127.29,128.37 1 1
github.com/bradcarter-meal-planner/tools/validate/internal/adapters/go/parser/build.go:128.37,131.18 2 1
github.com/bradcarter-meal-planner/tools/validate/internal/adapters/go/parser/build.go:131.18,136.22 4 1
github.com/bradcarter-meal-planner/tools/validate/internal/adapters/go/parser/build.go:136.22,138.6 1 1
github.com/bradcarter-meal-planner/tools/validate/internal/adapters/go/parser/build.go:138.11,140.6 1 1
github.com/bradcarter-meal-planner/tools/validate/internal/adapters/go/parser/build.go:141.5,141.58 1 1
github.com/bradcarter-meal-planner/tools/validate/internal/adapters/go/parser/build.go:141.58,143.6 1 1
github.com/bradcarter-meal-planner/tools/validate/internal/adapters/go/parser/build.go:147.2,147.10 1 1
github.com/bradcarter-meal-planner/tools/validate/internal/adapters/go/parser/coverage.go:14.73,16.16 2 1
github.com/bradcarter-meal-planner/tools/validate/internal/adapters/go/parser/coverage.go:16.16,18.3 1 1
github.com/bradcarter-meal-planner/tools/validate/internal/adapters/go/parser/coverage.go:19.2,30.21 7 1
github.com/bradcarter-meal-planner/tools/validate/internal/adapters/go/parser/coverage.go:30.21,35.55 3 1
github.com/bradcarter-meal-planner/tools/validate/internal/adapters/go/parser/coverage.go:35.55,36.12 1 1
github.com/bradcarter-meal-planner/tools/validate/internal/adapters/go/parser/coverage.go:39.3,39.17 1 1
github.com/bradcarter-meal-planner/tools/validate/internal/adapters/go/parser/coverage.go:39.17,40.12 1 0
github.com/bradcarter-meal-planner/tools/validate/internal/adapters/go/parser/coverage.go:44.3,45.22 2 1
github.com/bradcarter-meal-planner/tools/validate/internal/adapters/go/parser/coverage.go:45.22,46.12 1 1
github.com/bradcarter-meal-planner/tools/validate/internal/adapters/go/parser/coverage.go:50.3,51.21 2 1
github.com/bradcarter-meal-planner/tools/validate/internal/adapters/go/parser/coverage.go:51.21,52.12 1 0
github.com/bradcarter-meal-planner/tools/validate/internal/adapters/go/parser/coverage.go:54.3,58.17 3 1
github.com/bradcarter-meal-planner/tools/validate/internal/adapters/go/parser/coverage.go:58.17,59.12 1 1
github.com/bradcarter-meal-planner/tools/validate/internal/adapters/go/parser/coverage.go:63.3,64.17 2 1
github.com/bradcarter-meal-planner/tools/validate/internal/adapters/go/parser/coverage.go:64.17,65.12 1 1
github.com/bradcarter-meal-planner/tools/validate/internal/adapters/go/parser/coverage.go:69.3,69.33 1 1
github.com/bradcarter-meal-planner/tools/validate/internal/adapters/go/parser/coverage.go:69.33,71.4 1 1
github.com/bradcarter-meal-planner/tools/validate/internal/adapters/go/parser/coverage.go:74.3,77.16 3 1
github.com/bradcarter-meal-planner/tools/validate/internal/adapters/go/parser/coverage.go:77.16,80.4 2 1
github.com/bradcarter-meal-planner/tools/validate/internal/adapters/go/parser/coverage.go:83.2,83.38 1 1
github.com/bradcarter-meal-planner/tools/validate/internal/adapters/go/parser/coverage.go:83.38,85.3 1 0
github.com/bradcarter-meal-planner/tools/validate/internal/adapters/go/parser/coverage.go:88.2,88.25 1 1
github.com/bradcarter-meal-planner/tools/validate/internal/adapters/go/parser/coverage.go:88.25,90.3 1 1
github.com/bradcarter-meal-planner/tools/validate/internal/adapters/go/parser/coverage.go:91.2,95.41 3 1
github.com/bradcarter-meal-planner/tools/validate/internal/adapters/go/parser/coverage.go:95.41,97.22 2 1
github.com/bradcarter-meal-planner/tools/validate/internal/adapters/go/parser/coverage.go:97.22,99.4 1 1
github.com/bradcarter-meal-planner/tools/validate/internal/adapters/go/parser/coverage.go:101.3,105.4 1 1
github.com/bradcarter-meal-planner/tools/validate/internal/adapters/go/parser/coverage.go:108.2,108.22 1 1
github.com/bradcarter-meal-planner/tools/validate/internal/adapters/go/parser/lint.go:44.67,45.37 1 1
github.com/bradcarter-meal-planner/tools/validate/internal/adapters/go/parser/lint.go:45.37,51.3 1 1
github.com/bradcarter-meal-planner/tools/validate/internal/adapters/go/parser/lint.go:53.2,54.68 2 1
github.com/bradcarter-meal-planner/tools/validate/internal/adapters/go/parser/lint.go:54.68,56.3 1 1
github.com/bradcarter-meal-planner/tools/validate/internal/adapters/go/parser/lint.go:58.2,65.42 3 1
github.com/bradcarter-meal-planner/tools/validate/internal/adapters/go/parser/lint.go:65.42,73.42 2 1
github.com/bradcarter-meal-planner/tools/validate/internal/adapters/go/parser/lint.go:74.16,76.16 2 1
github.com/bradcarter-meal-planner/tools/validate/internal/adapters/go/parser/lint.go:77.18,79.25 2 1
github.com/bradcarter-meal-planner/tools/validate/internal/adapters/go/parser/lint.go:80.11,83.16 2 1
github.com/bradcarter-meal-planner/tools/validate/internal/adapters/go/parser/lint.go:86.3,86.53 1 1
github.com/bradcarter-meal-planner/tools/validate/internal/adapters/go/parser/lint.go:90.2,90.20 1 1
github.com/bradcarter-meal-planner/tools/validate/internal/adapters/go/parser/lint.go:90.20,92.3 1 1
github.com/bradcarter-meal-planner/tools/validate/internal/adapters/go/parser/lint.go:94.2,94.20 1 1
github.com/bradcarter-meal-planner/tools/validate/internal/adapters/go/parser/lint.go:98.67,99.37 1 1
github.com/bradcarter-meal-planner/tools/validate/internal/adapters/go/parser/lint.go:99.37,105.3 1 1
github.com/bradcarter-meal-planner/tools/validate/internal/adapters/go/parser/lint.go:107.2,121.21 5 1
github.com/bradcarter-meal-planner/tools/validate/internal/adapters/go/parser/lint.go:121.21,123.17 2 1
github.com/bradcarter-meal-planner/tools/validate/internal/adapters/go/parser/lint.go:123.17,124.12 1 0
github.com/bradcarter-meal-planner/tools/validate/internal/adapters/go/parser/lint.go:127.3,128.24 2 1
github.com/bradcarter-meal-planner/tools/validate/internal/adapters/go/parser/lint.go:128.24,135.18 6 1
github.com/bradcarter-meal-planner/tools/validate/internal/adapters/go/parser/lint.go:135.18,137.5 1 0
github.com/bradcarter-meal-planner/tools/validate/internal/adapters/go/parser/lint.go:139.4,147.16 3 1
github.com/bradcarter-meal-planner/tools/validate/internal/adapters/go/parser/lint.go:148.9,150.38 1 1
github.com/bradcarter-meal-planner/tools/validate/internal/adapters/go/parser/lint.go:150.38,159.5 3 1
github.com/bradcarter-meal-planner/tools/validate/internal/adapters/go/parser/lint.go:163.2,163.38 1 1
github.com/bradcarter-meal-planner/tools/validate/internal/adapters/go/parser/lint.go:163.38,165.3 1 0
github.com/bradcarter-meal-planner/tools/validate/internal/adapters/go/parser/lint.go:168.2,168.20 1 1
github.com/bradcarter-meal-planner/tools/validate/internal/adapters/go/parser/lint.go:168.20,170.3 1 1
github.com/bradcarter-meal-planner/tools/validate/internal/adapters/go/parser/lint.go:172.2,172.20 1 1
github.com/bradcarter-meal-planner/tools/validate/internal/adapters/go/parser/lint.go:176.46,178.29 2 1
github.com/bradcarter-meal-planner/tools/validate/internal/adapters/go/parser/lint.go:178.29,179.37 1 1
github.com/bradcarter-meal-planner/tools/validate/internal/adapters/go/parser/lint.go:179.37,180.58 1 1
github.com/bradcarter-meal-planner/tools/validate/internal/adapters/go/parser/lint.go:180.58,182.5 1 1
github.com/bradcarter-meal-planner/tools/validate/internal/adapters/go/parser/lint.go:185.2,185.11 1 1
github.com/bradcarter-meal-planner/tools/validate/internal/adapters/go/parser/lint.go:189.43,191.29 2 1
github.com/bradcarter-meal-planner/tools/validate/internal/adapters/go/parser/lint.go:191.29,192.37 1 1
github.com/bradcarter-meal-planner/tools/validate/internal/adapters/go/parser/lint.go:192.37,193.58 1 1
github.com/bradcarter-meal-planner/tools/validate/internal/adapters/go/parser/lint.go:193.58,195.72 2 1
github.com/bradcarter-meal-planner/tools/validate/internal/adapters/go/parser/lint.go:195.72,197.59 2 1
github.com/bradcarter-meal-planner/tools/validate/internal/adapters/go/parser/lint.go:197.59,199.7 1 1
github.com/bradcarter-meal-planner/tools/validate/internal/adapters/go/parser/lint.go:204.2,204.10 1 1
github.com/bradcarter-meal-planner/tools/validate/internal/adapters/go/parser/test.go:25.61,26.37 1 1
github.com/bradcarter-meal-planner/tools/validate/internal/adapters/go/parser/test.go:26.37,32.3 1 1
github.com/bradcarter-meal-planner/tools/validate/internal/adapters/go/parser/test.go:34.2,47.21 7 1
github.com/bradcarter-meal-planner/tools/validate/internal/adapters/go/parser/test.go:47.21,49.17 2 1
github.com/bradcarter-meal-planner/tools/validate/internal/adapters/go/parser/test.go:49.17,50.12 1 0
github.com/bradcarter-meal-planner/tools/validate/internal/adapters/go/parser/test.go:53.3,54.62 2 1
github.com/bradcarter-meal-planner/tools/validate/internal/adapters/go/parser/test.go:54.62,56.12 1 1
github.com/bradcarter-meal-planner/tools/validate/internal/adapters/go/parser/test.go:59.3,59.23 1 1
github.com/bradcarter-meal-planner/tools/validate/internal/adapters/go/parser/test.go:60.15,61.24 1 1
github.com/bradcarter-meal-planner/tools/validate/internal/adapters/go/parser/test.go:61.24,65.5 2 1
github.com/bradcarter-meal-planner/tools/validate/internal/adapters/go/parser/test.go:65.10,68.5 1 1
github.com/bradcarter-meal-planner/tools/validate/internal/adapters/go/parser/test.go:69.4,69.28 1 1
github.com/bradcarter-meal-planner/tools/validate/internal/adapters/go/parser/test.go:69.28,71.5 1 1
github.com/bradcarter-meal-planner/tools/validate/internal/adapters/go/parser/test.go:73.15,74.24 1 1
github.com/bradcarter-meal-planner/tools/validate/internal/adapters/go/parser/test.go:74.24,83.22 6 1
github.com/bradcarter-meal-planner/tools/validate/internal/adapters/go/parser/test.go:83.22,85.6 1 0
github.com/bradcarter-meal-planner/tools/validate/internal/adapters/go/parser/test.go:87.5,93.55 2 1
github.com/bradcarter-meal-planner/tools/validate/internal/adapters/go/parser/test.go:94.10,98.5 2 1
github.com/bradcarter-meal-planner/tools/validate/internal/adapters/go/parser/test.go:99.4,99.28 1 1
github.com/bradcarter-meal-planner/tools/validate/internal/adapters/go/parser/test.go:99.28,101.5 1 1
github.com/bradcarter-meal-planner/tools/validate/internal/adapters/go/parser/test.go:103.17,104.46 1 1
github.com/bradcarter-meal-planner/tools/validate/internal/adapters/go/parser/test.go:104.46,108.5 2 1
github.com/bradcarter-meal-planner/tools/validate/internal/adapters/go/parser/test.go:110.15,111.24 1 1
github.com/bradcarter-meal-planner/tools/validate/internal/adapters/go/parser/test.go:111.24,115.5 2 1
github.com/bradcarter-meal-planner/tools/validate/internal/adapters/go/parser/test.go:119.2,119.38 1 1
github.com/bradcarter-meal-planner/tools/validate/internal/adapters/go/parser/test.go:119.38,121.3 1 0
github.com/bradcarter-meal-planner/tools/validate/internal/adapters/go/parser/test.go:124.2,124.28 1 1
github.com/bradcarter-meal-planner/tools/validate/internal/adapters/go/parser/test.go:124.28,126.3 1 1
github.com/bradcarter-meal-planner/tools/validate/internal/adapters/go/parser/test.go:129.2,130.21 2 1
github.com/bradcarter-meal-planner/tools/validate/internal/adapters/go/parser/test.go:130.21,132.3 1 1
github.com/bradcarter-meal-planner/tools/validate/internal/adapters/go/parser/test.go:134.2,134.20 1 1
github.com/bradcarter-meal-planner/tools/validate/internal/adapters/go/parser/test.go:138.53,139.31 1 1
github.com/bradcarter-meal-planner/tools/validate/internal/adapters/go/parser/test.go:139.31,142.37 2 1
github.com/bradcarter-meal-planner/tools/validate/internal/adapters/go/parser/test.go:142.37,144.31 2 1
github.com/bradcarter-meal-planner/tools/validate/internal/adapters/go/parser/test.go:144.31,145.74 1 1
github.com/bradcarter-meal-planner/tools/validate/internal/adapters/go/parser/test.go:145.74,148.19 2 1
github.com/bradcarter-meal-planner/tools/validate/internal/adapters/go/parser/test.go:148.19,150.7 1 1
github.com/bradcarter-meal-planner/tools/validate/internal/adapters/go/parser/test.go:155.2,155.11 1 1
github.com/bradcarter-meal-planner/tools/validate/internal/adapters/go/parser/test.go:159.50,160.31 1 1
github.com/bradcarter-meal-planner/tools/validate/internal/adapters/go/parser/test.go:160.31,163.37 2 1
github.com/bradcarter-meal-planner/tools/validate/internal/adapters/go/parser/test.go:163.37,165.31 2 1
github.com/bradcarter-meal-planner/tools/validate/internal/adapters/go/parser/test.go:165.31,166.74 1 1
github.com/bradcarter-meal-planner/tools/validate/internal/adapters/go/parser/test.go:166.74,169.20 2 1
github.com/bradcarter-meal-planner/tools/validate/internal/adapters/go/parser/test.go:169.20,174.24 4 1
github.com/bradcarter-meal-planner/tools/validate/internal/adapters/go/parser/test.go:174.24,176.8 1 1
github.com/bradcarter-meal-planner/tools/validate/internal/adapters/go/parser/test.go:176.13,178.8 1 0
github.com/bradcarter-meal-planner/tools/validate/internal/adapters/go/parser/test.go:179.7,179.60 1 1
github.com/bradcarter-meal-planner/tools/validate/internal/adapters/go/parser/test.go:179.60,181.8 1 1
github.com/bradcarter-meal-planner/tools/validate/internal/adapters/go/parser/test.go:187.2,187.10 1 1
github.com/bradcarter-meal-planner/tools/validate/internal/adapters/go/parser/test.go:191.62,194.21 2 1
github.com/bradcarter-meal-planner/tools/validate/internal/adapters/go/parser/test.go:194.21,196.87 2 1
github.com/bradcarter-meal-planner/tools/validate/internal/adapters/go/parser/test.go:196.87,199.31 2 1
github.com/bradcarter-meal-planner/tools/validate/internal/adapters/go/parser/test.go:199.31,200.46 1 1
github.com/bradcarter-meal-planner/tools/validate/internal/adapters/go/parser/test.go:200.46,202.75 2 1
github.com/bradcarter-meal-planner/tools/validate/internal/adapters/go/parser/test.go:202.75,208.7 1 1
github.com/bradcarter-meal-planner/tools/validate/internal/adapters/go/parser/test.go:213.2,213.12 1 1
