{"numFailedTestSuites":2,"numFailedTests":8,"numPassedTestSuites":8,"numPassedTests":43,"numPendingTestSuites":0,"numPendingTests":0,"numRuntimeErrorTestSuites":0,"numTodoTests":0,"numTotalTestSuites":10,"numTotalTests":51,"openHandles":[],"snapshot":{"added":0,"didUpdate":false,"failure":false,"filesAdded":0,"filesRemoved":0,"filesRemovedList":[],"filesUnmatched":0,"filesUpdated":0,"matched":0,"total":0,"unchecked":0,"uncheckedKeysByFile":[],"unmatched":0,"updated":0},"startTime":1751979567960,"success":false,"testResults":[{"assertionResults":[{"ancestorTitles":[],"failureMessages":[],"fullName":"renders typing indicator with three dots","location":null,"status":"passed","title":"renders typing indicator with three dots"},{"ancestorTitles":[],"failureMessages":[],"fullName":"has proper structure","location":null,"status":"passed","title":"has proper structure"}],"endTime":1751979570415,"message":"","name":"/Users/bradcarter/Documents/Dev/meal-planner/typescript/ui/src/components/TypingIndicator.test.tsx","startTime":1751979568687,"status":"passed","summary":""},{"assertionResults":[{"ancestorTitles":["MealPlanDisplay"],"failureMessages":[],"fullName":"MealPlanDisplay renders meal names in correct positions","location":null,"status":"passed","title":"renders meal names in correct positions"},{"ancestorTitles":["MealPlanDisplay"],"failureMessages":[],"fullName":"MealPlanDisplay shows placeholder for empty meals","location":null,"status":"passed","title":"shows placeholder for empty meals"},{"ancestorTitles":["MealPlanDisplay"],"failureMessages":[],"fullName":"MealPlanDisplay displays red meat indicator","location":null,"status":"passed","title":"displays red meat indicator"},{"ancestorTitles":["MealPlanDisplay"],"failureMessages":[],"fullName":"MealPlanDisplay displays day headers","location":null,"status":"passed","title":"displays day headers"},{"ancestorTitles":["MealPlanDisplay"],"failureMessages":[],"fullName":"MealPlanDisplay shows effort icons","location":null,"status":"passed","title":"shows effort icons"}],"endTime":1751979570479,"message":"","name":"/Users/bradcarter/Documents/Dev/meal-planner/typescript/ui/src/components/MealPlanDisplay.test.tsx","startTime":1751979568697,"status":"passed","summary":""},{"assertionResults":[{"ancestorTitles":["Toast"],"failureMessages":[],"fullName":"Toast renders message when provided","location":null,"status":"passed","title":"renders message when provided"},{"ancestorTitles":["Toast"],"failureMessages":[],"fullName":"Toast renders nothing when message is null","location":null,"status":"passed","title":"renders nothing when message is null"}],"endTime":1751979570484,"message":"","name":"/Users/bradcarter/Documents/Dev/meal-planner/typescript/ui/src/components/Toast.test.tsx","startTime":1751979568696,"status":"passed","summary":""},{"assertionResults":[{"ancestorTitles":["useSession"],"failureMessages":[],"fullName":"useSession resumes existing session","location":null,"status":"passed","title":"resumes existing session"},{"ancestorTitles":["useSession"],"failureMessages":[],"fullName":"useSession clears session when workflow complete","location":null,"status":"passed","title":"clears session when workflow complete"},{"ancestorTitles":["useSession"],"failureMessages":[],"fullName":"useSession startNewSession abandons existing session","location":null,"status":"passed","title":"startNewSession abandons existing session"}],"endTime":1751979570556,"message":"","name":"/Users/bradcarter/Documents/Dev/meal-planner/typescript/ui/src/hooks/useSession.test.tsx","startTime":1751979570436,"status":"passed","summary":""},{"assertionResults":[{"ancestorTitles":["StepsEditor"],"failureMessages":[],"fullName":"StepsEditor renders existing steps correctly","location":null,"status":"passed","title":"renders existing steps correctly"},{"ancestorTitles":["StepsEditor"],"failureMessages":[],"fullName":"StepsEditor adds a new step when the add button is clicked","location":null,"status":"passed","title":"adds a new step when the add button is clicked"},{"ancestorTitles":["StepsEditor"],"failureMessages":[],"fullName":"StepsEditor edits an existing step","location":null,"status":"passed","title":"edits an existing step"},{"ancestorTitles":["StepsEditor"],"failureMessages":[],"fullName":"StepsEditor removes a step when the delete button is clicked","location":null,"status":"passed","title":"removes a step when the delete button is clicked"},{"ancestorTitles":["StepsEditor"],"failureMessages":[],"fullName":"StepsEditor handles drag and drop to reorder steps","location":null,"status":"passed","title":"handles drag and drop to reorder steps"},{"ancestorTitles":["StepsEditor"],"failureMessages":[],"fullName":"StepsEditor renders without steps","location":null,"status":"passed","title":"renders without steps"}],"endTime":1751979570582,"message":"","name":"/Users/bradcarter/Documents/Dev/meal-planner/typescript/ui/src/components/StepsEditor.test.tsx","startTime":1751979568708,"status":"passed","summary":""},{"assertionResults":[{"ancestorTitles":["DatabaseConnectionError Component"],"failureMessages":[],"fullName":"DatabaseConnectionError Component renders the error message and retry button","location":null,"status":"passed","title":"renders the error message and retry button"},{"ancestorTitles":["DatabaseConnectionError Component"],"failureMessages":[],"fullName":"DatabaseConnectionError Component shows loading state when retry button is clicked","location":null,"status":"passed","title":"shows loading state when retry button is clicked"},{"ancestorTitles":["DatabaseConnectionError Component"],"failureMessages":[],"fullName":"DatabaseConnectionError Component handles retry function errors gracefully","location":null,"status":"passed","title":"handles retry function errors gracefully"},{"ancestorTitles":["DatabaseConnectionError Component"],"failureMessages":[],"fullName":"DatabaseConnectionError Component prevents multiple clicks while retrying","location":null,"status":"passed","title":"prevents multiple clicks while retrying"}],"endTime":1751979570589,"message":"","name":"/Users/bradcarter/Documents/Dev/meal-planner/typescript/ui/src/components/DatabaseConnectionError.test.tsx","startTime":1751979568680,"status":"passed","summary":""},{"assertionResults":[{"ancestorTitles":["MealManagementTab"],"failureMessages":[],"fullName":"MealManagementTab loads and displays main menu with cards","location":null,"status":"passed","title":"loads and displays main menu with cards"},{"ancestorTitles":["MealManagementTab"],"failureMessages":[],"fullName":"MealManagementTab navigates to browse meals view and displays meal details","location":null,"status":"passed","title":"navigates to browse meals view and displays meal details"},{"ancestorTitles":["MealManagementTab"],"failureMessages":[],"fullName":"MealManagementTab edits an ingredient","location":null,"status":"passed","title":"edits an ingredient"},{"ancestorTitles":["MealManagementTab"],"failureMessages":[],"fullName":"MealManagementTab handles ingredient deletion","location":null,"status":"passed","title":"handles ingredient deletion"},{"ancestorTitles":["MealManagementTab"],"failureMessages":[],"fullName":"MealManagementTab handles error when updating ingredient","location":null,"status":"passed","title":"handles error when updating ingredient"},{"ancestorTitles":["MealManagementTab"],"failureMessages":[],"fullName":"MealManagementTab handles error when fetching meals","location":null,"status":"passed","title":"handles error when fetching meals"},{"ancestorTitles":["MealManagementTab"],"failureMessages":[],"fullName":"MealManagementTab deletes a meal","location":null,"status":"passed","title":"deletes a meal"},{"ancestorTitles":["MealManagementTab"],"failureMessages":[],"fullName":"MealManagementTab navigates to add recipe view","location":null,"status":"passed","title":"navigates to add recipe view"},{"ancestorTitles":["MealManagementTab"],"failureMessages":[],"fullName":"MealManagementTab navigates back to main menu","location":null,"status":"passed","title":"navigates back to main menu"},{"ancestorTitles":["MealManagementTab"],"failureMessages":[],"fullName":"MealManagementTab maintains selected meal view after editing an ingredient","location":null,"status":"passed","title":"maintains selected meal view after editing an ingredient"}],"endTime":1751979571783,"message":"","name":"/Users/bradcarter/Documents/Dev/meal-planner/typescript/ui/src/components/MealManagementTab.test.tsx","startTime":1751979568702,"status":"passed","summary":""},{"assertionResults":[{"ancestorTitles":["AddRecipeForm"],"failureMessages":[],"fullName":"AddRecipeForm renders the Add New Recipe form","location":null,"status":"passed","title":"renders the Add New Recipe form"},{"ancestorTitles":["AddRecipeForm"],"failureMessages":[],"fullName":"AddRecipeForm doubles ingredient quantities in the text area","location":null,"status":"passed","title":"doubles ingredient quantities in the text area"},{"ancestorTitles":["AddRecipeForm"],"failureMessages":[],"fullName":"AddRecipeForm processes and converts fraction characters","location":null,"status":"passed","title":"processes and converts fraction characters"},{"ancestorTitles":["AddRecipeForm"],"failureMessages":["Error: \u001b[2mexpect(\u001b[22m\u001b[31mjest.fn()\u001b[39m\u001b[2m).\u001b[22mtoHaveBeenCalled\u001b[2m()\u001b[22m\n\nExpected number of calls: >= \u001b[32m1\u001b[39m\nReceived number of calls:    \u001b[31m0\u001b[39m\n\nIgnored nodes: comments, script, style\n\u001b[36m<html>\u001b[39m\n  \u001b[36m<head>\u001b[39m\n    \u001b[36m<meta\u001b[39m\n      \u001b[33mcontent\u001b[39m=\u001b[32m\"\"\u001b[39m\n      \u001b[33mname\u001b[39m=\u001b[32m\"emotion-insertion-point\"\u001b[39m\n    \u001b[36m/>\u001b[39m\n  \u001b[36m</head>\u001b[39m\n  \u001b[36m<body>\u001b[39m\n    \u001b[36m<div>\u001b[39m\n      \u001b[36m<div\u001b[39m\n        \u001b[33mclass\u001b[39m=\u001b[32m\"MuiPaper-root MuiPaper-elevation MuiPaper-rounded MuiPaper-elevation3 css-1qg4fmi-MuiPaper-root\"\u001b[39m\n        \u001b[33mstyle\u001b[39m=\u001b[32m\"--Paper-shadow: 0px 3px 3px -2px rgba(0,0,0,0.2),0px 3px 4px 0px rgba(0,0,0,0.14),0px 1px 8px 0px rgba(0,0,0,0.12);\"\u001b[39m\n      \u001b[36m>\u001b[39m\n        \u001b[36m<h2\u001b[39m\n          \u001b[33mclass\u001b[39m=\u001b[32m\"MuiTypography-root MuiTypography-h5 MuiTypography-alignCenter MuiTypography-gutterBottom css-1tch7cl-MuiTypography-root\"\u001b[39m\n          \u001b[33mstyle\u001b[39m=\u001b[32m\"--Typography-textAlign: center;\"\u001b[39m\n        \u001b[36m>\u001b[39m\n          \u001b[0mAdd New Recipe\u001b[0m\n        \u001b[36m</h2>\u001b[39m\n        \u001b[36m<form>\u001b[39m\n          \u001b[36m<div\u001b[39m\n            \u001b[33mclass\u001b[39m=\u001b[32m\"MuiGrid-root MuiGrid-container MuiGrid-spacing-xs-3 css-1qw2a80-MuiGrid-root\"\u001b[39m\n          \u001b[36m>\u001b[39m\n            \u001b[36m<div\u001b[39m\n              \u001b[33mclass\u001b[39m=\u001b[32m\"MuiGrid-root MuiGrid-item MuiGrid-grid-xs-12 css-1idn90j-MuiGrid-root\"\u001b[39m\n            \u001b[36m>\u001b[39m\n              \u001b[36m<div\u001b[39m\n                \u001b[33mclass\u001b[39m=\u001b[32m\"MuiFormControl-root MuiFormControl-fullWidth MuiTextField-root css-cmpglg-MuiFormControl-root-MuiTextField-root\"\u001b[39m\n              \u001b[36m>\u001b[39m\n                \u001b[36m<label\u001b[39m\n                  \u001b[33mclass\u001b[39m=\u001b[32m\"MuiFormLabel-root MuiInputLabel-root MuiInputLabel-formControl MuiInputLabel-animated MuiInputLabel-shrink MuiInputLabel-sizeMedium MuiInputLabel-outlined MuiFormLabel-colorPrimary MuiFormLabel-filled Mui-required MuiInputLabel-root MuiInputLabel-formControl MuiInputLabel-animated MuiInputLabel-shrink MuiInputLabel-sizeMedium MuiInputLabel-outlined css-113d811-MuiFormLabel-root-MuiInputLabel-root\"\u001b[39m\n                  \u001b[33mdata-shrink\u001b[39m=\u001b[32m\"true\"\u001b[39m\n                  \u001b[33mfor\u001b[39m=\u001b[32m\":rr:\"\u001b[39m\n                  \u001b[33mid\u001b[39m=\u001b[32m\":rr:-label\"\u001b[39m\n                \u001b[36m>\u001b[39m\n                  \u001b[0mRecipe Name\u001b[0m\n                  \u001b[36m<span\u001b[39m\n                    \u001b[33maria-hidden\u001b[39m=\u001b[32m\"true\"\u001b[39m\n                    \u001b[33mclass\u001b[39m=\u001b[32m\"MuiFormLabel-asterisk MuiInputLabel-asterisk css-1ljffdk-MuiFormLabel-asterisk\"\u001b[39m\n                  \u001b[36m>\u001b[39m\n                    \u001b[0m \u001b[0m\n                    \u001b[0m*\u001b[0m\n                  \u001b[36m</span>\u001b[39m\n                \u001b[36m</label>\u001b[39m\n                \u001b[36m<div\u001b[39m\n                  \u001b[33mclass\u001b[39m=\u001b[32m\"MuiInputBase-root MuiOutlinedInput-root MuiInputBase-colorPrimary MuiInputBase-fullWidth MuiInputBase-formControl css-1blp12k-MuiInputBase-root-MuiOutlinedInput-root\"\u001b[39m\n                \u001b[36m>\u001b[39m\n                  \u001b[36m<input\u001b[39m\n                    \u001b[33maria-invalid\u001b[39m=\u001b[32m\"false\"\u001b[39m\n                    \u001b[33mclass\u001b[39m=\u001b[32m\"MuiInputBase-input MuiOutlinedInput-input css-16wblaj-MuiInputBase-input-MuiOutlinedInput-input\"\u001b[39m\n                    \u001b[33mid\u001b[39m=\u001b[32m\":rr:\"\u001b[39m\n                    \u001b[33mrequired\u001b[39m=\u001b[32m\"\"\u001b[39m\n                    \u001b[33mtype\u001b[39m=\u001b[32m\"text\"\u001b[39m\n                    \u001b[33mvalue\u001b[39m=\u001b[32m\"New Recipe\"\u001b[39m\n                  \u001b[36m/>\u001b[39m\n                  \u001b[36m<fieldset\u001b[39m\n                    \u001b[33maria-hidden\u001b[39m=\u001b[32m\"true\"\u001b[39m\n                    \u001b[33mclass\u001b[39m=\u001b[32m\"MuiOutlinedInput-notchedOutline css-1ll44ll-MuiOutlinedInput-notchedOutline\"\u001b[39m\n                  \u001b[36m>\u001b[39m\n                    \u001b[36m<legend\u001b[39m\n                      \u001b[33mclass\u001b[39m=\u001b[32m\"css-w1u3ce\"\u001b[39m\n                    \u001b[36m>\u001b[39m\n                      \u001b[36m<span>\u001b[39m\n                        \u001b[0mRecipe Name\u001b[0m\n                        \u001b[0m \u001b[0m\n                        \u001b[0m*\u001b[0m\n                      \u001b[36m</span>\u001b[39m\n                    \u001b[36m</legend>\u001b[39m\n                  \u001b[36m</fieldset>\u001b[39m\n                \u001b[36m</div>\u001b[39m\n              \u001b[36m</div>\u001b[39m\n            \u001b[36m</div>\u001b[39m\n            \u001b[36m<div\u001b[39m\n              \u001b[33mclass\u001b[39m=\u001b[32m\"MuiGrid-root MuiGrid-item MuiGrid-grid-xs-12 css-1idn90j-MuiGrid-root\"\u001b[39m\n            \u001b[36m>\u001b[39m\n              \u001b[36m<div\u001b[39m\n                \u001b[33mclass\u001b[39m=\u001b[32m\"MuiFormControl-root MuiFormControl-fullWidth MuiTextField-root css-cmpglg-MuiFormControl-root-MuiTextField-root\"\u001b[39m\n              \u001b[36m>\u001b[39m\n                \u001b[36m<label\u001b[39m\n                  \u001b[33mclass\u001b[39m=\u001b[32m\"MuiFormLabel-root MuiInputLabel-root MuiInputLabel-formControl MuiInputLabel-animated MuiInputLabel-sizeMedium MuiInputLabel-outlined MuiFormLabel-colorPrimary MuiInputLabel-root MuiInputLabel-formControl MuiInputLabel-animated MuiInputLabel-sizeMedium MuiInputLabel-outlined css-19qnlrw-MuiFormLabel-root-MuiInputLabel-root\"\u001b[39m\n                  \u001b[33mdata-shrink\u001b[39m=\u001b[32m\"false\"\u001b[39m\n                  \u001b[33mfor\u001b[39m=\u001b[32m\":rs:\"\u001b[39m\n                  \u001b[33mid\u001b[39m=\u001b[32m\":rs:-label\"\u001b[39m\n                \u001b[36m>\u001b[39m\n                  \u001b[0mRecipe URL (optional)\u001b[0m\n                \u001b[36m</label>\u001b[39m\n                \u001b[36m<div\u001b[39m\n                  \u001b[33mclass\u001b[39m=\u001b[32m\"MuiInputBase-root MuiOutlinedInput-root MuiInputBase-colorPrimary MuiInputBase-fullWidth MuiInputBase-formControl css-1blp12k-MuiInputBase-root-MuiOutlinedInput-root\"\u001b[39m\n                \u001b[36m>\u001b[39m\n                  \u001b[36m<input\u001b[39m\n                    \u001b[33maria-invalid\u001b[39m=\u001b[32m\"false\"\u001b[39m\n                    \u001b[33mclass\u001b[39m=\u001b[32m\"MuiInputBase-input MuiOutlinedInput-input css-16wblaj-MuiInputBase-input-MuiOutlinedInput-input\"\u001b[39m\n                    \u001b[33mid\u001b[39m=\u001b[32m\":rs:\"\u001b[39m\n                    \u001b[33mplaceholder\u001b[39m=\u001b[32m\"https://example.com/recipe\"\u001b[39m\n                    \u001b[33mtype\u001b[39m=\u001b[32m\"url\"\u001b[39m\n                    \u001b[33mvalue\u001b[39m=\u001b[32m\"\"\u001b[39m\n                  \u001b[36m/>\u001b[39m\n                  \u001b[36m<fieldset\u001b[39m\n                    \u001b[33maria-hidden\u001b[39m=\u001b[32m\"true\"\u001b[39m\n                    \u001b[33mclass\u001b[39m=\u001b[32m\"MuiOutlinedInput-notchedOutline css-1ll44ll-MuiOutlinedInput-notchedOutline\"\u001b[39m\n                  \u001b[36m>\u001b[39m\n                    \u001b[36m<legend\u001b[39m\n                      \u001b[33mclass\u001b[39m=\u001b[32m\"css-81qg8w\"\u001b[39m\n                    \u001b[36m>\u001b[39m\n                      \u001b[36m<span>\u001b[39m\n                        \u001b[0mRecipe URL (optional)\u001b[0m\n                      \u001b[36m</span>\u001b[39m\n                    \u001b[36m</legend>\u001b[39m\n                  \u001b[36m</fieldset>\u001b[39m\n                \u001b[36m</div>\u001b[39m\n              \u001b[36m</div>\u001b[39m\n            \u001b[36m</div>\u001b[39m\n            \u001b[36m<div\u001b[39m\n              \u001b[33mclass\u001b[39m=\u001b[32m\"MuiGrid-root MuiGrid-item MuiGrid-grid-xs-12 css-1idn90j-MuiGrid-root\"\u001b[39m\n            \u001b[36m>\u001b[39m\n              \u001b[36m<p\u001b[39m\n                \u001b[33mclass\u001b[39m=\u001b[32m\"MuiTypography-root MuiTypography-body1 MuiTypography-gutterBottom css-vjrxpc-MuiTypography-root\"\u001b[39m\n              \u001b[36m>\u001b[39m\n                \u001b[0mEffort Level\u001b[0m\n              \u001b[36m</p>\u001b[39m\n              \u001b[36m<span\u001b[39m\n           ...\n    at /Users/bradcarter/Documents/Dev/meal-planner/typescript/ui/src/AddRecipeForm.test.tsx:112:33\n    at runWithExpensiveErrorDiagnosticsDisabled (/Users/bradcarter/Documents/Dev/meal-planner/node_modules/@testing-library/dom/dist/config.js:47:12)\n    at checkCallback (/Users/bradcarter/Documents/Dev/meal-planner/node_modules/@testing-library/dom/dist/wait-for.js:124:77)\n    at checkRealTimersCallback (/Users/bradcarter/Documents/Dev/meal-planner/node_modules/@testing-library/dom/dist/wait-for.js:118:16)\n    at Timeout.task [as _onTimeout] (/Users/bradcarter/Documents/Dev/meal-planner/node_modules/jsdom/lib/jsdom/browser/Window.js:516:19)\n    at listOnTimeout (node:internal/timers:608:17)\n    at processTimers (node:internal/timers:543:7)"],"fullName":"AddRecipeForm handles adding a recipe","location":null,"status":"failed","title":"handles adding a recipe"}],"endTime":1751979571827,"message":"\u001b[1m\u001b[31m  \u001b[1m● \u001b[22m\u001b[1mAddRecipeForm › handles adding a recipe\u001b[39m\u001b[22m\n\n    \u001b[2mexpect(\u001b[22m\u001b[31mjest.fn()\u001b[39m\u001b[2m).\u001b[22mtoHaveBeenCalled\u001b[2m()\u001b[22m\n\n    Expected number of calls: >= \u001b[32m1\u001b[39m\n    Received number of calls:    \u001b[31m0\u001b[39m\n\n    Ignored nodes: comments, script, style\n    \u001b[36m<html>\u001b[39m\n      \u001b[36m<head>\u001b[39m\n        \u001b[36m<meta\u001b[39m\n          \u001b[33mcontent\u001b[39m=\u001b[32m\"\"\u001b[39m\n          \u001b[33mname\u001b[39m=\u001b[32m\"emotion-insertion-point\"\u001b[39m\n        \u001b[36m/>\u001b[39m\n      \u001b[36m</head>\u001b[39m\n      \u001b[36m<body>\u001b[39m\n        \u001b[36m<div>\u001b[39m\n          \u001b[36m<div\u001b[39m\n            \u001b[33mclass\u001b[39m=\u001b[32m\"MuiPaper-root MuiPaper-elevation MuiPaper-rounded MuiPaper-elevation3 css-1qg4fmi-MuiPaper-root\"\u001b[39m\n            \u001b[33mstyle\u001b[39m=\u001b[32m\"--Paper-shadow: 0px 3px 3px -2px rgba(0,0,0,0.2),0px 3px 4px 0px rgba(0,0,0,0.14),0px 1px 8px 0px rgba(0,0,0,0.12);\"\u001b[39m\n          \u001b[36m>\u001b[39m\n            \u001b[36m<h2\u001b[39m\n              \u001b[33mclass\u001b[39m=\u001b[32m\"MuiTypography-root MuiTypography-h5 MuiTypography-alignCenter MuiTypography-gutterBottom css-1tch7cl-MuiTypography-root\"\u001b[39m\n              \u001b[33mstyle\u001b[39m=\u001b[32m\"--Typography-textAlign: center;\"\u001b[39m\n            \u001b[36m>\u001b[39m\n              \u001b[0mAdd New Recipe\u001b[0m\n            \u001b[36m</h2>\u001b[39m\n            \u001b[36m<form>\u001b[39m\n              \u001b[36m<div\u001b[39m\n                \u001b[33mclass\u001b[39m=\u001b[32m\"MuiGrid-root MuiGrid-container MuiGrid-spacing-xs-3 css-1qw2a80-MuiGrid-root\"\u001b[39m\n              \u001b[36m>\u001b[39m\n                \u001b[36m<div\u001b[39m\n                  \u001b[33mclass\u001b[39m=\u001b[32m\"MuiGrid-root MuiGrid-item MuiGrid-grid-xs-12 css-1idn90j-MuiGrid-root\"\u001b[39m\n                \u001b[36m>\u001b[39m\n                  \u001b[36m<div\u001b[39m\n                    \u001b[33mclass\u001b[39m=\u001b[32m\"MuiFormControl-root MuiFormControl-fullWidth MuiTextField-root css-cmpglg-MuiFormControl-root-MuiTextField-root\"\u001b[39m\n                  \u001b[36m>\u001b[39m\n                    \u001b[36m<label\u001b[39m\n                      \u001b[33mclass\u001b[39m=\u001b[32m\"MuiFormLabel-root MuiInputLabel-root MuiInputLabel-formControl MuiInputLabel-animated MuiInputLabel-shrink MuiInputLabel-sizeMedium MuiInputLabel-outlined MuiFormLabel-colorPrimary MuiFormLabel-filled Mui-required MuiInputLabel-root MuiInputLabel-formControl MuiInputLabel-animated MuiInputLabel-shrink MuiInputLabel-sizeMedium MuiInputLabel-outlined css-113d811-MuiFormLabel-root-MuiInputLabel-root\"\u001b[39m\n                      \u001b[33mdata-shrink\u001b[39m=\u001b[32m\"true\"\u001b[39m\n                      \u001b[33mfor\u001b[39m=\u001b[32m\":rr:\"\u001b[39m\n                      \u001b[33mid\u001b[39m=\u001b[32m\":rr:-label\"\u001b[39m\n                    \u001b[36m>\u001b[39m\n                      \u001b[0mRecipe Name\u001b[0m\n                      \u001b[36m<span\u001b[39m\n                        \u001b[33maria-hidden\u001b[39m=\u001b[32m\"true\"\u001b[39m\n                        \u001b[33mclass\u001b[39m=\u001b[32m\"MuiFormLabel-asterisk MuiInputLabel-asterisk css-1ljffdk-MuiFormLabel-asterisk\"\u001b[39m\n                      \u001b[36m>\u001b[39m\n                        \u001b[0m \u001b[0m\n                        \u001b[0m*\u001b[0m\n                      \u001b[36m</span>\u001b[39m\n                    \u001b[36m</label>\u001b[39m\n                    \u001b[36m<div\u001b[39m\n                      \u001b[33mclass\u001b[39m=\u001b[32m\"MuiInputBase-root MuiOutlinedInput-root MuiInputBase-colorPrimary MuiInputBase-fullWidth MuiInputBase-formControl css-1blp12k-MuiInputBase-root-MuiOutlinedInput-root\"\u001b[39m\n                    \u001b[36m>\u001b[39m\n                      \u001b[36m<input\u001b[39m\n                        \u001b[33maria-invalid\u001b[39m=\u001b[32m\"false\"\u001b[39m\n                        \u001b[33mclass\u001b[39m=\u001b[32m\"MuiInputBase-input MuiOutlinedInput-input css-16wblaj-MuiInputBase-input-MuiOutlinedInput-input\"\u001b[39m\n                        \u001b[33mid\u001b[39m=\u001b[32m\":rr:\"\u001b[39m\n                        \u001b[33mrequired\u001b[39m=\u001b[32m\"\"\u001b[39m\n                        \u001b[33mtype\u001b[39m=\u001b[32m\"text\"\u001b[39m\n                        \u001b[33mvalue\u001b[39m=\u001b[32m\"New Recipe\"\u001b[39m\n                      \u001b[36m/>\u001b[39m\n                      \u001b[36m<fieldset\u001b[39m\n                        \u001b[33maria-hidden\u001b[39m=\u001b[32m\"true\"\u001b[39m\n                        \u001b[33mclass\u001b[39m=\u001b[32m\"MuiOutlinedInput-notchedOutline css-1ll44ll-MuiOutlinedInput-notchedOutline\"\u001b[39m\n                      \u001b[36m>\u001b[39m\n                        \u001b[36m<legend\u001b[39m\n                          \u001b[33mclass\u001b[39m=\u001b[32m\"css-w1u3ce\"\u001b[39m\n                        \u001b[36m>\u001b[39m\n                          \u001b[36m<span>\u001b[39m\n                            \u001b[0mRecipe Name\u001b[0m\n                            \u001b[0m \u001b[0m\n                            \u001b[0m*\u001b[0m\n                          \u001b[36m</span>\u001b[39m\n                        \u001b[36m</legend>\u001b[39m\n                      \u001b[36m</fieldset>\u001b[39m\n                    \u001b[36m</div>\u001b[39m\n                  \u001b[36m</div>\u001b[39m\n                \u001b[36m</div>\u001b[39m\n                \u001b[36m<div\u001b[39m\n                  \u001b[33mclass\u001b[39m=\u001b[32m\"MuiGrid-root MuiGrid-item MuiGrid-grid-xs-12 css-1idn90j-MuiGrid-root\"\u001b[39m\n                \u001b[36m>\u001b[39m\n                  \u001b[36m<div\u001b[39m\n                    \u001b[33mclass\u001b[39m=\u001b[32m\"MuiFormControl-root MuiFormControl-fullWidth MuiTextField-root css-cmpglg-MuiFormControl-root-MuiTextField-root\"\u001b[39m\n                  \u001b[36m>\u001b[39m\n                    \u001b[36m<label\u001b[39m\n                      \u001b[33mclass\u001b[39m=\u001b[32m\"MuiFormLabel-root MuiInputLabel-root MuiInputLabel-formControl MuiInputLabel-animated MuiInputLabel-sizeMedium MuiInputLabel-outlined MuiFormLabel-colorPrimary MuiInputLabel-root MuiInputLabel-formControl MuiInputLabel-animated MuiInputLabel-sizeMedium MuiInputLabel-outlined css-19qnlrw-MuiFormLabel-root-MuiInputLabel-root\"\u001b[39m\n                      \u001b[33mdata-shrink\u001b[39m=\u001b[32m\"false\"\u001b[39m\n                      \u001b[33mfor\u001b[39m=\u001b[32m\":rs:\"\u001b[39m\n                      \u001b[33mid\u001b[39m=\u001b[32m\":rs:-label\"\u001b[39m\n                    \u001b[36m>\u001b[39m\n                      \u001b[0mRecipe URL (optional)\u001b[0m\n                    \u001b[36m</label>\u001b[39m\n                    \u001b[36m<div\u001b[39m\n                      \u001b[33mclass\u001b[39m=\u001b[32m\"MuiInputBase-root MuiOutlinedInput-root MuiInputBase-colorPrimary MuiInputBase-fullWidth MuiInputBase-formControl css-1blp12k-MuiInputBase-root-MuiOutlinedInput-root\"\u001b[39m\n                    \u001b[36m>\u001b[39m\n                      \u001b[36m<input\u001b[39m\n                        \u001b[33maria-invalid\u001b[39m=\u001b[32m\"false\"\u001b[39m\n                        \u001b[33mclass\u001b[39m=\u001b[32m\"MuiInputBase-input MuiOutlinedInput-input css-16wblaj-MuiInputBase-input-MuiOutlinedInput-input\"\u001b[39m\n                        \u001b[33mid\u001b[39m=\u001b[32m\":rs:\"\u001b[39m\n                        \u001b[33mplaceholder\u001b[39m=\u001b[32m\"https://example.com/recipe\"\u001b[39m\n                        \u001b[33mtype\u001b[39m=\u001b[32m\"url\"\u001b[39m\n                        \u001b[33mvalue\u001b[39m=\u001b[32m\"\"\u001b[39m\n                      \u001b[36m/>\u001b[39m\n                      \u001b[36m<fieldset\u001b[39m\n                        \u001b[33maria-hidden\u001b[39m=\u001b[32m\"true\"\u001b[39m\n                        \u001b[33mclass\u001b[39m=\u001b[32m\"MuiOutlinedInput-notchedOutline css-1ll44ll-MuiOutlinedInput-notchedOutline\"\u001b[39m\n                      \u001b[36m>\u001b[39m\n                        \u001b[36m<legend\u001b[39m\n                          \u001b[33mclass\u001b[39m=\u001b[32m\"css-81qg8w\"\u001b[39m\n                        \u001b[36m>\u001b[39m\n                          \u001b[36m<span>\u001b[39m\n                            \u001b[0mRecipe URL (optional)\u001b[0m\n                          \u001b[36m</span>\u001b[39m\n                        \u001b[36m</legend>\u001b[39m\n                      \u001b[36m</fieldset>\u001b[39m\n                    \u001b[36m</div>\u001b[39m\n                  \u001b[36m</div>\u001b[39m\n                \u001b[36m</div>\u001b[39m\n                \u001b[36m<div\u001b[39m\n                  \u001b[33mclass\u001b[39m=\u001b[32m\"MuiGrid-root MuiGrid-item MuiGrid-grid-xs-12 css-1idn90j-MuiGrid-root\"\u001b[39m\n                \u001b[36m>\u001b[39m\n                  \u001b[36m<p\u001b[39m\n                    \u001b[33mclass\u001b[39m=\u001b[32m\"MuiTypography-root MuiTypography-body1 MuiTypography-gutterBottom css-vjrxpc-MuiTypography-root\"\u001b[39m\n                  \u001b[36m>\u001b[39m\n                    \u001b[0mEffort Level\u001b[0m\n                  \u001b[36m</p>\u001b[39m\n                  \u001b[36m<span\u001b[39m\n               ...\n\u001b[2m\u001b[22m\n\u001b[2m    \u001b[0m \u001b[90m 110 |\u001b[39m     \u001b[90m// Verify the callback was called\u001b[39m\u001b[22m\n\u001b[2m     \u001b[90m 111 |\u001b[39m     \u001b[36mawait\u001b[39m waitFor(() \u001b[33m=>\u001b[39m {\u001b[22m\n\u001b[2m    \u001b[31m\u001b[1m>\u001b[22m\u001b[2m\u001b[39m\u001b[90m 112 |\u001b[39m       expect(mockOnRecipeAdded)\u001b[33m.\u001b[39mtoHaveBeenCalled()\u001b[33m;\u001b[39m\u001b[22m\n\u001b[2m     \u001b[90m     |\u001b[39m                                 \u001b[31m\u001b[1m^\u001b[22m\u001b[2m\u001b[39m\u001b[22m\n\u001b[2m     \u001b[90m 113 |\u001b[39m     })\u001b[33m;\u001b[39m\u001b[22m\n\u001b[2m     \u001b[90m 114 |\u001b[39m   })\u001b[33m;\u001b[39m\u001b[22m\n\u001b[2m     \u001b[90m 115 |\u001b[39m })\u001b[33m;\u001b[39m\u001b[0m\u001b[22m\n\u001b[2m\u001b[22m\n\u001b[2m      \u001b[2mat \u001b[22m\u001b[2m\u001b[0m\u001b[36msrc/AddRecipeForm.test.tsx\u001b[39m\u001b[0m\u001b[2m:112:33\u001b[22m\u001b[2m\u001b[22m\n\u001b[2m      \u001b[2mat runWithExpensiveErrorDiagnosticsDisabled (\u001b[22m\u001b[2m../../node_modules/@testing-library/dom/dist/config.js\u001b[2m:47:12)\u001b[22m\u001b[2m\u001b[22m\n\u001b[2m      \u001b[2mat checkCallback (\u001b[22m\u001b[2m../../node_modules/@testing-library/dom/dist/wait-for.js\u001b[2m:124:77)\u001b[22m\u001b[2m\u001b[22m\n\u001b[2m      \u001b[2mat checkRealTimersCallback (\u001b[22m\u001b[2m../../node_modules/@testing-library/dom/dist/wait-for.js\u001b[2m:118:16)\u001b[22m\u001b[2m\u001b[22m\n\u001b[2m      \u001b[2mat Timeout.task [as _onTimeout] (\u001b[22m\u001b[2m../../node_modules/jsdom/lib/jsdom/browser/Window.js\u001b[2m:516:19)\u001b[22m\u001b[2m\u001b[22m\n","name":"/Users/bradcarter/Documents/Dev/meal-planner/typescript/ui/src/AddRecipeForm.test.tsx","startTime":1751979568692,"status":"failed","summary":""},{"assertionResults":[{"ancestorTitles":["index.tsx"],"failureMessages":[],"fullName":"index.tsx renders app component inside create root","location":null,"status":"passed","title":"renders app component inside create root"},{"ancestorTitles":["index.tsx"],"failureMessages":[],"fullName":"index.tsx renders agent page when path starts with /agent","location":null,"status":"passed","title":"renders agent page when path starts with /agent"},{"ancestorTitles":["index.tsx"],"failureMessages":[],"fullName":"index.tsx handles missing root element gracefully","location":null,"status":"passed","title":"handles missing root element gracefully"},{"ancestorTitles":["index.tsx"],"failureMessages":[],"fullName":"index.tsx handles createRoot errors gracefully","location":null,"status":"passed","title":"handles createRoot errors gracefully"},{"ancestorTitles":["index.tsx"],"failureMessages":[],"fullName":"index.tsx handles non-Error errors gracefully","location":null,"status":"passed","title":"handles non-Error errors gracefully"}],"endTime":1751979573328,"message":"","name":"/Users/bradcarter/Documents/Dev/meal-planner/typescript/ui/src/index.test.tsx","startTime":1751979568677,"status":"passed","summary":""},{"assertionResults":[{"ancestorTitles":[],"failureMessages":[],"fullName":"auto resumes from localStorage","location":null,"status":"passed","title":"auto resumes from localStorage"},{"ancestorTitles":[],"failureMessages":[],"fullName":"clears completed session from storage","location":null,"status":"passed","title":"clears completed session from storage"},{"ancestorTitles":[],"failureMessages":["Error: Unable to find an element by: [data-testid=\"meal-plan-table\"]\n\nIgnored nodes: comments, script, style\n\u001b[36m<body>\u001b[39m\n  \u001b[36m<div>\u001b[39m\n    \u001b[36m<div\u001b[39m\n      \u001b[33mclass\u001b[39m=\u001b[32m\"MuiBox-root css-zf0iqh\"\u001b[39m\n    \u001b[36m>\u001b[39m\n      \u001b[36m<header\u001b[39m\n        \u001b[33mclass\u001b[39m=\u001b[32m\"MuiPaper-root MuiPaper-elevation MuiPaper-elevation0 MuiAppBar-root MuiAppBar-colorPrimary MuiAppBar-positionStatic css-11xxw5a-MuiPaper-root-MuiAppBar-root\"\u001b[39m\n        \u001b[33mstyle\u001b[39m=\u001b[32m\"--Paper-shadow: none;\"\u001b[39m\n      \u001b[36m>\u001b[39m\n        \u001b[36m<div\u001b[39m\n          \u001b[33mclass\u001b[39m=\u001b[32m\"MuiToolbar-root MuiToolbar-gutters MuiToolbar-regular css-1ygil4i-MuiToolbar-root\"\u001b[39m\n        \u001b[36m>\u001b[39m\n          \u001b[36m<svg\u001b[39m\n            \u001b[33maria-hidden\u001b[39m=\u001b[32m\"true\"\u001b[39m\n            \u001b[33mclass\u001b[39m=\u001b[32m\"MuiSvgIcon-root MuiSvgIcon-fontSizeMedium css-145h4gc-MuiSvgIcon-root\"\u001b[39m\n            \u001b[33mdata-testid\u001b[39m=\u001b[32m\"RestaurantMenuIcon\"\u001b[39m\n            \u001b[33mfocusable\u001b[39m=\u001b[32m\"false\"\u001b[39m\n            \u001b[33mviewBox\u001b[39m=\u001b[32m\"0 0 24 24\"\u001b[39m\n          \u001b[36m>\u001b[39m\n            \u001b[36m<path\u001b[39m\n              \u001b[33md\u001b[39m=\u001b[32m\"m8.1 13.34 2.83-2.83L3.91 3.5c-1.56 1.56-1.56 4.09 0 5.66zm6.78-1.81c1.53.71 3.68.21 5.27-1.38 1.91-1.91 2.28-4.65.81-6.12-1.46-1.46-4.2-1.1-6.12.81-1.59 1.59-2.09 3.74-1.38 5.27L3.7 19.87l1.41 1.41L12 14.41l6.88 6.88 1.41-1.41L13.41 13z\"\u001b[39m\n            \u001b[36m/>\u001b[39m\n          \u001b[36m</svg>\u001b[39m\n          \u001b[36m<div\u001b[39m\n            \u001b[33mclass\u001b[39m=\u001b[32m\"MuiTypography-root MuiTypography-h6 css-1bv5yfe-MuiTypography-root\"\u001b[39m\n          \u001b[36m>\u001b[39m\n            \u001b[0mMeal Planning Assistant\u001b[0m\n          \u001b[36m</div>\u001b[39m\n          \u001b[36m<button\u001b[39m\n            \u001b[33mclass\u001b[39m=\u001b[32m\"MuiButtonBase-root MuiButton-root MuiButton-text MuiButton-textInherit MuiButton-sizeMedium MuiButton-textSizeMedium MuiButton-colorInherit MuiButton-root MuiButton-text MuiButton-textInherit MuiButton-sizeMedium MuiButton-textSizeMedium MuiButton-colorInherit css-10y4jzc-MuiButtonBase-root-MuiButton-root\"\u001b[39m\n            \u001b[33mdata-testid\u001b[39m=\u001b[32m\"start-session\"\u001b[39m\n            \u001b[33mtabindex\u001b[39m=\u001b[32m\"0\"\u001b[39m\n            \u001b[33mtype\u001b[39m=\u001b[32m\"button\"\u001b[39m\n          \u001b[36m>\u001b[39m\n            \u001b[0mStart Session\u001b[0m\n          \u001b[36m</button>\u001b[39m\n        \u001b[36m</div>\u001b[39m\n      \u001b[36m</header>\u001b[39m\n      \u001b[36m<div\u001b[39m\n        \u001b[33mclass\u001b[39m=\u001b[32m\"MuiBox-root css-ftt3mk\"\u001b[39m\n      \u001b[36m>\u001b[39m\n        \u001b[36m<div\u001b[39m\n          \u001b[33mclass\u001b[39m=\u001b[32m\"MuiPaper-root MuiPaper-elevation MuiPaper-rounded MuiPaper-elevation0 css-kxpjez-MuiPaper-root\"\u001b[39m\n          \u001b[33mstyle\u001b[39m=\u001b[32m\"--Paper-shadow: none;\"\u001b[39m\n        \u001b[36m>\u001b[39m\n          \u001b[36m<div\u001b[39m\n            \u001b[33mclass\u001b[39m=\u001b[32m\"MuiBox-root css-p31hhx\"\u001b[39m\n            \u001b[33mdata-testid\u001b[39m=\u001b[32m\"chat-history\"\u001b[39m\n          \u001b[36m>\u001b[39m\n            \u001b[36m<div\u001b[39m\n              \u001b[33mclass\u001b[39m=\u001b[32m\"MuiBox-root css-314jx\"\u001b[39m\n            \u001b[36m>\u001b[39m\n              \u001b[36m<svg\u001b[39m\n                \u001b[33maria-hidden\u001b[39m=\u001b[32m\"true\"\u001b[39m\n                \u001b[33mclass\u001b[39m=\u001b[32m\"MuiSvgIcon-root MuiSvgIcon-fontSizeMedium css-1ynj85z-MuiSvgIcon-root\"\u001b[39m\n                \u001b[33mdata-testid\u001b[39m=\u001b[32m\"RestaurantMenuIcon\"\u001b[39m\n                \u001b[33mfocusable\u001b[39m=\u001b[32m\"false\"\u001b[39m\n                \u001b[33mviewBox\u001b[39m=\u001b[32m\"0 0 24 24\"\u001b[39m\n              \u001b[36m>\u001b[39m\n                \u001b[36m<path\u001b[39m\n                  \u001b[33md\u001b[39m=\u001b[32m\"m8.1 13.34 2.83-2.83L3.91 3.5c-1.56 1.56-1.56 4.09 0 5.66zm6.78-1.81c1.53.71 3.68.21 5.27-1.38 1.91-1.91 2.28-4.65.81-6.12-1.46-1.46-4.2-1.1-6.12.81-1.59 1.59-2.09 3.74-1.38 5.27L3.7 19.87l1.41 1.41L12 14.41l6.88 6.88 1.41-1.41L13.41 13z\"\u001b[39m\n                \u001b[36m/>\u001b[39m\n              \u001b[36m</svg>\u001b[39m\n              \u001b[36m<h6\u001b[39m\n                \u001b[33mclass\u001b[39m=\u001b[32m\"MuiTypography-root MuiTypography-h6 css-gt8k4n-MuiTypography-root\"\u001b[39m\n              \u001b[36m>\u001b[39m\n                \u001b[0mWelcome to Meal Planning Assistant\u001b[0m\n              \u001b[36m</h6>\u001b[39m\n              \u001b[36m<p\u001b[39m\n                \u001b[33mclass\u001b[39m=\u001b[32m\"MuiTypography-root MuiTypography-body2 css-10dkpp0-MuiTypography-root\"\u001b[39m\n              \u001b[36m>\u001b[39m\n                \u001b[0mStart by telling me about your dietary preferences, and I'll help you create a personalized meal plan.\u001b[0m\n              \u001b[36m</p>\u001b[39m\n            \u001b[36m</div>\u001b[39m\n          \u001b[36m</div>\u001b[39m\n          \u001b[36m<div\u001b[39m\n            \u001b[33mclass\u001b[39m=\u001b[32m\"MuiBox-root css-181xiwo\"\u001b[39m\n          \u001b[36m>\u001b[39m\n            \u001b[36m<div\u001b[39m\n              \u001b[33mclass\u001b[39m=\u001b[32m\"MuiBox-root css-1i27l4i\"\u001b[39m\n            \u001b[36m>\u001b[39m\n              \u001b[36m<div\u001b[39m\n                \u001b[33mclass\u001b[39m=\u001b[32m\"MuiFormControl-root MuiFormControl-fullWidth MuiTextField-root css-cmpglg-MuiFormControl-root-MuiTextField-root\"\u001b[39m\n              \u001b[36m>\u001b[39m\n                \u001b[36m<div\u001b[39m\n                  \u001b[33mclass\u001b[39m=\u001b[32m\"MuiInputBase-root MuiOutlinedInput-root MuiInputBase-colorPrimary MuiInputBase-fullWidth MuiInputBase-formControl MuiInputBase-sizeSmall css-1vh770z-MuiInputBase-root-MuiOutlinedInput-root\"\u001b[39m\n                \u001b[36m>\u001b[39m\n                  \u001b[36m<input\u001b[39m\n                    \u001b[33maria-invalid\u001b[39m=\u001b[32m\"false\"\u001b[39m\n                    \u001b[33mclass\u001b[39m=\u001b[32m\"MuiInputBase-input MuiOutlinedInput-input MuiInputBase-inputSizeSmall css-1pzfmz2-MuiInputBase-input-MuiOutlinedInput-input\"\u001b[39m\n                    \u001b[33mdata-testid\u001b[39m=\u001b[32m\"message-input\"\u001b[39m\n                    \u001b[33mid\u001b[39m=\u001b[32m\":r7:\"\u001b[39m\n                    \u001b[33mplaceholder\u001b[39m=\u001b[32m\"Type your message...\"\u001b[39m\n                    \u001b[33mtype\u001b[39m=\u001b[32m\"text\"\u001b[39m\n                    \u001b[33mvalue\u001b[39m=\u001b[32m\"\"\u001b[39m\n                  \u001b[36m/>\u001b[39m\n                  \u001b[36m<fieldset\u001b[39m\n                    \u001b[33maria-hidden\u001b[39m=\u001b[32m\"true\"\u001b[39m\n                    \u001b[33mclass\u001b[39m=\u001b[32m\"MuiOutlinedInput-notchedOutline css-1ll44ll-MuiOutlinedInput-notchedOutline\"\u001b[39m\n                  \u001b[36m>\u001b[39m\n                    \u001b[36m<legend\u001b[39m\n                      \u001b[33mclass\u001b[39m=\u001b[32m\"css-w4cd9x\"\u001b[39m\n                    \u001b[36m>\u001b[39m\n                      \u001b[36m<span\u001b[39m\n                        \u001b[33maria-hidden\u001b[39m=\u001b[32m\"true\"\u001b[39m\n                        \u001b[33mclass\u001b[39m=\u001b[32m\"notranslate\"\u001b[39m\n                      \u001b[36m>\u001b[39m\n                        \u001b[0m​\u001b[0m\n                      \u001b[36m</span>\u001b[39m\n                    \u001b[36m</legend>\u001b[39m\n                  \u001b[36m</fieldset>\u001b[39m\n                \u001b[36m</div>\u001b[39m\n              \u001b[36m</div>\u001b[39m\n              \u001b[36m<button\u001b[39m\n                \u001b[33mclass\u001b[39m=\u001b[32m\"MuiButtonBase-root MuiButton-root MuiButton-contained MuiButton-containedPrimary MuiButton-sizeMedium MuiButton-containedSizeMedium MuiButton-colorPrimary Mui-disabled MuiButton-root MuiButton-contained MuiButton-containedPrimary MuiButton-sizeMedium MuiButton-containedSizeMedium MuiButton-colorPrimary css-qpzadz-MuiButtonBase-root-MuiButton-root\"\u001b[39m\n                \u001b[33mdata-testid\u001b[39m=\u001b[32m\"send-button\"\u001b[39m\n                \u001b[33mdisabled\u001b[39m=\u001b[32m\"\"\u001b[39m\n                \u001b[33mtabindex\u001b[39m=\u001b[32m\"-1\"\u001b[39m\n                \u001b[33mtype\u001b[39m=\u001b[32m\"button\"\u001b[39m\n              \u001b[36m>\u001b[39m\n                \u001b[0mSend\u001b[0m\n              \u001b[36m</button>\u001b[39m\n            \u001b[36m</div>\u001b[39m\n          \u001b[36m</div>\u001b[39m\n        \u001b[36m</div>\u001b[39m\n        \u001b[36m<div\u001b[39m\n          \u001b[33mclass\u001b[39m=\u001b[32m\"MuiBox-root css-ulsea5\"\u001b[39m\n        \u001b[36m>\u001b[39m\n          \u001b[36m<div\u001b[39m\n            \u001b[33mclass\u001b[39m=\u001b[32m\"MuiPaper-root MuiPaper-elevation MuiPaper-rounded MuiPaper-elevation0 css-tsxel5-MuiPaper-root\"\u001b[39m\n            \u001b[33mstyle\u001b[39m=\u001b[32m\"--Paper-shadow: none;\"\u001b[39m\n          \u001b[36m>\u001b[39m\n            \u001b[36m<div\u001b[39m\n              \u001b[33mclass\u001b[39m=\u001b[32m\"MuiBox-root css-314jx\"\u001b[39m\n            \u001b[36m>\u001b[39m\n              \u001b[36m<svg\u001b[39m\n                \u001b[33maria-hidden\u001b[39m=\u001b[32m\"true\"\u001b[39m\n                \u001b[33mclass\u001b[39m=\u001b[32m\"MuiSvgIcon-root MuiSvgIcon-fontSizeMedium css-1ynj85z-MuiSvgIcon-root\"\u001b[39m\n                \u001b[33mdata-testid\u001b[39m=\u001b[32m\"RestaurantMenuIcon\"\u001b[39m\n                \u001b[33mfocusable\u001b[39m=\u001b[32m\"false\"\u001b[39m\n                \u001b[33mviewBox\u001b[39m=\u001b[32m\"0 0 24 24\"\u001b[39m\n              \u001b[36m>\u001b[39m\n                \u001b[36m<path\u001b[39m\n                  \u001b[33md\u001b[39m=\u001b[32m\"m8.1 13.34 2.83-2.83L3.91 3.5c-1.56 1.56-1.56 4.09 0 5.66zm6.78-1.81c1.53.71 3.68.21 5.27-1.38 1.91-1.91 2.28-4.65.81-6.12-1.46-1.46-4.2-1.1-6.12.81-1.59 1.59-2.09 3.74-1.38 5.27L3.7 19.87l1.41 1.41L12 14.41l6.88 6.88 1.41-1.41L13.41 13z\"\u001b[39m\n                \u001b[36m/>\u001b[39m\n              \u001b[36m</svg>\u001b[39m\n              \u001b[36m<h6\u001b[39m\n                \u001b[33mclass\u001b[39m=\u001b[32m\"MuiTypography-root MuiTypography-h6 css-gt8k4n-MuiTypography-root\"\u001b[39m\n              \u001b[36m>\u001b[39m\n                \u001b[0mNo meal plan generated yet\u001b[0m\n              \u001b[36m</h6>\u001b[39m\n              \u001b[36m<p\u001b[39m\n                \u001b[33mclass\u001b[39m=\u001b[32m\"MuiTypography-root MuiTypography-body2 css-10dkpp0-MuiTypography-root\"\u001b[39m\n              \u001b[36m>\u001b[39m\n                \u001b[0mStart a conversation with the assistant to generate a personalized meal plan.\u001b[0m\n              \u001b[36m</p>\u001b[39m\n            \u001b[36m</div>\u001b[39m\n          \u001b[36m</div>\u001b[39m\n        \u001b[36m</div>\u001b[39m\n      \u001b[36m</div>\u001b[39m\n    \u001b[36m</div>\u001b[39m\n  \u001b[36m</div>\u001b[39m\n\u001b[36m</body>\u001b[39m\n    at waitForWrapper (/Users/bradcarter/Documents/Dev/meal-planner/node_modules/@testing-library/dom/dist/wait-for.js:163:27)\n    at Object.<anonymous> (/Users/bradcarter/Documents/Dev/meal-planner/typescript/ui/src/AgentPage.test.tsx:99:16)\n    at Promise.then.completed (/Users/bradcarter/Documents/Dev/meal-planner/node_modules/react-scripts/node_modules/jest-circus/build/utils.js:391:28)\n    at new Promise (<anonymous>)\n    at callAsyncCircusFn (/Users/bradcarter/Documents/Dev/meal-planner/node_modules/react-scripts/node_modules/jest-circus/build/utils.js:316:10)\n    at _callCircusTest (/Users/bradcarter/Documents/Dev/meal-planner/node_modules/react-scripts/node_modules/jest-circus/build/run.js:218:40)\n    at runNextTicks (node:internal/process/task_queues:65:5)\n    at listOnTimeout (node:internal/timers:569:9)\n    at processTimers (node:internal/timers:543:7)\n    at _runTest (/Users/bradcarter/Documents/Dev/meal-planner/node_modules/react-scripts/node_modules/jest-circus/build/run.js:155:3)\n    at _runTestsForDescribeBlock (/Users/bradcarter/Documents/Dev/meal-planner/node_modules/react-scripts/node_modules/jest-circus/build/run.js:66:9)\n    at run (/Users/bradcarter/Documents/Dev/meal-planner/node_modules/react-scripts/node_modules/jest-circus/build/run.js:25:3)\n    at runAndTransformResultsToJestFormat (/Users/bradcarter/Documents/Dev/meal-planner/node_modules/react-scripts/node_modules/jest-circus/build/legacy-code-todo-rewrite/jestAdapterInit.js:170:21)\n    at jestAdapter (/Users/bradcarter/Documents/Dev/meal-planner/node_modules/react-scripts/node_modules/jest-circus/build/legacy-code-todo-rewrite/jestAdapter.js:82:19)\n    at runTestInternal (/Users/bradcarter/Documents/Dev/meal-planner/node_modules/react-scripts/node_modules/jest-runner/build/runTest.js:389:16)\n    at runTest (/Users/bradcarter/Documents/Dev/meal-planner/node_modules/react-scripts/node_modules/jest-runner/build/runTest.js:475:34)\n    at Object.worker (/Users/bradcarter/Documents/Dev/meal-planner/node_modules/react-scripts/node_modules/jest-runner/build/testWorker.js:133:12)"],"fullName":"copies meal plan to clipboard","location":null,"status":"failed","title":"copies meal plan to clipboard"},{"ancestorTitles":[],"failureMessages":["Error: Unable to find an element by: [data-testid=\"copy-shopping-list\"]\n\nIgnored nodes: comments, script, style\n\u001b[36m<body>\u001b[39m\n  \u001b[36m<div>\u001b[39m\n    \u001b[36m<div\u001b[39m\n      \u001b[33mclass\u001b[39m=\u001b[32m\"MuiBox-root css-zf0iqh\"\u001b[39m\n    \u001b[36m>\u001b[39m\n      \u001b[36m<header\u001b[39m\n        \u001b[33mclass\u001b[39m=\u001b[32m\"MuiPaper-root MuiPaper-elevation MuiPaper-elevation0 MuiAppBar-root MuiAppBar-colorPrimary MuiAppBar-positionStatic css-11xxw5a-MuiPaper-root-MuiAppBar-root\"\u001b[39m\n        \u001b[33mstyle\u001b[39m=\u001b[32m\"--Paper-shadow: none;\"\u001b[39m\n      \u001b[36m>\u001b[39m\n        \u001b[36m<div\u001b[39m\n          \u001b[33mclass\u001b[39m=\u001b[32m\"MuiToolbar-root MuiToolbar-gutters MuiToolbar-regular css-1ygil4i-MuiToolbar-root\"\u001b[39m\n        \u001b[36m>\u001b[39m\n          \u001b[36m<svg\u001b[39m\n            \u001b[33maria-hidden\u001b[39m=\u001b[32m\"true\"\u001b[39m\n            \u001b[33mclass\u001b[39m=\u001b[32m\"MuiSvgIcon-root MuiSvgIcon-fontSizeMedium css-145h4gc-MuiSvgIcon-root\"\u001b[39m\n            \u001b[33mdata-testid\u001b[39m=\u001b[32m\"RestaurantMenuIcon\"\u001b[39m\n            \u001b[33mfocusable\u001b[39m=\u001b[32m\"false\"\u001b[39m\n            \u001b[33mviewBox\u001b[39m=\u001b[32m\"0 0 24 24\"\u001b[39m\n          \u001b[36m>\u001b[39m\n            \u001b[36m<path\u001b[39m\n              \u001b[33md\u001b[39m=\u001b[32m\"m8.1 13.34 2.83-2.83L3.91 3.5c-1.56 1.56-1.56 4.09 0 5.66zm6.78-1.81c1.53.71 3.68.21 5.27-1.38 1.91-1.91 2.28-4.65.81-6.12-1.46-1.46-4.2-1.1-6.12.81-1.59 1.59-2.09 3.74-1.38 5.27L3.7 19.87l1.41 1.41L12 14.41l6.88 6.88 1.41-1.41L13.41 13z\"\u001b[39m\n            \u001b[36m/>\u001b[39m\n          \u001b[36m</svg>\u001b[39m\n          \u001b[36m<div\u001b[39m\n            \u001b[33mclass\u001b[39m=\u001b[32m\"MuiTypography-root MuiTypography-h6 css-1bv5yfe-MuiTypography-root\"\u001b[39m\n          \u001b[36m>\u001b[39m\n            \u001b[0mMeal Planning Assistant\u001b[0m\n          \u001b[36m</div>\u001b[39m\n          \u001b[36m<button\u001b[39m\n            \u001b[33mclass\u001b[39m=\u001b[32m\"MuiButtonBase-root MuiButton-root MuiButton-text MuiButton-textInherit MuiButton-sizeMedium MuiButton-textSizeMedium MuiButton-colorInherit MuiButton-root MuiButton-text MuiButton-textInherit MuiButton-sizeMedium MuiButton-textSizeMedium MuiButton-colorInherit css-10y4jzc-MuiButtonBase-root-MuiButton-root\"\u001b[39m\n            \u001b[33mdata-testid\u001b[39m=\u001b[32m\"start-session\"\u001b[39m\n            \u001b[33mtabindex\u001b[39m=\u001b[32m\"0\"\u001b[39m\n            \u001b[33mtype\u001b[39m=\u001b[32m\"button\"\u001b[39m\n          \u001b[36m>\u001b[39m\n            \u001b[0mStart Session\u001b[0m\n          \u001b[36m</button>\u001b[39m\n        \u001b[36m</div>\u001b[39m\n      \u001b[36m</header>\u001b[39m\n      \u001b[36m<div\u001b[39m\n        \u001b[33mclass\u001b[39m=\u001b[32m\"MuiBox-root css-ftt3mk\"\u001b[39m\n      \u001b[36m>\u001b[39m\n        \u001b[36m<div\u001b[39m\n          \u001b[33mclass\u001b[39m=\u001b[32m\"MuiPaper-root MuiPaper-elevation MuiPaper-rounded MuiPaper-elevation0 css-kxpjez-MuiPaper-root\"\u001b[39m\n          \u001b[33mstyle\u001b[39m=\u001b[32m\"--Paper-shadow: none;\"\u001b[39m\n        \u001b[36m>\u001b[39m\n          \u001b[36m<div\u001b[39m\n            \u001b[33mclass\u001b[39m=\u001b[32m\"MuiBox-root css-p31hhx\"\u001b[39m\n            \u001b[33mdata-testid\u001b[39m=\u001b[32m\"chat-history\"\u001b[39m\n          \u001b[36m>\u001b[39m\n            \u001b[36m<div\u001b[39m\n              \u001b[33mclass\u001b[39m=\u001b[32m\"MuiBox-root css-314jx\"\u001b[39m\n            \u001b[36m>\u001b[39m\n              \u001b[36m<svg\u001b[39m\n                \u001b[33maria-hidden\u001b[39m=\u001b[32m\"true\"\u001b[39m\n                \u001b[33mclass\u001b[39m=\u001b[32m\"MuiSvgIcon-root MuiSvgIcon-fontSizeMedium css-1ynj85z-MuiSvgIcon-root\"\u001b[39m\n                \u001b[33mdata-testid\u001b[39m=\u001b[32m\"RestaurantMenuIcon\"\u001b[39m\n                \u001b[33mfocusable\u001b[39m=\u001b[32m\"false\"\u001b[39m\n                \u001b[33mviewBox\u001b[39m=\u001b[32m\"0 0 24 24\"\u001b[39m\n              \u001b[36m>\u001b[39m\n                \u001b[36m<path\u001b[39m\n                  \u001b[33md\u001b[39m=\u001b[32m\"m8.1 13.34 2.83-2.83L3.91 3.5c-1.56 1.56-1.56 4.09 0 5.66zm6.78-1.81c1.53.71 3.68.21 5.27-1.38 1.91-1.91 2.28-4.65.81-6.12-1.46-1.46-4.2-1.1-6.12.81-1.59 1.59-2.09 3.74-1.38 5.27L3.7 19.87l1.41 1.41L12 14.41l6.88 6.88 1.41-1.41L13.41 13z\"\u001b[39m\n                \u001b[36m/>\u001b[39m\n              \u001b[36m</svg>\u001b[39m\n              \u001b[36m<h6\u001b[39m\n                \u001b[33mclass\u001b[39m=\u001b[32m\"MuiTypography-root MuiTypography-h6 css-gt8k4n-MuiTypography-root\"\u001b[39m\n              \u001b[36m>\u001b[39m\n                \u001b[0mWelcome to Meal Planning Assistant\u001b[0m\n              \u001b[36m</h6>\u001b[39m\n              \u001b[36m<p\u001b[39m\n                \u001b[33mclass\u001b[39m=\u001b[32m\"MuiTypography-root MuiTypography-body2 css-10dkpp0-MuiTypography-root\"\u001b[39m\n              \u001b[36m>\u001b[39m\n                \u001b[0mStart by telling me about your dietary preferences, and I'll help you create a personalized meal plan.\u001b[0m\n              \u001b[36m</p>\u001b[39m\n            \u001b[36m</div>\u001b[39m\n          \u001b[36m</div>\u001b[39m\n          \u001b[36m<div\u001b[39m\n            \u001b[33mclass\u001b[39m=\u001b[32m\"MuiBox-root css-181xiwo\"\u001b[39m\n          \u001b[36m>\u001b[39m\n            \u001b[36m<div\u001b[39m\n              \u001b[33mclass\u001b[39m=\u001b[32m\"MuiBox-root css-1i27l4i\"\u001b[39m\n            \u001b[36m>\u001b[39m\n              \u001b[36m<div\u001b[39m\n                \u001b[33mclass\u001b[39m=\u001b[32m\"MuiFormControl-root MuiFormControl-fullWidth MuiTextField-root css-cmpglg-MuiFormControl-root-MuiTextField-root\"\u001b[39m\n              \u001b[36m>\u001b[39m\n                \u001b[36m<div\u001b[39m\n                  \u001b[33mclass\u001b[39m=\u001b[32m\"MuiInputBase-root MuiOutlinedInput-root MuiInputBase-colorPrimary MuiInputBase-fullWidth MuiInputBase-formControl MuiInputBase-sizeSmall css-1vh770z-MuiInputBase-root-MuiOutlinedInput-root\"\u001b[39m\n                \u001b[36m>\u001b[39m\n                  \u001b[36m<input\u001b[39m\n                    \u001b[33maria-invalid\u001b[39m=\u001b[32m\"false\"\u001b[39m\n                    \u001b[33mclass\u001b[39m=\u001b[32m\"MuiInputBase-input MuiOutlinedInput-input MuiInputBase-inputSizeSmall css-1pzfmz2-MuiInputBase-input-MuiOutlinedInput-input\"\u001b[39m\n                    \u001b[33mdata-testid\u001b[39m=\u001b[32m\"message-input\"\u001b[39m\n                    \u001b[33mid\u001b[39m=\u001b[32m\":ra:\"\u001b[39m\n                    \u001b[33mplaceholder\u001b[39m=\u001b[32m\"Type your message...\"\u001b[39m\n                    \u001b[33mtype\u001b[39m=\u001b[32m\"text\"\u001b[39m\n                    \u001b[33mvalue\u001b[39m=\u001b[32m\"\"\u001b[39m\n                  \u001b[36m/>\u001b[39m\n                  \u001b[36m<fieldset\u001b[39m\n                    \u001b[33maria-hidden\u001b[39m=\u001b[32m\"true\"\u001b[39m\n                    \u001b[33mclass\u001b[39m=\u001b[32m\"MuiOutlinedInput-notchedOutline css-1ll44ll-MuiOutlinedInput-notchedOutline\"\u001b[39m\n                  \u001b[36m>\u001b[39m\n                    \u001b[36m<legend\u001b[39m\n                      \u001b[33mclass\u001b[39m=\u001b[32m\"css-w4cd9x\"\u001b[39m\n                    \u001b[36m>\u001b[39m\n                      \u001b[36m<span\u001b[39m\n                        \u001b[33maria-hidden\u001b[39m=\u001b[32m\"true\"\u001b[39m\n                        \u001b[33mclass\u001b[39m=\u001b[32m\"notranslate\"\u001b[39m\n                      \u001b[36m>\u001b[39m\n                        \u001b[0m​\u001b[0m\n                      \u001b[36m</span>\u001b[39m\n                    \u001b[36m</legend>\u001b[39m\n                  \u001b[36m</fieldset>\u001b[39m\n                \u001b[36m</div>\u001b[39m\n              \u001b[36m</div>\u001b[39m\n              \u001b[36m<button\u001b[39m\n                \u001b[33mclass\u001b[39m=\u001b[32m\"MuiButtonBase-root MuiButton-root MuiButton-contained MuiButton-containedPrimary MuiButton-sizeMedium MuiButton-containedSizeMedium MuiButton-colorPrimary Mui-disabled MuiButton-root MuiButton-contained MuiButton-containedPrimary MuiButton-sizeMedium MuiButton-containedSizeMedium MuiButton-colorPrimary css-qpzadz-MuiButtonBase-root-MuiButton-root\"\u001b[39m\n                \u001b[33mdata-testid\u001b[39m=\u001b[32m\"send-button\"\u001b[39m\n                \u001b[33mdisabled\u001b[39m=\u001b[32m\"\"\u001b[39m\n                \u001b[33mtabindex\u001b[39m=\u001b[32m\"-1\"\u001b[39m\n                \u001b[33mtype\u001b[39m=\u001b[32m\"button\"\u001b[39m\n              \u001b[36m>\u001b[39m\n                \u001b[0mSend\u001b[0m\n              \u001b[36m</button>\u001b[39m\n            \u001b[36m</div>\u001b[39m\n          \u001b[36m</div>\u001b[39m\n        \u001b[36m</div>\u001b[39m\n        \u001b[36m<div\u001b[39m\n          \u001b[33mclass\u001b[39m=\u001b[32m\"MuiBox-root css-ulsea5\"\u001b[39m\n        \u001b[36m>\u001b[39m\n          \u001b[36m<div\u001b[39m\n            \u001b[33mclass\u001b[39m=\u001b[32m\"MuiPaper-root MuiPaper-elevation MuiPaper-rounded MuiPaper-elevation0 css-tsxel5-MuiPaper-root\"\u001b[39m\n            \u001b[33mstyle\u001b[39m=\u001b[32m\"--Paper-shadow: none;\"\u001b[39m\n          \u001b[36m>\u001b[39m\n            \u001b[36m<div\u001b[39m\n              \u001b[33mclass\u001b[39m=\u001b[32m\"MuiBox-root css-314jx\"\u001b[39m\n            \u001b[36m>\u001b[39m\n              \u001b[36m<svg\u001b[39m\n                \u001b[33maria-hidden\u001b[39m=\u001b[32m\"true\"\u001b[39m\n                \u001b[33mclass\u001b[39m=\u001b[32m\"MuiSvgIcon-root MuiSvgIcon-fontSizeMedium css-1ynj85z-MuiSvgIcon-root\"\u001b[39m\n                \u001b[33mdata-testid\u001b[39m=\u001b[32m\"RestaurantMenuIcon\"\u001b[39m\n                \u001b[33mfocusable\u001b[39m=\u001b[32m\"false\"\u001b[39m\n                \u001b[33mviewBox\u001b[39m=\u001b[32m\"0 0 24 24\"\u001b[39m\n              \u001b[36m>\u001b[39m\n                \u001b[36m<path\u001b[39m\n                  \u001b[33md\u001b[39m=\u001b[32m\"m8.1 13.34 2.83-2.83L3.91 3.5c-1.56 1.56-1.56 4.09 0 5.66zm6.78-1.81c1.53.71 3.68.21 5.27-1.38 1.91-1.91 2.28-4.65.81-6.12-1.46-1.46-4.2-1.1-6.12.81-1.59 1.59-2.09 3.74-1.38 5.27L3.7 19.87l1.41 1.41L12 14.41l6.88 6.88 1.41-1.41L13.41 13z\"\u001b[39m\n                \u001b[36m/>\u001b[39m\n              \u001b[36m</svg>\u001b[39m\n              \u001b[36m<h6\u001b[39m\n                \u001b[33mclass\u001b[39m=\u001b[32m\"MuiTypography-root MuiTypography-h6 css-gt8k4n-MuiTypography-root\"\u001b[39m\n              \u001b[36m>\u001b[39m\n                \u001b[0mNo meal plan generated yet\u001b[0m\n              \u001b[36m</h6>\u001b[39m\n              \u001b[36m<p\u001b[39m\n                \u001b[33mclass\u001b[39m=\u001b[32m\"MuiTypography-root MuiTypography-body2 css-10dkpp0-MuiTypography-root\"\u001b[39m\n              \u001b[36m>\u001b[39m\n                \u001b[0mStart a conversation with the assistant to generate a personalized meal plan.\u001b[0m\n              \u001b[36m</p>\u001b[39m\n            \u001b[36m</div>\u001b[39m\n          \u001b[36m</div>\u001b[39m\n        \u001b[36m</div>\u001b[39m\n      \u001b[36m</div>\u001b[39m\n    \u001b[36m</div>\u001b[39m\n  \u001b[36m</div>\u001b[39m\n\u001b[36m</body>\u001b[39m\n    at waitForWrapper (/Users/bradcarter/Documents/Dev/meal-planner/node_modules/@testing-library/dom/dist/wait-for.js:163:27)\n    at Object.<anonymous> (/Users/bradcarter/Documents/Dev/meal-planner/typescript/ui/src/AgentPage.test.tsx:127:16)\n    at Promise.then.completed (/Users/bradcarter/Documents/Dev/meal-planner/node_modules/react-scripts/node_modules/jest-circus/build/utils.js:391:28)\n    at new Promise (<anonymous>)\n    at callAsyncCircusFn (/Users/bradcarter/Documents/Dev/meal-planner/node_modules/react-scripts/node_modules/jest-circus/build/utils.js:316:10)\n    at _callCircusTest (/Users/bradcarter/Documents/Dev/meal-planner/node_modules/react-scripts/node_modules/jest-circus/build/run.js:218:40)\n    at _runTest (/Users/bradcarter/Documents/Dev/meal-planner/node_modules/react-scripts/node_modules/jest-circus/build/run.js:155:3)\n    at _runTestsForDescribeBlock (/Users/bradcarter/Documents/Dev/meal-planner/node_modules/react-scripts/node_modules/jest-circus/build/run.js:66:9)\n    at run (/Users/bradcarter/Documents/Dev/meal-planner/node_modules/react-scripts/node_modules/jest-circus/build/run.js:25:3)\n    at runAndTransformResultsToJestFormat (/Users/bradcarter/Documents/Dev/meal-planner/node_modules/react-scripts/node_modules/jest-circus/build/legacy-code-todo-rewrite/jestAdapterInit.js:170:21)\n    at jestAdapter (/Users/bradcarter/Documents/Dev/meal-planner/node_modules/react-scripts/node_modules/jest-circus/build/legacy-code-todo-rewrite/jestAdapter.js:82:19)\n    at runTestInternal (/Users/bradcarter/Documents/Dev/meal-planner/node_modules/react-scripts/node_modules/jest-runner/build/runTest.js:389:16)\n    at runTest (/Users/bradcarter/Documents/Dev/meal-planner/node_modules/react-scripts/node_modules/jest-runner/build/runTest.js:475:34)\n    at Object.worker (/Users/bradcarter/Documents/Dev/meal-planner/node_modules/react-scripts/node_modules/jest-runner/build/testWorker.js:133:12)"],"fullName":"copies shopping list to clipboard","location":null,"status":"failed","title":"copies shopping list to clipboard"},{"ancestorTitles":[],"failureMessages":["Error: Unable to find an element by: [data-testid=\"meal-plan-table\"]\n\nIgnored nodes: comments, script, style\n\u001b[36m<body>\u001b[39m\n  \u001b[36m<div>\u001b[39m\n    \u001b[36m<div\u001b[39m\n      \u001b[33mclass\u001b[39m=\u001b[32m\"MuiBox-root css-zf0iqh\"\u001b[39m\n    \u001b[36m>\u001b[39m\n      \u001b[36m<header\u001b[39m\n        \u001b[33mclass\u001b[39m=\u001b[32m\"MuiPaper-root MuiPaper-elevation MuiPaper-elevation0 MuiAppBar-root MuiAppBar-colorPrimary MuiAppBar-positionStatic css-11xxw5a-MuiPaper-root-MuiAppBar-root\"\u001b[39m\n        \u001b[33mstyle\u001b[39m=\u001b[32m\"--Paper-shadow: none;\"\u001b[39m\n      \u001b[36m>\u001b[39m\n        \u001b[36m<div\u001b[39m\n          \u001b[33mclass\u001b[39m=\u001b[32m\"MuiToolbar-root MuiToolbar-gutters MuiToolbar-regular css-1ygil4i-MuiToolbar-root\"\u001b[39m\n        \u001b[36m>\u001b[39m\n          \u001b[36m<svg\u001b[39m\n            \u001b[33maria-hidden\u001b[39m=\u001b[32m\"true\"\u001b[39m\n            \u001b[33mclass\u001b[39m=\u001b[32m\"MuiSvgIcon-root MuiSvgIcon-fontSizeMedium css-145h4gc-MuiSvgIcon-root\"\u001b[39m\n            \u001b[33mdata-testid\u001b[39m=\u001b[32m\"RestaurantMenuIcon\"\u001b[39m\n            \u001b[33mfocusable\u001b[39m=\u001b[32m\"false\"\u001b[39m\n            \u001b[33mviewBox\u001b[39m=\u001b[32m\"0 0 24 24\"\u001b[39m\n          \u001b[36m>\u001b[39m\n            \u001b[36m<path\u001b[39m\n              \u001b[33md\u001b[39m=\u001b[32m\"m8.1 13.34 2.83-2.83L3.91 3.5c-1.56 1.56-1.56 4.09 0 5.66zm6.78-1.81c1.53.71 3.68.21 5.27-1.38 1.91-1.91 2.28-4.65.81-6.12-1.46-1.46-4.2-1.1-6.12.81-1.59 1.59-2.09 3.74-1.38 5.27L3.7 19.87l1.41 1.41L12 14.41l6.88 6.88 1.41-1.41L13.41 13z\"\u001b[39m\n            \u001b[36m/>\u001b[39m\n          \u001b[36m</svg>\u001b[39m\n          \u001b[36m<div\u001b[39m\n            \u001b[33mclass\u001b[39m=\u001b[32m\"MuiTypography-root MuiTypography-h6 css-1bv5yfe-MuiTypography-root\"\u001b[39m\n          \u001b[36m>\u001b[39m\n            \u001b[0mMeal Planning Assistant\u001b[0m\n          \u001b[36m</div>\u001b[39m\n          \u001b[36m<button\u001b[39m\n            \u001b[33mclass\u001b[39m=\u001b[32m\"MuiButtonBase-root MuiButton-root MuiButton-text MuiButton-textInherit MuiButton-sizeMedium MuiButton-textSizeMedium MuiButton-colorInherit MuiButton-root MuiButton-text MuiButton-textInherit MuiButton-sizeMedium MuiButton-textSizeMedium MuiButton-colorInherit css-10y4jzc-MuiButtonBase-root-MuiButton-root\"\u001b[39m\n            \u001b[33mdata-testid\u001b[39m=\u001b[32m\"start-session\"\u001b[39m\n            \u001b[33mtabindex\u001b[39m=\u001b[32m\"0\"\u001b[39m\n            \u001b[33mtype\u001b[39m=\u001b[32m\"button\"\u001b[39m\n          \u001b[36m>\u001b[39m\n            \u001b[0mStart Session\u001b[0m\n          \u001b[36m</button>\u001b[39m\n        \u001b[36m</div>\u001b[39m\n      \u001b[36m</header>\u001b[39m\n      \u001b[36m<div\u001b[39m\n        \u001b[33mclass\u001b[39m=\u001b[32m\"MuiBox-root css-ftt3mk\"\u001b[39m\n      \u001b[36m>\u001b[39m\n        \u001b[36m<div\u001b[39m\n          \u001b[33mclass\u001b[39m=\u001b[32m\"MuiPaper-root MuiPaper-elevation MuiPaper-rounded MuiPaper-elevation0 css-kxpjez-MuiPaper-root\"\u001b[39m\n          \u001b[33mstyle\u001b[39m=\u001b[32m\"--Paper-shadow: none;\"\u001b[39m\n        \u001b[36m>\u001b[39m\n          \u001b[36m<div\u001b[39m\n            \u001b[33mclass\u001b[39m=\u001b[32m\"MuiBox-root css-p31hhx\"\u001b[39m\n            \u001b[33mdata-testid\u001b[39m=\u001b[32m\"chat-history\"\u001b[39m\n          \u001b[36m>\u001b[39m\n            \u001b[36m<div\u001b[39m\n              \u001b[33mclass\u001b[39m=\u001b[32m\"MuiBox-root css-314jx\"\u001b[39m\n            \u001b[36m>\u001b[39m\n              \u001b[36m<svg\u001b[39m\n                \u001b[33maria-hidden\u001b[39m=\u001b[32m\"true\"\u001b[39m\n                \u001b[33mclass\u001b[39m=\u001b[32m\"MuiSvgIcon-root MuiSvgIcon-fontSizeMedium css-1ynj85z-MuiSvgIcon-root\"\u001b[39m\n                \u001b[33mdata-testid\u001b[39m=\u001b[32m\"RestaurantMenuIcon\"\u001b[39m\n                \u001b[33mfocusable\u001b[39m=\u001b[32m\"false\"\u001b[39m\n                \u001b[33mviewBox\u001b[39m=\u001b[32m\"0 0 24 24\"\u001b[39m\n              \u001b[36m>\u001b[39m\n                \u001b[36m<path\u001b[39m\n                  \u001b[33md\u001b[39m=\u001b[32m\"m8.1 13.34 2.83-2.83L3.91 3.5c-1.56 1.56-1.56 4.09 0 5.66zm6.78-1.81c1.53.71 3.68.21 5.27-1.38 1.91-1.91 2.28-4.65.81-6.12-1.46-1.46-4.2-1.1-6.12.81-1.59 1.59-2.09 3.74-1.38 5.27L3.7 19.87l1.41 1.41L12 14.41l6.88 6.88 1.41-1.41L13.41 13z\"\u001b[39m\n                \u001b[36m/>\u001b[39m\n              \u001b[36m</svg>\u001b[39m\n              \u001b[36m<h6\u001b[39m\n                \u001b[33mclass\u001b[39m=\u001b[32m\"MuiTypography-root MuiTypography-h6 css-gt8k4n-MuiTypography-root\"\u001b[39m\n              \u001b[36m>\u001b[39m\n                \u001b[0mWelcome to Meal Planning Assistant\u001b[0m\n              \u001b[36m</h6>\u001b[39m\n              \u001b[36m<p\u001b[39m\n                \u001b[33mclass\u001b[39m=\u001b[32m\"MuiTypography-root MuiTypography-body2 css-10dkpp0-MuiTypography-root\"\u001b[39m\n              \u001b[36m>\u001b[39m\n                \u001b[0mStart by telling me about your dietary preferences, and I'll help you create a personalized meal plan.\u001b[0m\n              \u001b[36m</p>\u001b[39m\n            \u001b[36m</div>\u001b[39m\n          \u001b[36m</div>\u001b[39m\n          \u001b[36m<div\u001b[39m\n            \u001b[33mclass\u001b[39m=\u001b[32m\"MuiBox-root css-181xiwo\"\u001b[39m\n          \u001b[36m>\u001b[39m\n            \u001b[36m<div\u001b[39m\n              \u001b[33mclass\u001b[39m=\u001b[32m\"MuiBox-root css-1i27l4i\"\u001b[39m\n            \u001b[36m>\u001b[39m\n              \u001b[36m<div\u001b[39m\n                \u001b[33mclass\u001b[39m=\u001b[32m\"MuiFormControl-root MuiFormControl-fullWidth MuiTextField-root css-cmpglg-MuiFormControl-root-MuiTextField-root\"\u001b[39m\n              \u001b[36m>\u001b[39m\n                \u001b[36m<div\u001b[39m\n                  \u001b[33mclass\u001b[39m=\u001b[32m\"MuiInputBase-root MuiOutlinedInput-root MuiInputBase-colorPrimary MuiInputBase-fullWidth MuiInputBase-formControl MuiInputBase-sizeSmall css-1vh770z-MuiInputBase-root-MuiOutlinedInput-root\"\u001b[39m\n                \u001b[36m>\u001b[39m\n                  \u001b[36m<input\u001b[39m\n                    \u001b[33maria-invalid\u001b[39m=\u001b[32m\"false\"\u001b[39m\n                    \u001b[33mclass\u001b[39m=\u001b[32m\"MuiInputBase-input MuiOutlinedInput-input MuiInputBase-inputSizeSmall css-1pzfmz2-MuiInputBase-input-MuiOutlinedInput-input\"\u001b[39m\n                    \u001b[33mdata-testid\u001b[39m=\u001b[32m\"message-input\"\u001b[39m\n                    \u001b[33mid\u001b[39m=\u001b[32m\":rd:\"\u001b[39m\n                    \u001b[33mplaceholder\u001b[39m=\u001b[32m\"Type your message...\"\u001b[39m\n                    \u001b[33mtype\u001b[39m=\u001b[32m\"text\"\u001b[39m\n                    \u001b[33mvalue\u001b[39m=\u001b[32m\"\"\u001b[39m\n                  \u001b[36m/>\u001b[39m\n                  \u001b[36m<fieldset\u001b[39m\n                    \u001b[33maria-hidden\u001b[39m=\u001b[32m\"true\"\u001b[39m\n                    \u001b[33mclass\u001b[39m=\u001b[32m\"MuiOutlinedInput-notchedOutline css-1ll44ll-MuiOutlinedInput-notchedOutline\"\u001b[39m\n                  \u001b[36m>\u001b[39m\n                    \u001b[36m<legend\u001b[39m\n                      \u001b[33mclass\u001b[39m=\u001b[32m\"css-w4cd9x\"\u001b[39m\n                    \u001b[36m>\u001b[39m\n                      \u001b[36m<span\u001b[39m\n                        \u001b[33maria-hidden\u001b[39m=\u001b[32m\"true\"\u001b[39m\n                        \u001b[33mclass\u001b[39m=\u001b[32m\"notranslate\"\u001b[39m\n                      \u001b[36m>\u001b[39m\n                        \u001b[0m​\u001b[0m\n                      \u001b[36m</span>\u001b[39m\n                    \u001b[36m</legend>\u001b[39m\n                  \u001b[36m</fieldset>\u001b[39m\n                \u001b[36m</div>\u001b[39m\n              \u001b[36m</div>\u001b[39m\n              \u001b[36m<button\u001b[39m\n                \u001b[33mclass\u001b[39m=\u001b[32m\"MuiButtonBase-root MuiButton-root MuiButton-contained MuiButton-containedPrimary MuiButton-sizeMedium MuiButton-containedSizeMedium MuiButton-colorPrimary Mui-disabled MuiButton-root MuiButton-contained MuiButton-containedPrimary MuiButton-sizeMedium MuiButton-containedSizeMedium MuiButton-colorPrimary css-qpzadz-MuiButtonBase-root-MuiButton-root\"\u001b[39m\n                \u001b[33mdata-testid\u001b[39m=\u001b[32m\"send-button\"\u001b[39m\n                \u001b[33mdisabled\u001b[39m=\u001b[32m\"\"\u001b[39m\n                \u001b[33mtabindex\u001b[39m=\u001b[32m\"-1\"\u001b[39m\n                \u001b[33mtype\u001b[39m=\u001b[32m\"button\"\u001b[39m\n              \u001b[36m>\u001b[39m\n                \u001b[0mSend\u001b[0m\n              \u001b[36m</button>\u001b[39m\n            \u001b[36m</div>\u001b[39m\n          \u001b[36m</div>\u001b[39m\n        \u001b[36m</div>\u001b[39m\n        \u001b[36m<div\u001b[39m\n          \u001b[33mclass\u001b[39m=\u001b[32m\"MuiBox-root css-ulsea5\"\u001b[39m\n        \u001b[36m>\u001b[39m\n          \u001b[36m<div\u001b[39m\n            \u001b[33mclass\u001b[39m=\u001b[32m\"MuiPaper-root MuiPaper-elevation MuiPaper-rounded MuiPaper-elevation0 css-tsxel5-MuiPaper-root\"\u001b[39m\n            \u001b[33mstyle\u001b[39m=\u001b[32m\"--Paper-shadow: none;\"\u001b[39m\n          \u001b[36m>\u001b[39m\n            \u001b[36m<div\u001b[39m\n              \u001b[33mclass\u001b[39m=\u001b[32m\"MuiBox-root css-314jx\"\u001b[39m\n            \u001b[36m>\u001b[39m\n              \u001b[36m<svg\u001b[39m\n                \u001b[33maria-hidden\u001b[39m=\u001b[32m\"true\"\u001b[39m\n                \u001b[33mclass\u001b[39m=\u001b[32m\"MuiSvgIcon-root MuiSvgIcon-fontSizeMedium css-1ynj85z-MuiSvgIcon-root\"\u001b[39m\n                \u001b[33mdata-testid\u001b[39m=\u001b[32m\"RestaurantMenuIcon\"\u001b[39m\n                \u001b[33mfocusable\u001b[39m=\u001b[32m\"false\"\u001b[39m\n                \u001b[33mviewBox\u001b[39m=\u001b[32m\"0 0 24 24\"\u001b[39m\n              \u001b[36m>\u001b[39m\n                \u001b[36m<path\u001b[39m\n                  \u001b[33md\u001b[39m=\u001b[32m\"m8.1 13.34 2.83-2.83L3.91 3.5c-1.56 1.56-1.56 4.09 0 5.66zm6.78-1.81c1.53.71 3.68.21 5.27-1.38 1.91-1.91 2.28-4.65.81-6.12-1.46-1.46-4.2-1.1-6.12.81-1.59 1.59-2.09 3.74-1.38 5.27L3.7 19.87l1.41 1.41L12 14.41l6.88 6.88 1.41-1.41L13.41 13z\"\u001b[39m\n                \u001b[36m/>\u001b[39m\n              \u001b[36m</svg>\u001b[39m\n              \u001b[36m<h6\u001b[39m\n                \u001b[33mclass\u001b[39m=\u001b[32m\"MuiTypography-root MuiTypography-h6 css-gt8k4n-MuiTypography-root\"\u001b[39m\n              \u001b[36m>\u001b[39m\n                \u001b[0mNo meal plan generated yet\u001b[0m\n              \u001b[36m</h6>\u001b[39m\n              \u001b[36m<p\u001b[39m\n                \u001b[33mclass\u001b[39m=\u001b[32m\"MuiTypography-root MuiTypography-body2 css-10dkpp0-MuiTypography-root\"\u001b[39m\n              \u001b[36m>\u001b[39m\n                \u001b[0mStart a conversation with the assistant to generate a personalized meal plan.\u001b[0m\n              \u001b[36m</p>\u001b[39m\n            \u001b[36m</div>\u001b[39m\n          \u001b[36m</div>\u001b[39m\n        \u001b[36m</div>\u001b[39m\n      \u001b[36m</div>\u001b[39m\n    \u001b[36m</div>\u001b[39m\n  \u001b[36m</div>\u001b[39m\n\u001b[36m</body>\u001b[39m\n    at waitForWrapper (/Users/bradcarter/Documents/Dev/meal-planner/node_modules/@testing-library/dom/dist/wait-for.js:163:27)\n    at Object.<anonymous> (/Users/bradcarter/Documents/Dev/meal-planner/typescript/ui/src/AgentPage.test.tsx:164:16)\n    at Promise.then.completed (/Users/bradcarter/Documents/Dev/meal-planner/node_modules/react-scripts/node_modules/jest-circus/build/utils.js:391:28)\n    at new Promise (<anonymous>)\n    at callAsyncCircusFn (/Users/bradcarter/Documents/Dev/meal-planner/node_modules/react-scripts/node_modules/jest-circus/build/utils.js:316:10)\n    at _callCircusTest (/Users/bradcarter/Documents/Dev/meal-planner/node_modules/react-scripts/node_modules/jest-circus/build/run.js:218:40)\n    at _runTest (/Users/bradcarter/Documents/Dev/meal-planner/node_modules/react-scripts/node_modules/jest-circus/build/run.js:155:3)\n    at _runTestsForDescribeBlock (/Users/bradcarter/Documents/Dev/meal-planner/node_modules/react-scripts/node_modules/jest-circus/build/run.js:66:9)\n    at run (/Users/bradcarter/Documents/Dev/meal-planner/node_modules/react-scripts/node_modules/jest-circus/build/run.js:25:3)\n    at runAndTransformResultsToJestFormat (/Users/bradcarter/Documents/Dev/meal-planner/node_modules/react-scripts/node_modules/jest-circus/build/legacy-code-todo-rewrite/jestAdapterInit.js:170:21)\n    at jestAdapter (/Users/bradcarter/Documents/Dev/meal-planner/node_modules/react-scripts/node_modules/jest-circus/build/legacy-code-todo-rewrite/jestAdapter.js:82:19)\n    at runTestInternal (/Users/bradcarter/Documents/Dev/meal-planner/node_modules/react-scripts/node_modules/jest-runner/build/runTest.js:389:16)\n    at runTest (/Users/bradcarter/Documents/Dev/meal-planner/node_modules/react-scripts/node_modules/jest-runner/build/runTest.js:475:34)\n    at Object.worker (/Users/bradcarter/Documents/Dev/meal-planner/node_modules/react-scripts/node_modules/jest-runner/build/testWorker.js:133:12)"],"fullName":"starts a new session","location":null,"status":"failed","title":"starts a new session"},{"ancestorTitles":[],"failureMessages":["Error: \u001b[2mexpect(\u001b[22m\u001b[31mjest.fn()\u001b[39m\u001b[2m).\u001b[22mtoHaveBeenCalledTimes\u001b[2m(\u001b[22m\u001b[32mexpected\u001b[39m\u001b[2m)\u001b[22m\n\nExpected number of calls: \u001b[32m2\u001b[39m\nReceived number of calls: \u001b[31m1\u001b[39m\n\nIgnored nodes: comments, script, style\n\u001b[36m<html>\u001b[39m\n  \u001b[36m<head>\u001b[39m\n    \u001b[36m<meta\u001b[39m\n      \u001b[33mcontent\u001b[39m=\u001b[32m\"\"\u001b[39m\n      \u001b[33mname\u001b[39m=\u001b[32m\"emotion-insertion-point\"\u001b[39m\n    \u001b[36m/>\u001b[39m\n  \u001b[36m</head>\u001b[39m\n  \u001b[36m<body>\u001b[39m\n    \u001b[36m<div>\u001b[39m\n      \u001b[36m<div\u001b[39m\n        \u001b[33mclass\u001b[39m=\u001b[32m\"MuiBox-root css-zf0iqh\"\u001b[39m\n      \u001b[36m>\u001b[39m\n        \u001b[36m<header\u001b[39m\n          \u001b[33mclass\u001b[39m=\u001b[32m\"MuiPaper-root MuiPaper-elevation MuiPaper-elevation0 MuiAppBar-root MuiAppBar-colorPrimary MuiAppBar-positionStatic css-11xxw5a-MuiPaper-root-MuiAppBar-root\"\u001b[39m\n          \u001b[33mstyle\u001b[39m=\u001b[32m\"--Paper-shadow: none;\"\u001b[39m\n        \u001b[36m>\u001b[39m\n          \u001b[36m<div\u001b[39m\n            \u001b[33mclass\u001b[39m=\u001b[32m\"MuiToolbar-root MuiToolbar-gutters MuiToolbar-regular css-1ygil4i-MuiToolbar-root\"\u001b[39m\n          \u001b[36m>\u001b[39m\n            \u001b[36m<svg\u001b[39m\n              \u001b[33maria-hidden\u001b[39m=\u001b[32m\"true\"\u001b[39m\n              \u001b[33mclass\u001b[39m=\u001b[32m\"MuiSvgIcon-root MuiSvgIcon-fontSizeMedium css-145h4gc-MuiSvgIcon-root\"\u001b[39m\n              \u001b[33mdata-testid\u001b[39m=\u001b[32m\"RestaurantMenuIcon\"\u001b[39m\n              \u001b[33mfocusable\u001b[39m=\u001b[32m\"false\"\u001b[39m\n              \u001b[33mviewBox\u001b[39m=\u001b[32m\"0 0 24 24\"\u001b[39m\n            \u001b[36m>\u001b[39m\n              \u001b[36m<path\u001b[39m\n                \u001b[33md\u001b[39m=\u001b[32m\"m8.1 13.34 2.83-2.83L3.91 3.5c-1.56 1.56-1.56 4.09 0 5.66zm6.78-1.81c1.53.71 3.68.21 5.27-1.38 1.91-1.91 2.28-4.65.81-6.12-1.46-1.46-4.2-1.1-6.12.81-1.59 1.59-2.09 3.74-1.38 5.27L3.7 19.87l1.41 1.41L12 14.41l6.88 6.88 1.41-1.41L13.41 13z\"\u001b[39m\n              \u001b[36m/>\u001b[39m\n            \u001b[36m</svg>\u001b[39m\n            \u001b[36m<div\u001b[39m\n              \u001b[33mclass\u001b[39m=\u001b[32m\"MuiTypography-root MuiTypography-h6 css-1bv5yfe-MuiTypography-root\"\u001b[39m\n            \u001b[36m>\u001b[39m\n              \u001b[0mMeal Planning Assistant\u001b[0m\n            \u001b[36m</div>\u001b[39m\n            \u001b[36m<button\u001b[39m\n              \u001b[33mclass\u001b[39m=\u001b[32m\"MuiButtonBase-root MuiButton-root MuiButton-text MuiButton-textInherit MuiButton-sizeMedium MuiButton-textSizeMedium MuiButton-colorInherit MuiButton-root MuiButton-text MuiButton-textInherit MuiButton-sizeMedium MuiButton-textSizeMedium MuiButton-colorInherit css-10y4jzc-MuiButtonBase-root-MuiButton-root\"\u001b[39m\n              \u001b[33mdata-testid\u001b[39m=\u001b[32m\"start-session\"\u001b[39m\n              \u001b[33mtabindex\u001b[39m=\u001b[32m\"0\"\u001b[39m\n              \u001b[33mtype\u001b[39m=\u001b[32m\"button\"\u001b[39m\n            \u001b[36m>\u001b[39m\n              \u001b[0mStart Session\u001b[0m\n            \u001b[36m</button>\u001b[39m\n          \u001b[36m</div>\u001b[39m\n        \u001b[36m</header>\u001b[39m\n        \u001b[36m<div\u001b[39m\n          \u001b[33mclass\u001b[39m=\u001b[32m\"MuiBox-root css-ftt3mk\"\u001b[39m\n        \u001b[36m>\u001b[39m\n          \u001b[36m<div\u001b[39m\n            \u001b[33mclass\u001b[39m=\u001b[32m\"MuiPaper-root MuiPaper-elevation MuiPaper-rounded MuiPaper-elevation0 css-kxpjez-MuiPaper-root\"\u001b[39m\n            \u001b[33mstyle\u001b[39m=\u001b[32m\"--Paper-shadow: none;\"\u001b[39m\n          \u001b[36m>\u001b[39m\n            \u001b[36m<div\u001b[39m\n              \u001b[33mclass\u001b[39m=\u001b[32m\"MuiBox-root css-p31hhx\"\u001b[39m\n              \u001b[33mdata-testid\u001b[39m=\u001b[32m\"chat-history\"\u001b[39m\n            \u001b[36m>\u001b[39m\n              \u001b[36m<div\u001b[39m\n                \u001b[33mclass\u001b[39m=\u001b[32m\"MuiBox-root css-314jx\"\u001b[39m\n              \u001b[36m>\u001b[39m\n                \u001b[36m<svg\u001b[39m\n                  \u001b[33maria-hidden\u001b[39m=\u001b[32m\"true\"\u001b[39m\n                  \u001b[33mclass\u001b[39m=\u001b[32m\"MuiSvgIcon-root MuiSvgIcon-fontSizeMedium css-1ynj85z-MuiSvgIcon-root\"\u001b[39m\n                  \u001b[33mdata-testid\u001b[39m=\u001b[32m\"RestaurantMenuIcon\"\u001b[39m\n                  \u001b[33mfocusable\u001b[39m=\u001b[32m\"false\"\u001b[39m\n                  \u001b[33mviewBox\u001b[39m=\u001b[32m\"0 0 24 24\"\u001b[39m\n                \u001b[36m>\u001b[39m\n                  \u001b[36m<path\u001b[39m\n                    \u001b[33md\u001b[39m=\u001b[32m\"m8.1 13.34 2.83-2.83L3.91 3.5c-1.56 1.56-1.56 4.09 0 5.66zm6.78-1.81c1.53.71 3.68.21 5.27-1.38 1.91-1.91 2.28-4.65.81-6.12-1.46-1.46-4.2-1.1-6.12.81-1.59 1.59-2.09 3.74-1.38 5.27L3.7 19.87l1.41 1.41L12 14.41l6.88 6.88 1.41-1.41L13.41 13z\"\u001b[39m\n                  \u001b[36m/>\u001b[39m\n                \u001b[36m</svg>\u001b[39m\n                \u001b[36m<h6\u001b[39m\n                  \u001b[33mclass\u001b[39m=\u001b[32m\"MuiTypography-root MuiTypography-h6 css-gt8k4n-MuiTypography-root\"\u001b[39m\n                \u001b[36m>\u001b[39m\n                  \u001b[0mWelcome to Meal Planning Assistant\u001b[0m\n                \u001b[36m</h6>\u001b[39m\n                \u001b[36m<p\u001b[39m\n                  \u001b[33mclass\u001b[39m=\u001b[32m\
[...]
                  \u001b[36m</div>\u001b[39m\n                \u001b[36m</div>\u001b[39m\n              \u001b[36m</div>\u001b[39m\n              \u001b[36m<div\u001b[39m\n                \u001b[33mclass\u001b[39m=\u001b[32m\"MuiBox-root css-ulsea5\"\u001b[39m\n              \u001b[36m>\u001b[39m\n                \u001b[36m<div\u001b[39m\n                  \u001b[33mclass\u001b[39m=\u001b[32m\"MuiPaper-root MuiPaper-elevation MuiPaper-rounded MuiPaper-elevation0 css-tsxel5-MuiPaper-root\"\u001b[39m\n                  \u001b[33mstyle\u001b[39m=\u001b[32m\"--Paper-shadow: none;\"\u001b[39m\n                \u001b[36m>\u001b[39m\n                  \u001b[36m<div\u001b[39m\n                    \u001b[33mclass\u001b[39m=\u001b[32m\"MuiBox-root css-314jx\"\u001b[39m\n                  \u001b[36m>\u001b[39m\n                    \u001b[36m<svg\u001b[39m\n                      \u001b[33maria-hidden\u001b[39m=\u001b[32m\"true\"\u001b[39m\n                      \u001b[33mclass\u001b[39m=\u001b[32m\"MuiSvgIcon-root MuiSvgIcon-fontSizeMedium css-1ynj85z-MuiSvgIcon-root\"\u001b[39m\n                      \u001b[33mdata-testid\u001b[39m=\u001b[32m\"RestaurantMenuIcon\"\u001b[39m\n                      \u001b[33mfocusable\u001b[39m=\u001b[32m\"false\"\u001b[39m\n                      \u001b[33mviewBox\u001b[39m=\u001b[32m\"0 0 24 24\"\u001b[39m\n                    \u001b[36m>\u001b[39m\n                      \u001b[36m<path\u001b[39m\n                        \u001b[33md\u001b[39m=\u001b[32m\"m8.1 13.34 2.83-2.83L3.91 3.5c-1.56 1.56-1.56 4.09 0 5.66zm6.78-1.81c1.53.71 3.68.21 5.27-1.38 1.91-1.91 2.28-4.65.81-6.12-1.46-1.46-4.2-1.1-6.12.81-1.59 1.59-2.09 3.74-1.38 5.27L3.7 19.87l1.41 1.41L12 14.41l6.88 6.88 1.41-1.41L13.41 13z\"\u001b[39m\n                      \u001b[36m/>\u001b[39m\n                    \u001b[36m</svg>\u001b[39m\n                    \u001b[36m<h6\u001b[39m\n                      \u001b[33mclass\u001b[39m=\u001b[32m\"MuiTypography-root MuiTypography-h6 css-gt8k4n-MuiTypography-root\"\u001b[39m\n                    \u001b[36m>\u001b[39m\n                      \u001b[0mNo meal plan generated yet\u001b[0m\n                    \u001b[36m</h6>\u001b[39m\n                    \u001b[36m<p\u001b[39m\n                      \u001b[33mclass\u001b[39m=\u001b[32m\"MuiTypography-root MuiTypography-body2 css-10dkpp0-MuiTypography-root\"\u001b[39m\n                    \u001b[36m>\u001b[39m\n                      \u001b[0mStart a conversation with the assistant to generate a personalized meal plan.\u001b[0m\n                    \u001b[36m</p>\u001b[39m\n                  \u001b[36m</div>\u001b[39m\n                \u001b[36m</div>\u001b[39m\n              \u001b[36m</div>\u001b[39m\n            \u001b[36m</div>\u001b[39m\n          \u001b[36m</div>\u001b[39m\n        \u001b[36m</div>\u001b[39m\n      \u001b[36m</body>\u001b[39m\n    \u001b[36m</html>\u001b[39m\n\u001b[2m\u001b[22m\n\u001b[2m    \u001b[0m \u001b[90m 222 |\u001b[39m   })\u001b[33m;\u001b[39m\u001b[22m\n\u001b[2m     \u001b[90m 223 |\u001b[39m\u001b[22m\n\u001b[2m    \u001b[31m\u001b[1m>\u001b[22m\u001b[2m\u001b[39m\u001b[90m 224 |\u001b[39m   \u001b[36mawait\u001b[39m waitFor(() \u001b[33m=>\u001b[39m expect(global\u001b[33m.\u001b[39mfetch)\u001b[33m.\u001b[39mtoHaveBeenCalledTimes(\u001b[35m2\u001b[39m))\u001b[33m;\u001b[39m\u001b[22m\n\u001b[2m     \u001b[90m     |\u001b[39m                                            \u001b[31m\u001b[1m^\u001b[22m\u001b[2m\u001b[39m\u001b[22m\n\u001b[2m     \u001b[90m 225 |\u001b[39m })\u001b[33m;\u001b[39m\u001b[22m\n\u001b[2m     \u001b[90m 226 |\u001b[39m\u001b[22m\n\u001b[2m     \u001b[90m 227 |\u001b[39m test(\u001b[32m'highlights changed meal plan entries'\u001b[39m\u001b[33m,\u001b[39m \u001b[36masync\u001b[39m () \u001b[33m=>\u001b[39m {\u001b[0m\u001b[22m\n\u001b[2m\u001b[22m\n\u001b[2m      \u001b[2mat \u001b[22m\u001b[2m\u001b[0m\u001b[36msrc/AgentPage.test.tsx\u001b[39m\u001b[0m\u001b[2m:224:44\u001b[22m\u001b[2m\u001b[22m\n\u001b[2m      \u001b[2mat runWithExpensiveErrorDiagnosticsDisabled (\u001b[22m\u001b[2m../../node_modules/@testing-library/dom/dist/config.js\u001b[2m:47:12)\u001b[22m\u001b[2m\u001b[22m\n\u001b[2m      \u001b[2mat checkCallback (\u001b[22m\u001b[2m../../node_modules/@testing-library/dom/dist/wait-for.js\u001b[2m:124:77)\u001b[22m\u001b[2m\u001b[22m\n\u001b[2m      \u001b[2mat checkRealTimersCallback (\u001b[22m\u001b[2m../../node_modules/@testing-library/dom/dist/wait-for.js\u001b[2m:118:16)\u001b[22m\u001b[2m\u001b[22m\n\u001b[2m      \u001b[2mat Timeout.task [as _onTimeout] (\u001b[22m\u001b[2m../../node_modules/jsdom/lib/jsdom/browser/Window.js\u001b[2m:516:19)\u001b[22m\u001b[2m\u001b[22m\n\n\u001b[1m\u001b[31m  \u001b[1m● \u001b[22m\u001b[1mhighlights changed meal plan entries\u001b[39m\u001b[22m\n\n    Unable to find an element by: [data-testid=\"meal-plan-table\"]\n\n    Ignored nodes: comments, script, style\n    \u001b[36m<body>\u001b[39m\n      \u001b[36m<div>\u001b[39m\n        \u001b[36m<div\u001b[39m\n          \u001b[33mclass\u001b[39m=\u001b[32m\"MuiBox-root css-zf0iqh\"\u001b[39m\n        \u001b[36m>\u001b[39m\n          \u001b[36m<header\u001b[39m\n            \u001b[33mclass\u001b[39m=\u001b[32m\"MuiPaper-root MuiPaper-elevation MuiPaper-elevation0 MuiAppBar-root MuiAppBar-colorPrimary MuiAppBar-positionStatic css-11xxw5a-MuiPaper-root-MuiAppBar-root\"\u001b[39m\n            \u001b[33mstyle\u001b[39m=\u001b[32m\"--Paper-shadow: none;\"\u001b[39m\n          \u001b[36m>\u001b[39m\n            \u001b[36m<div\u001b[39m\n              \u001b[33mclass\u001b[39m=\u001b[32m\"MuiToolbar-root MuiToolbar-gutters MuiToolbar-regular css-1ygil4i-MuiToolbar-root\"\u001b[39m\n            \u001b[36m>\u001b[39m\n              \u001b[36m<svg\u001b[39m\n                \u001b[33maria-hidden\u001b[39m=\u001b[32m\"true\"\u001b[39m\n                \u001b[33mclass\u001b[39m=\u001b[32m\"MuiSvgIcon-root MuiSvgIcon-fontSizeMedium css-145h4gc-MuiSvgIcon-root\"\u001b[39m\n                \u001b[33mdata-testid\u001b[39m=\u001b[32m\"RestaurantMenuIcon\"\u001b[39m\n                \u001b[33mfocusable\u001b[39m=\u001b[32m\"false\"\u001b[39m\n                \u001b[33mviewBox\u001b[39m=\u001b[32m\"0 0 24 24\"\u001b[39m\n              \u001b[36m>\u001b[39m\n                \u001b[36m<path\u001b[39m\n                  \u001b[33md\u001b[39m=\u001b[32m\"m8.1 13.34 2.83-2.83L3.91 3.5c-1.56 1.56-1.56 4.09 0 5.66zm6.78-1.81c1.53.71 3.68.21 5.27-1.38 1.91-1.91 2.28-4.65.81-6.12-1.46-1.46-4.2-1.1-6.12.81-1.59 1.59-2.09 3.74-1.38 5.27L3.7 19.87l1.41 1.41L12 14.41l6.88 6.88 1.41-1.41L13.41 13z\"\u001b[39m\n                \u001b[36m/>\u001b[39m\n              \u001b[36m</svg>\u001b[39m\n              \u001b[36m<div\u001b[39m\n                \u001b[33mclass\u001b[39m=\u001b[32m\"MuiTypography-root MuiTypography-h6 css-1bv5yfe-MuiTypography-root\"\u001b[39m\n              \u001b[36m>\u001b[39m\n                \u001b[0mMeal Planning Assistant\u001b[0m\n              \u001b[36m</div>\u001b[39m\n              \u001b[36m<button\u001b[39m\n                \u001b[33mclass\u001b[39m=\u001b[32m\"MuiButtonBase-root MuiButton-root MuiButton-text MuiButton-textInherit MuiButton-sizeMedium MuiButton-textSizeMedium MuiButton-colorInherit MuiButton-root MuiButton-text MuiButton-textInherit MuiButton-sizeMedium MuiButton-textSizeMedium MuiButton-colorInherit css-10y4jzc-MuiButtonBase-root-MuiButton-root\"\u001b[39m\n                \u001b[33mdata-testid\u001b[39m=\u001b[32m\"start-session\"\u001b[39m\n                \u001b[33mtabindex\u001b[39m=\u001b[32m\"0\"\u001b[39m\n                \u001b[33mtype\u001b[39m=\u001b[32m\"button\"\u001b[39m\n              \u001b[36m>\u001b[39m\n                \u001b[0mStart Session\u001b[0m\n              \u001b[36m</button>\u001b[39m\n            \u001b[36m</div>\u001b[39m\n          \u001b[36m</header>\u001b[39m\n          \u001b[36m<div\u001b[39m\n            \u001b[33mclass\u001b[39m=\u001b[32m\"MuiBox-root css-ftt3mk\"\u001b[39m\n          \u001b[36m>\u001b[39m\n            \u001b[36m<div\u001b[39m\n              \u001b[33mclass\u001b[39m=\u001b[32m\"MuiPaper-root MuiPaper-elevation MuiPaper-rounded MuiPaper-elevation0 css-kxpjez-MuiPaper-root\"\u001b[39m\n              \u001b[33mstyle\u001b[39m=\u001b[32m\"--Paper-shadow: none;\"\u001b[39m\n            \u001b[36m>\u001b[39m\n              \u001b[36m<div\u001b[39m\n                \u001b[33mclass\u001b[39m=\u001b[32m\"MuiBox-root css-p31hhx\"\u001b[39m\n                \u001b[33mdata-testid\u001b[39m=\u001b[32m\"chat-history\"\u001b[39m\n              \u001b[36m>\u001b[39m\n                \u001b[36m<div\u001b[39m\n                  \u001b[33mclass\u001b[39m=\u001b[32m\"MuiBox-root css-314jx\"\u001b[39m\n                \u001b[36m>\u001b[39m\n                  \u001b[36m<svg\u001b[39m\n                    \u001b[33maria-hidden\u001b[39m=\u001b[32m\"true\"\u001b[39m\n                    \u001b[33mclass\u001b[39m=\u001b[32m\"MuiSvgIcon-root MuiSvgIcon-fontSizeMedium css-1ynj85z-MuiSvgIcon-root\"\u001b[39m\n                    \u001b[33mdata-testid\u001b[39m=\u001b[32m\"RestaurantMenuIcon\"\u001b[39m\n                    \u001b[33mfocusable\u001b[39m=\u001b[32m\"false\"\u001b[39m\n                    \u001b[33mviewBox\u001b[39m=\u001b[32m\"0 0 24 24\"\u001b[39m\n                  \u001b[36m>\u001b[39m\n                    \u001b[36m<path\u001b[39m\n                      \u001b[33md\u001b[39m=\u001b[32m\"m8.1 13.34 2.83-2.83L3.91 3.5c-1.56 1.56-1.56 4.09 0 5.66zm6.78-1.81c1.53.71 3.68.21 5.27-1.38 1.91-1.91 2.28-4.65.81-6.12-1.46-1.46-4.2-1.1-6.12.81-1.59 1.59-2.09 3.74-1.38 5.27L3.7 19.87l1.41 1.41L12 14.41l6.88 6.88 1.41-1.41L13.41 13z\"\u001b[39m\n                    \u001b[36m/>\u001b[39m\n                  \u001b[36m</svg>\u001b[39m\n                  \u001b[36m<h6\u001b[39m\n                    \u001b[33mclass\u001b[39m=\u001b[32m\"MuiTypography-root MuiTypography-h6 css-gt8k4n-MuiTypography-root\"\u001b[39m\n                  \u001b[36m>\u001b[39m\n                    \u001b[0mWelcome to Meal Planning Assistant\u001b[0m\n                  \u001b[36m</h6>\u001b[39m\n                  \u001b[36m<p\u001b[39m\n                    \u001b[33mclass\u001b[39m=\u001b[32m\"MuiTypography-root MuiTypography-body2 css-10dkpp0-MuiTypography-root\"\u001b[39m\n                  \u001b[36m>\u001b[39m\n                    \u001b[0mStart by telling me about your dietary preferences, and I'll help you create a personalized meal plan.\u001b[0m\n                  \u001b[36m</p>\u001b[39m\n                \u001b[36m</div>\u001b[39m\n              \u001b[36m</div>\u001b[39m\n              \u001b[36m<div\u001b[39m\n                \u001b[33mclass\u001b[39m=\u001b[32m\"MuiBox-root css-181xiwo\"\u001b[39m\n              \u001b[36m>\u001b[39m\n                \u001b[36m<div\u001b[39m\n                  \u001b[33mclass\u001b[39m=\u001b[32m\"MuiBox-root css-1i27l4i\"\u001b[39m\n                \u001b[36m>\u001b[39m\n                  \u001b[36m<div\u001b[39m\n                    \u001b[33mclass\u001b[39m=\u001b[32m\"MuiFormControl-root MuiFormControl-fullWidth MuiTextField-root css-cmpglg-MuiFormControl-root-MuiTextField-root\"\u001b[39m\n                  \u001b[36m>\u001b[39m\n                    \u001b[36m<div\u001b[39m\n                      \u001b[33mclass\u001b[39m=\u001b[32m\"MuiInputBase-root MuiOutlinedInput-root MuiInputBase-colorPrimary MuiInputBase-fullWidth MuiInputBase-formControl MuiInputBase-sizeSmall css-1vh770z-MuiInputBase-root-MuiOutlinedInput-root\"\u001b[39m\n                    \u001b[36m>\u001b[39m\n                      \u001b[36m<input\u001b[39m\n                        \u001b[33maria-invalid\u001b[39m=\u001b[32m\"false\"\u001b[39m\n                        \u001b[33mclass\u001b[39m=\u001b[32m\"MuiInputBase-input MuiOutlinedInput-input MuiInputBase-inputSizeSmall css-1pzfmz2-MuiInputBase-input-MuiOutlinedInput-input\"\u001b[39m\n                        \u001b[33mdata-testid\u001b[39m=\u001b[32m\"message-input\"\u001b[39m\n                        \u001b[33mid\u001b[39m=\u001b[32m\":rm:\"\u001b[39m\n                        \u001b[33mplaceholder\u001b[39m=\u001b[32m\"Type your message...\"\u001b[39m\n                        \u001b[33mtype\u001b[39m=\u001b[32m\"text\"\u001b[39m\n                        \u001b[33mvalue\u001b[39m=\u001b[32m\"\"\u001b[39m\n                      \u001b[36m/>\u001b[39m\n                      \u001b[36m<fieldset\u001b[39m\n                        \u001b[33maria-hidden\u001b[39m=\u001b[32m\"true\"\u001b[39m\n                        \u001b[33mclass\u001b[39m=\u001b[32m\"MuiOutlinedInput-notchedOutline css-1ll44ll-MuiOutlinedInput-notchedOutline\"\u001b[39m\n                      \u001b[36m>\u001b[39m\n                        \u001b[36m<legend\u001b[39m\n                          \u001b[33mclass\u001b[39m=\u001b[32m\"css-w4cd9x\"\u001b[39m\n                        \u001b[36m>\u001b[39m\n                          \u001b[36m<span\u001b[39m\n                            \u001b[33maria-hidden\u001b[39m=\u001b[32m\"true\"\u001b[39m\n                            \u001b[33mclass\u001b[39m=\u001b[32m\"notranslate\"\u001b[39m\n                          \u001b[36m>\u001b[39m\n                            \u001b[0m​\u001b[0m\n                          \u001b[36m</span>\u001b[39m\n                        \u001b[36m</legend>\u001b[39m\n                      \u001b[36m</fieldset>\u001b[39m\n                    \u001b[36m</div>\u001b[39m\n                  \u001b[36m</div>\u001b[39m\n                  \u001b[36m<button\u001b[39m\n                    \u001b[33mclass\u001b[39m=\u001b[32m\"MuiButtonBase-root MuiButton-root MuiButton-contained MuiButton-containedPrimary MuiButton-sizeMedium MuiButton-containedSizeMedium MuiButton-colorPrimary Mui-disabled MuiButton-root MuiButton-contained MuiButton-containedPrimary MuiButton-sizeMedium MuiButton-containedSizeMedium MuiButton-colorPrimary css-qpzadz-MuiButtonBase-root-MuiButton-root\"\u001b[39m\n                    \u001b[33mdata-testid\u001b[39m=\u001b[32m\"send-button\"\u001b[39m\n                    \u001b[33mdisabled\u001b[39m=\u001b[32m\"\"\u001b[39m\n                    \u001b[33mtabindex\u001b[39m=\u001b[32m\"-1\"\u001b[39m\n                    \u001b[33mtype\u001b[39m=\u001b[32m\"button\"\u001b[39m\n                  \u001b[36m>\u001b[39m\n                    \u001b[0mSend\u001b[0m\n                  \u001b[36m</button>\u001b[39m\n                \u001b[36m</div>\u001b[39m\n              \u001b[36m</div>\u001b[39m\n            \u001b[36m</div>\u001b[39m\n            \u001b[36m<div\u001b[39m\n              \u001b[33mclass\u001b[39m=\u001b[32m\"MuiBox-root css-ulsea5\"\u001b[39m\n            \u001b[36m>\u001b[39m\n              \u001b[36m<div\u001b[39m\n                \u001b[33mclass\u001b[39m=\u001b[32m\"MuiPaper-root MuiPaper-elevation MuiPaper-rounded MuiPaper-elevation0 css-tsxel5-MuiPaper-root\"\u001b[39m\n                \u001b[33mstyle\u001b[39m=\u001b[32m\"--Paper-shadow: none;\"\u001b[39m\n              \u001b[36m>\u001b[39m\n                \u001b[36m<div\u001b[39m\n                  \u001b[33mclass\u001b[39m=\u001b[32m\"MuiBox-root css-314jx\"\u001b[39m\n                \u001b[36m>\u001b[39m\n                  \u001b[36m<svg\u001b[39m\n                    \u001b[33maria-hidden\u001b[39m=\u001b[32m\"true\"\u001b[39m\n                    \u001b[33mclass\u001b[39m=\u001b[32m\"MuiSvgIcon-root MuiSvgIcon-fontSizeMedium css-1ynj85z-MuiSvgIcon-root\"\u001b[39m\n                    \u001b[33mdata-testid\u001b[39m=\u001b[32m\"RestaurantMenuIcon\"\u001b[39m\n                    \u001b[33mfocusable\u001b[39m=\u001b[32m\"false\"\u001b[39m\n                    \u001b[33mviewBox\u001b[39m=\u001b[32m\"0 0 24 24\"\u001b[39m\n                  \u001b[36m>\u001b[39m\n                    \u001b[36m<path\u001b[39m\n                      \u001b[33md\u001b[39m=\u001b[32m\"m8.1 13.34 2.83-2.83L3.91 3.5c-1.56 1.56-1.56 4.09 0 5.66zm6.78-1.81c1.53.71 3.68.21 5.27-1.38 1.91-1.91 2.28-4.65.81-6.12-1.46-1.46-4.2-1.1-6.12.81-1.59 1.59-2.09 3.74-1.38 5.27L3.7 19.87l1.41 1.41L12 14.41l6.88 6.88 1.41-1.41L13.41 13z\"\u001b[39m\n                    \u001b[36m/>\u001b[39m\n                  \u001b[36m</svg>\u001b[39m\n                  \u001b[36m<h6\u001b[39m\n                    \u001b[33mclass\u001b[39m=\u001b[32m\"MuiTypography-root MuiTypography-h6 css-gt8k4n-MuiTypography-root\"\u001b[39m\n                  \u001b[36m>\u001b[39m\n                    \u001b[0mNo meal plan generated yet\u001b[0m\n                  \u001b[36m</h6>\u001b[39m\n                  \u001b[36m<p\u001b[39m\n                    \u001b[33mclass\u001b[39m=\u001b[32m\"MuiTypography-root MuiTypography-body2 css-10dkpp0-MuiTypography-root\"\u001b[39m\n                  \u001b[36m>\u001b[39m\n                    \u001b[0mStart a conversation with the assistant to generate a personalized meal plan.\u001b[0m\n                  \u001b[36m</p>\u001b[39m\n                \u001b[36m</div>\u001b[39m\n              \u001b[36m</div>\u001b[39m\n            \u001b[36m</div>\u001b[39m\n          \u001b[36m</div>\u001b[39m\n        \u001b[36m</div>\u001b[39m\n      \u001b[36m</div>\u001b[39m\n    \u001b[36m</body>\u001b[39m\n\u001b[2m\u001b[22m\n\u001b[2m    \u001b[0m \u001b[90m 255 |\u001b[39m   fireEvent\u001b[33m.\u001b[39mclick(screen\u001b[33m.\u001b[39mgetByTestId(\u001b[32m'start-session'\u001b[39m))\u001b[33m;\u001b[39m\u001b[22m\n\u001b[2m     \u001b[90m 256 |\u001b[39m\u001b[22m\n\u001b[2m    \u001b[31m\u001b[1m>\u001b[22m\u001b[2m\u001b[39m\u001b[90m 257 |\u001b[39m   \u001b[36mawait\u001b[39m waitFor(() \u001b[33m=>\u001b[39m\u001b[22m\n\u001b[2m     \u001b[90m     |\u001b[39m                \u001b[31m\u001b[1m^\u001b[22m\u001b[2m\u001b[39m\u001b[22m\n\u001b[2m     \u001b[90m 258 |\u001b[39m     expect(screen\u001b[33m.\u001b[39mgetByTestId(\u001b[32m'meal-plan-table'\u001b[39m))\u001b[33m.\u001b[39mtoBeInTheDocument()\u001b[33m,\u001b[39m\u001b[22m\n\u001b[2m     \u001b[90m 259 |\u001b[39m   )\u001b[33m;\u001b[39m\u001b[22m\n\u001b[2m     \u001b[90m 260 |\u001b[39m\u001b[0m\u001b[22m\n\u001b[2m\u001b[22m\n\u001b[2m      \u001b[2mat waitForWrapper (\u001b[22m\u001b[2m../../node_modules/@testing-library/dom/dist/wait-for.js\u001b[2m:163:27)\u001b[22m\u001b[2m\u001b[22m\n\u001b[2m      \u001b[2mat Object.<anonymous> (\u001b[22m\u001b[2m\u001b[0m\u001b[36msrc/AgentPage.test.tsx\u001b[39m\u001b[0m\u001b[2m:257:16)\u001b[22m\u001b[2m\u001b[22m\n\n\u001b[1m\u001b[31m  \u001b[1m● \u001b[22m\u001b[1mstartNewSession abandons existing workflow\u001b[39m\u001b[22m\n\n    \u001b[2mexpect(\u001b[22m\u001b[31mreceived\u001b[39m\u001b[2m).\u001b[22mtoBe\u001b[2m(\u001b[22m\u001b[32mexpected\u001b[39m\u001b[2m) // Object.is equality\u001b[22m\n\n    Expected: \u001b[32m\"new\"\u001b[39m\n    Received: \u001b[31mnull\u001b[39m\n\u001b[2m\u001b[22m\n\u001b[2m    \u001b[0m \u001b[90m 333 |\u001b[39m     expect\u001b[33m.\u001b[39many(\u001b[33mObject\u001b[39m)\u001b[33m,\u001b[39m\u001b[22m\n\u001b[2m     \u001b[90m 334 |\u001b[39m   )\u001b[33m;\u001b[39m\u001b[22m\n\u001b[2m    \u001b[31m\u001b[1m>\u001b[22m\u001b[2m\u001b[39m\u001b[90m 335 |\u001b[39m   expect(localStorage\u001b[33m.\u001b[39mgetItem(\u001b[32m'sessionId'\u001b[39m))\u001b[33m.\u001b[39mtoBe(\u001b[32m'new'\u001b[39m)\u001b[33m;\u001b[39m\u001b[22m\n\u001b[2m     \u001b[90m     |\u001b[39m                                             \u001b[31m\u001b[1m^\u001b[22m\u001b[2m\u001b[39m\u001b[22m\n\u001b[2m     \u001b[90m 336 |\u001b[39m })\u001b[33m;\u001b[39m\u001b[22m\n\u001b[2m     \u001b[90m 337 |\u001b[39m\u001b[0m\u001b[22m\n\u001b[2m\u001b[22m\n\u001b[2m      \u001b[2mat Object.<anonymous> (\u001b[22m\u001b[2m\u001b[0m\u001b[36msrc/AgentPage.test.tsx\u001b[39m\u001b[0m\u001b[2m:335:45)\u001b[22m\u001b[2m\u001b[22m\n","name":"/Users/bradcarter/Documents/Dev/meal-planner/typescript/ui/src/AgentPage.test.tsx","startTime":1751979568698,"status":"failed","summary":""}],"wasInterrupted":false}